Processed /work/richlab/azadmanesh/marm_bioinfo/ont_reads/trimmed/cm010//BUD-11-MGE-S206.fastq
Processed /work/richlab/azadmanesh/marm_bioinfo/ont_reads/trimmed/cm010//BUD-44-MGE-S192.fastq
Processed /work/richlab/azadmanesh/marm_bioinfo/ont_reads/trimmed/cm010//CHA-9-MGE-S204.fastq
Processed /work/richlab/azadmanesh/marm_bioinfo/ont_reads/trimmed/cm010//CM-NTC-010.fastq
Processed /work/richlab/azadmanesh/marm_bioinfo/ont_reads/trimmed/cm010//FRA-47-MGE-S195.fastq
Processed /work/richlab/azadmanesh/marm_bioinfo/ont_reads/trimmed/cm010//GIN-46-MGE-S194.fastq
Processed /work/richlab/azadmanesh/marm_bioinfo/ont_reads/trimmed/cm010//GIN-50-MGE-S202.fastq
Processed /work/richlab/azadmanesh/marm_bioinfo/ont_reads/trimmed/cm010//GRO-22-MGE-S189.fastq
Processed /work/richlab/azadmanesh/marm_bioinfo/ont_reads/trimmed/cm010//GRO-50-MGE-S201.fastq
Processed /work/richlab/azadmanesh/marm_bioinfo/ont_reads/trimmed/cm010//HAM-11-MGE-S205.fastq
Processed /work/richlab/azadmanesh/marm_bioinfo/ont_reads/trimmed/cm010//HAM-25-MGE-S190.fastq
Processed /work/richlab/azadmanesh/marm_bioinfo/ont_reads/trimmed/cm010//HEN-48-MGE-S198.fastq
Processed /work/richlab/azadmanesh/marm_bioinfo/ont_reads/trimmed/cm010//IRI-22-MGE-S188.fastq
Processed /work/richlab/azadmanesh/marm_bioinfo/ont_reads/trimmed/cm010//IVY-47-MGE-S196.fastq
Processed /work/richlab/azadmanesh/marm_bioinfo/ont_reads/trimmed/cm010//JAR-14-MGE-S207.fastq
Processed /work/richlab/azadmanesh/marm_bioinfo/ont_reads/trimmed/cm010//JAR-21-MGE-S185.fastq
Processed /work/richlab/azadmanesh/marm_bioinfo/ont_reads/trimmed/cm010//JOA-49-MGE-S200.fastq
Processed /work/richlab/azadmanesh/marm_bioinfo/ont_reads/trimmed/cm010//KOR-21-MGE-S187.fastq
Processed /work/richlab/azadmanesh/marm_bioinfo/ont_reads/trimmed/cm010//KOR-48-MGE-S197.fastq
Processed /work/richlab/azadmanesh/marm_bioinfo/ont_reads/trimmed/cm010//KUB-21-MGE-S186.fastq
Processed /work/richlab/azadmanesh/marm_bioinfo/ont_reads/trimmed/cm010//LAM-25-MGE-S191.fastq
Processed /work/richlab/azadmanesh/marm_bioinfo/ont_reads/trimmed/cm010//MAR-49-MGE-S199.fastq
Processed /work/richlab/azadmanesh/marm_bioinfo/ont_reads/trimmed/cm010//OPH-9-MGE-S203.fastq
Processed /work/richlab/azadmanesh/marm_bioinfo/ont_reads/trimmed/cm010//unclassified.fastq
Processed /work/richlab/azadmanesh/marm_bioinfo/ont_reads/trimmed/cm010//WOL-17-MGE-S193.fastq
Organized /work/richlab/azadmanesh/marm_bioinfo/ont_reads/filtered/cm010//BUD-11-MGE-S206.fastq
Organized /work/richlab/azadmanesh/marm_bioinfo/ont_reads/filtered/cm010//BUD-44-MGE-S192.fastq
Organized /work/richlab/azadmanesh/marm_bioinfo/ont_reads/filtered/cm010//CHA-9-MGE-S204.fastq
Organized /work/richlab/azadmanesh/marm_bioinfo/ont_reads/filtered/cm010//CM-NTC-010.fastq
Organized /work/richlab/azadmanesh/marm_bioinfo/ont_reads/filtered/cm010//FRA-47-MGE-S195.fastq
Organized /work/richlab/azadmanesh/marm_bioinfo/ont_reads/filtered/cm010//GIN-46-MGE-S194.fastq
Organized /work/richlab/azadmanesh/marm_bioinfo/ont_reads/filtered/cm010//GIN-50-MGE-S202.fastq
Organized /work/richlab/azadmanesh/marm_bioinfo/ont_reads/filtered/cm010//GRO-22-MGE-S189.fastq
Organized /work/richlab/azadmanesh/marm_bioinfo/ont_reads/filtered/cm010//GRO-50-MGE-S201.fastq
Organized /work/richlab/azadmanesh/marm_bioinfo/ont_reads/filtered/cm010//HAM-11-MGE-S205.fastq
Organized /work/richlab/azadmanesh/marm_bioinfo/ont_reads/filtered/cm010//HAM-25-MGE-S190.fastq
Organized /work/richlab/azadmanesh/marm_bioinfo/ont_reads/filtered/cm010//HEN-48-MGE-S198.fastq
Organized /work/richlab/azadmanesh/marm_bioinfo/ont_reads/filtered/cm010//IRI-22-MGE-S188.fastq
Organized /work/richlab/azadmanesh/marm_bioinfo/ont_reads/filtered/cm010//IVY-47-MGE-S196.fastq
Organized /work/richlab/azadmanesh/marm_bioinfo/ont_reads/filtered/cm010//JAR-14-MGE-S207.fastq
Organized /work/richlab/azadmanesh/marm_bioinfo/ont_reads/filtered/cm010//JAR-21-MGE-S185.fastq
Organized /work/richlab/azadmanesh/marm_bioinfo/ont_reads/filtered/cm010//JOA-49-MGE-S200.fastq
Organized /work/richlab/azadmanesh/marm_bioinfo/ont_reads/filtered/cm010//KOR-21-MGE-S187.fastq
Organized /work/richlab/azadmanesh/marm_bioinfo/ont_reads/filtered/cm010//KOR-48-MGE-S197.fastq
Organized /work/richlab/azadmanesh/marm_bioinfo/ont_reads/filtered/cm010//KUB-21-MGE-S186.fastq
Organized /work/richlab/azadmanesh/marm_bioinfo/ont_reads/filtered/cm010//LAM-25-MGE-S191.fastq
Organized /work/richlab/azadmanesh/marm_bioinfo/ont_reads/filtered/cm010//MAR-49-MGE-S199.fastq
Organized /work/richlab/azadmanesh/marm_bioinfo/ont_reads/filtered/cm010//OPH-9-MGE-S203.fastq
Organized /work/richlab/azadmanesh/marm_bioinfo/ont_reads/filtered/cm010//unclassified.fastq
Organized /work/richlab/azadmanesh/marm_bioinfo/ont_reads/filtered/cm010//WOL-17-MGE-S193.fastq
