Processed /work/richlab/azadmanesh/marm_bioinfo/ont_reads/trimmed/cm014//CHA-48-MGE-S286.fastq
Processed /work/richlab/azadmanesh/marm_bioinfo/ont_reads/trimmed/cm014//CM-NTC-014.fastq
Processed /work/richlab/azadmanesh/marm_bioinfo/ont_reads/trimmed/cm014//FRA-37-MGE-S279.fastq
Processed /work/richlab/azadmanesh/marm_bioinfo/ont_reads/trimmed/cm014//FRA-50-MGE-S296.fastq
Processed /work/richlab/azadmanesh/marm_bioinfo/ont_reads/trimmed/cm014//GIN-36-MGE-S277.fastq
Processed /work/richlab/azadmanesh/marm_bioinfo/ont_reads/trimmed/cm014//GRO-42-MGE-S291.fastq
Processed /work/richlab/azadmanesh/marm_bioinfo/ont_reads/trimmed/cm014//GRO-48-MGE-S278.fastq
Processed /work/richlab/azadmanesh/marm_bioinfo/ont_reads/trimmed/cm014//GRO-52-MGE-S299.fastq
Processed /work/richlab/azadmanesh/marm_bioinfo/ont_reads/trimmed/cm014//HAM-48-MGE-S298.fastq
Processed /work/richlab/azadmanesh/marm_bioinfo/ont_reads/trimmed/cm014//HER-20-MGE-S283.fastq
Processed /work/richlab/azadmanesh/marm_bioinfo/ont_reads/trimmed/cm014//HER-48-MGE-S293.fastq
Processed /work/richlab/azadmanesh/marm_bioinfo/ont_reads/trimmed/cm014//IRI-14-MGE-S287.fastq
Processed /work/richlab/azadmanesh/marm_bioinfo/ont_reads/trimmed/cm014//IVY-49-MGE-S294.fastq
Processed /work/richlab/azadmanesh/marm_bioinfo/ont_reads/trimmed/cm014//JOA-45-MGE-S285.fastq
Processed /work/richlab/azadmanesh/marm_bioinfo/ont_reads/trimmed/cm014//JOA-46-MGE-S292.fastq
Processed /work/richlab/azadmanesh/marm_bioinfo/ont_reads/trimmed/cm014//JOA-50-MGE-S288.fastq
Processed /work/richlab/azadmanesh/marm_bioinfo/ont_reads/trimmed/cm014//KOR-50-MGE-S295.fastq
Processed /work/richlab/azadmanesh/marm_bioinfo/ont_reads/trimmed/cm014//KUB-17-MGE-S281.fastq
Processed /work/richlab/azadmanesh/marm_bioinfo/ont_reads/trimmed/cm014//KUB-52-MGE-S289.fastq
Processed /work/richlab/azadmanesh/marm_bioinfo/ont_reads/trimmed/cm014//LAM-42-MGE-S280.fastq
Processed /work/richlab/azadmanesh/marm_bioinfo/ont_reads/trimmed/cm014//MAR-45-MGE-S284.fastq
Processed /work/richlab/azadmanesh/marm_bioinfo/ont_reads/trimmed/cm014//MAR-52-MGE-S297.fastq
Processed /work/richlab/azadmanesh/marm_bioinfo/ont_reads/trimmed/cm014//PAD-17-MGE-S282.fastq
Processed /work/richlab/azadmanesh/marm_bioinfo/ont_reads/trimmed/cm014//PAD-7-MGE-S290.fastq
Processed /work/richlab/azadmanesh/marm_bioinfo/ont_reads/trimmed/cm014//unclassified.fastq
Organized /work/richlab/azadmanesh/marm_bioinfo/ont_reads/filtered/cm014//CHA-48-MGE-S286.fastq
Organized /work/richlab/azadmanesh/marm_bioinfo/ont_reads/filtered/cm014//CM-NTC-014.fastq
Organized /work/richlab/azadmanesh/marm_bioinfo/ont_reads/filtered/cm014//FRA-37-MGE-S279.fastq
Organized /work/richlab/azadmanesh/marm_bioinfo/ont_reads/filtered/cm014//FRA-50-MGE-S296.fastq
Organized /work/richlab/azadmanesh/marm_bioinfo/ont_reads/filtered/cm014//GIN-36-MGE-S277.fastq
Organized /work/richlab/azadmanesh/marm_bioinfo/ont_reads/filtered/cm014//GRO-42-MGE-S291.fastq
Organized /work/richlab/azadmanesh/marm_bioinfo/ont_reads/filtered/cm014//GRO-48-MGE-S278.fastq
Organized /work/richlab/azadmanesh/marm_bioinfo/ont_reads/filtered/cm014//GRO-52-MGE-S299.fastq
Organized /work/richlab/azadmanesh/marm_bioinfo/ont_reads/filtered/cm014//HAM-48-MGE-S298.fastq
Organized /work/richlab/azadmanesh/marm_bioinfo/ont_reads/filtered/cm014//HER-20-MGE-S283.fastq
Organized /work/richlab/azadmanesh/marm_bioinfo/ont_reads/filtered/cm014//HER-48-MGE-S293.fastq
Organized /work/richlab/azadmanesh/marm_bioinfo/ont_reads/filtered/cm014//IRI-14-MGE-S287.fastq
Organized /work/richlab/azadmanesh/marm_bioinfo/ont_reads/filtered/cm014//IVY-49-MGE-S294.fastq
Organized /work/richlab/azadmanesh/marm_bioinfo/ont_reads/filtered/cm014//JOA-45-MGE-S285.fastq
Organized /work/richlab/azadmanesh/marm_bioinfo/ont_reads/filtered/cm014//JOA-46-MGE-S292.fastq
Organized /work/richlab/azadmanesh/marm_bioinfo/ont_reads/filtered/cm014//JOA-50-MGE-S288.fastq
Organized /work/richlab/azadmanesh/marm_bioinfo/ont_reads/filtered/cm014//KOR-50-MGE-S295.fastq
Organized /work/richlab/azadmanesh/marm_bioinfo/ont_reads/filtered/cm014//KUB-17-MGE-S281.fastq
Organized /work/richlab/azadmanesh/marm_bioinfo/ont_reads/filtered/cm014//KUB-52-MGE-S289.fastq
Organized /work/richlab/azadmanesh/marm_bioinfo/ont_reads/filtered/cm014//LAM-42-MGE-S280.fastq
Organized /work/richlab/azadmanesh/marm_bioinfo/ont_reads/filtered/cm014//MAR-45-MGE-S284.fastq
Organized /work/richlab/azadmanesh/marm_bioinfo/ont_reads/filtered/cm014//MAR-52-MGE-S297.fastq
Organized /work/richlab/azadmanesh/marm_bioinfo/ont_reads/filtered/cm014//PAD-17-MGE-S282.fastq
Organized /work/richlab/azadmanesh/marm_bioinfo/ont_reads/filtered/cm014//PAD-7-MGE-S290.fastq
Organized /work/richlab/azadmanesh/marm_bioinfo/ont_reads/filtered/cm014//unclassified.fastq
