Processed /work/richlab/azadmanesh/marm_bioinfo/ont_reads/trimmed/cm008//BUD-52-MGE-S144.fastq
Processed /work/richlab/azadmanesh/marm_bioinfo/ont_reads/trimmed/cm008//CHA-55-MGE-S150.fastq
Processed /work/richlab/azadmanesh/marm_bioinfo/ont_reads/trimmed/cm008//CM-NTC-008.fastq
Processed /work/richlab/azadmanesh/marm_bioinfo/ont_reads/trimmed/cm008//FRA-19-MGE-S160.fastq
Processed /work/richlab/azadmanesh/marm_bioinfo/ont_reads/trimmed/cm008//FRA-53-MGE-S147.fastq
Processed /work/richlab/azadmanesh/marm_bioinfo/ont_reads/trimmed/cm008//GIN-52-MGE-S145.fastq
Processed /work/richlab/azadmanesh/marm_bioinfo/ont_reads/trimmed/cm008//GOO-20-MGE-S161.fastq
Processed /work/richlab/azadmanesh/marm_bioinfo/ont_reads/trimmed/cm008//GOO-22-MGE-S139.fastq
Processed /work/richlab/azadmanesh/marm_bioinfo/ont_reads/trimmed/cm008//GRO-56-MGE-S151.fastq
Processed /work/richlab/azadmanesh/marm_bioinfo/ont_reads/trimmed/cm008//HAM-18-MGE-S157.fastq
Processed /work/richlab/azadmanesh/marm_bioinfo/ont_reads/trimmed/cm008//HAM-23-MGE-S140.fastq
Processed /work/richlab/azadmanesh/marm_bioinfo/ont_reads/trimmed/cm008//HER-24-MGE-S142.fastq
Processed /work/richlab/azadmanesh/marm_bioinfo/ont_reads/trimmed/cm008//HER-53-MGE-S146.fastq
Processed /work/richlab/azadmanesh/marm_bioinfo/ont_reads/trimmed/cm008//IRI-17-MGE-S155.fastq
Processed /work/richlab/azadmanesh/marm_bioinfo/ont_reads/trimmed/cm008//IRI-23-MGE-S141.fastq
Processed /work/richlab/azadmanesh/marm_bioinfo/ont_reads/trimmed/cm008//JOA-24-MGE-S143.fastq
Processed /work/richlab/azadmanesh/marm_bioinfo/ont_reads/trimmed/cm008//JOA-56-MGE-S152.fastq
Processed /work/richlab/azadmanesh/marm_bioinfo/ont_reads/trimmed/cm008//JOA-60-MGE-S154.fastq
Processed /work/richlab/azadmanesh/marm_bioinfo/ont_reads/trimmed/cm008//LAM-17-MGE-S156.fastq
Processed /work/richlab/azadmanesh/marm_bioinfo/ont_reads/trimmed/cm008//LAM-55-MGE-S149.fastq
Processed /work/richlab/azadmanesh/marm_bioinfo/ont_reads/trimmed/cm008//MAR-53-MGE-S148.fastq
Processed /work/richlab/azadmanesh/marm_bioinfo/ont_reads/trimmed/cm008//OPH-19-MGE-S159.fastq
Processed /work/richlab/azadmanesh/marm_bioinfo/ont_reads/trimmed/cm008//unclassified.fastq
Processed /work/richlab/azadmanesh/marm_bioinfo/ont_reads/trimmed/cm008//WOL-18-MGE-S158.fastq
Processed /work/richlab/azadmanesh/marm_bioinfo/ont_reads/trimmed/cm008//WOL-58-MGE-S153.fastq
Organized /work/richlab/azadmanesh/marm_bioinfo/ont_reads/filtered/cm008//BUD-52-MGE-S144.fastq
Organized /work/richlab/azadmanesh/marm_bioinfo/ont_reads/filtered/cm008//CHA-55-MGE-S150.fastq
Organized /work/richlab/azadmanesh/marm_bioinfo/ont_reads/filtered/cm008//CM-NTC-008.fastq
Organized /work/richlab/azadmanesh/marm_bioinfo/ont_reads/filtered/cm008//FRA-19-MGE-S160.fastq
Organized /work/richlab/azadmanesh/marm_bioinfo/ont_reads/filtered/cm008//FRA-53-MGE-S147.fastq
Organized /work/richlab/azadmanesh/marm_bioinfo/ont_reads/filtered/cm008//GIN-52-MGE-S145.fastq
Organized /work/richlab/azadmanesh/marm_bioinfo/ont_reads/filtered/cm008//GOO-20-MGE-S161.fastq
Organized /work/richlab/azadmanesh/marm_bioinfo/ont_reads/filtered/cm008//GOO-22-MGE-S139.fastq
Organized /work/richlab/azadmanesh/marm_bioinfo/ont_reads/filtered/cm008//GRO-56-MGE-S151.fastq
Organized /work/richlab/azadmanesh/marm_bioinfo/ont_reads/filtered/cm008//HAM-18-MGE-S157.fastq
Organized /work/richlab/azadmanesh/marm_bioinfo/ont_reads/filtered/cm008//HAM-23-MGE-S140.fastq
Organized /work/richlab/azadmanesh/marm_bioinfo/ont_reads/filtered/cm008//HER-24-MGE-S142.fastq
Organized /work/richlab/azadmanesh/marm_bioinfo/ont_reads/filtered/cm008//HER-53-MGE-S146.fastq
Organized /work/richlab/azadmanesh/marm_bioinfo/ont_reads/filtered/cm008//IRI-17-MGE-S155.fastq
Organized /work/richlab/azadmanesh/marm_bioinfo/ont_reads/filtered/cm008//IRI-23-MGE-S141.fastq
Organized /work/richlab/azadmanesh/marm_bioinfo/ont_reads/filtered/cm008//JOA-24-MGE-S143.fastq
Organized /work/richlab/azadmanesh/marm_bioinfo/ont_reads/filtered/cm008//JOA-56-MGE-S152.fastq
Organized /work/richlab/azadmanesh/marm_bioinfo/ont_reads/filtered/cm008//JOA-60-MGE-S154.fastq
Organized /work/richlab/azadmanesh/marm_bioinfo/ont_reads/filtered/cm008//LAM-17-MGE-S156.fastq
Organized /work/richlab/azadmanesh/marm_bioinfo/ont_reads/filtered/cm008//LAM-55-MGE-S149.fastq
Organized /work/richlab/azadmanesh/marm_bioinfo/ont_reads/filtered/cm008//MAR-53-MGE-S148.fastq
Organized /work/richlab/azadmanesh/marm_bioinfo/ont_reads/filtered/cm008//OPH-19-MGE-S159.fastq
Organized /work/richlab/azadmanesh/marm_bioinfo/ont_reads/filtered/cm008//unclassified.fastq
Organized /work/richlab/azadmanesh/marm_bioinfo/ont_reads/filtered/cm008//WOL-18-MGE-S158.fastq
Organized /work/richlab/azadmanesh/marm_bioinfo/ont_reads/filtered/cm008//WOL-58-MGE-S153.fastq
