Processed /work/richlab/azadmanesh/marm_bioinfo/ont_reads/trimmed/cm012//BUD-17-MGE-S232.fastq
Processed /work/richlab/azadmanesh/marm_bioinfo/ont_reads/trimmed/cm012//BUD-18-MGE-S250.fastq
Processed /work/richlab/azadmanesh/marm_bioinfo/ont_reads/trimmed/cm012//CM-NTC-012.fastq
Processed /work/richlab/azadmanesh/marm_bioinfo/ont_reads/trimmed/cm012//GIN-24-MGE-S240.fastq
Processed /work/richlab/azadmanesh/marm_bioinfo/ont_reads/trimmed/cm012//GIN-42-MGE-S241.fastq
Processed /work/richlab/azadmanesh/marm_bioinfo/ont_reads/trimmed/cm012//HAM-20-MGE-S235.fastq
Processed /work/richlab/azadmanesh/marm_bioinfo/ont_reads/trimmed/cm012//HAM-46-MGE-S243.fastq
Processed /work/richlab/azadmanesh/marm_bioinfo/ont_reads/trimmed/cm012//HEN-22-MGE-S238.fastq
Processed /work/richlab/azadmanesh/marm_bioinfo/ont_reads/trimmed/cm012//IRI-18-MGE-S233.fastq
Processed /work/richlab/azadmanesh/marm_bioinfo/ont_reads/trimmed/cm012//IRI-20-MGE-S253.fastq
Processed /work/richlab/azadmanesh/marm_bioinfo/ont_reads/trimmed/cm012//IRI-55-MGE-S247.fastq
Processed /work/richlab/azadmanesh/marm_bioinfo/ont_reads/trimmed/cm012//IVY-18-MGE-S234.fastq
Processed /work/richlab/azadmanesh/marm_bioinfo/ont_reads/trimmed/cm012//IVY-19-MGE-S252.fastq
Processed /work/richlab/azadmanesh/marm_bioinfo/ont_reads/trimmed/cm012//IVY-55-MGE-S248.fastq
Processed /work/richlab/azadmanesh/marm_bioinfo/ont_reads/trimmed/cm012//JAR-18-MGE-S249.fastq
Processed /work/richlab/azadmanesh/marm_bioinfo/ont_reads/trimmed/cm012//JAR-52-MGE-S246.fastq
Processed /work/richlab/azadmanesh/marm_bioinfo/ont_reads/trimmed/cm012//JOA-11-MGE-S231.fastq
Processed /work/richlab/azadmanesh/marm_bioinfo/ont_reads/trimmed/cm012//KUB-22-MGE-S237.fastq
Processed /work/richlab/azadmanesh/marm_bioinfo/ont_reads/trimmed/cm012//KUB-45-MGE-S242.fastq
Processed /work/richlab/azadmanesh/marm_bioinfo/ont_reads/trimmed/cm012//KUB-49-MGE-S245.fastq
Processed /work/richlab/azadmanesh/marm_bioinfo/ont_reads/trimmed/cm012//OPH-20-MGE-S236.fastq
Processed /work/richlab/azadmanesh/marm_bioinfo/ont_reads/trimmed/cm012//unclassified.fastq
Processed /work/richlab/azadmanesh/marm_bioinfo/ont_reads/trimmed/cm012//WOL-19-MGE-S251.fastq
Processed /work/richlab/azadmanesh/marm_bioinfo/ont_reads/trimmed/cm012//WOL-24-MGE-S239.fastq
Processed /work/richlab/azadmanesh/marm_bioinfo/ont_reads/trimmed/cm012//WOL-48-MGE-S244.fastq
Organized /work/richlab/azadmanesh/marm_bioinfo/ont_reads/filtered/cm012//BUD-17-MGE-S232.fastq
Organized /work/richlab/azadmanesh/marm_bioinfo/ont_reads/filtered/cm012//BUD-18-MGE-S250.fastq
Organized /work/richlab/azadmanesh/marm_bioinfo/ont_reads/filtered/cm012//CM-NTC-012.fastq
Organized /work/richlab/azadmanesh/marm_bioinfo/ont_reads/filtered/cm012//GIN-24-MGE-S240.fastq
Organized /work/richlab/azadmanesh/marm_bioinfo/ont_reads/filtered/cm012//GIN-42-MGE-S241.fastq
Organized /work/richlab/azadmanesh/marm_bioinfo/ont_reads/filtered/cm012//HAM-20-MGE-S235.fastq
Organized /work/richlab/azadmanesh/marm_bioinfo/ont_reads/filtered/cm012//HAM-46-MGE-S243.fastq
Organized /work/richlab/azadmanesh/marm_bioinfo/ont_reads/filtered/cm012//HEN-22-MGE-S238.fastq
Organized /work/richlab/azadmanesh/marm_bioinfo/ont_reads/filtered/cm012//IRI-18-MGE-S233.fastq
Organized /work/richlab/azadmanesh/marm_bioinfo/ont_reads/filtered/cm012//IRI-20-MGE-S253.fastq
Organized /work/richlab/azadmanesh/marm_bioinfo/ont_reads/filtered/cm012//IRI-55-MGE-S247.fastq
Organized /work/richlab/azadmanesh/marm_bioinfo/ont_reads/filtered/cm012//IVY-18-MGE-S234.fastq
Organized /work/richlab/azadmanesh/marm_bioinfo/ont_reads/filtered/cm012//IVY-19-MGE-S252.fastq
Organized /work/richlab/azadmanesh/marm_bioinfo/ont_reads/filtered/cm012//IVY-55-MGE-S248.fastq
Organized /work/richlab/azadmanesh/marm_bioinfo/ont_reads/filtered/cm012//JAR-18-MGE-S249.fastq
Organized /work/richlab/azadmanesh/marm_bioinfo/ont_reads/filtered/cm012//JAR-52-MGE-S246.fastq
Organized /work/richlab/azadmanesh/marm_bioinfo/ont_reads/filtered/cm012//JOA-11-MGE-S231.fastq
Organized /work/richlab/azadmanesh/marm_bioinfo/ont_reads/filtered/cm012//KUB-22-MGE-S237.fastq
Organized /work/richlab/azadmanesh/marm_bioinfo/ont_reads/filtered/cm012//KUB-45-MGE-S242.fastq
Organized /work/richlab/azadmanesh/marm_bioinfo/ont_reads/filtered/cm012//KUB-49-MGE-S245.fastq
Organized /work/richlab/azadmanesh/marm_bioinfo/ont_reads/filtered/cm012//OPH-20-MGE-S236.fastq
Organized /work/richlab/azadmanesh/marm_bioinfo/ont_reads/filtered/cm012//unclassified.fastq
Organized /work/richlab/azadmanesh/marm_bioinfo/ont_reads/filtered/cm012//WOL-19-MGE-S251.fastq
Organized /work/richlab/azadmanesh/marm_bioinfo/ont_reads/filtered/cm012//WOL-24-MGE-S239.fastq
Organized /work/richlab/azadmanesh/marm_bioinfo/ont_reads/filtered/cm012//WOL-48-MGE-S244.fastq
