Processed /work/richlab/azadmanesh/marm_bioinfo/ont_reads/trimmed/cm003//CHA-46-MGE-S38.fastq
Processed /work/richlab/azadmanesh/marm_bioinfo/ont_reads/trimmed/cm003//CM-NTC-003.fastq
Processed /work/richlab/azadmanesh/marm_bioinfo/ont_reads/trimmed/cm003//FRA-44-DRS-S35.fastq
Processed /work/richlab/azadmanesh/marm_bioinfo/ont_reads/trimmed/cm003//GIN-58-MGE-S42.fastq
Processed /work/richlab/azadmanesh/marm_bioinfo/ont_reads/trimmed/cm003//GOO-59-MGE-S43.fastq
Processed /work/richlab/azadmanesh/marm_bioinfo/ont_reads/trimmed/cm003//GRO-24-MGE-S46.fastq
Processed /work/richlab/azadmanesh/marm_bioinfo/ont_reads/trimmed/cm003//HAM-22-MGE-S44.fastq
Processed /work/richlab/azadmanesh/marm_bioinfo/ont_reads/trimmed/cm003//HAM-31-MGE-S32.fastq
Processed /work/richlab/azadmanesh/marm_bioinfo/ont_reads/trimmed/cm003//HER-19-MGE-S27.fastq
Processed /work/richlab/azadmanesh/marm_bioinfo/ont_reads/trimmed/cm003//IRI-11-MGE-S25.fastq
Processed /work/richlab/azadmanesh/marm_bioinfo/ont_reads/trimmed/cm003//IRI-29-MGE-S31.fastq
Processed /work/richlab/azadmanesh/marm_bioinfo/ont_reads/trimmed/cm003//IRI-48-MGE-S39.fastq
Processed /work/richlab/azadmanesh/marm_bioinfo/ont_reads/trimmed/cm003//IVY-45-MGE-S36.fastq
Processed /work/richlab/azadmanesh/marm_bioinfo/ont_reads/trimmed/cm003//JAR-32-DRS-S33.fastq
Processed /work/richlab/azadmanesh/marm_bioinfo/ont_reads/trimmed/cm003//JAR-32-MGE-S34.fastq
Processed /work/richlab/azadmanesh/marm_bioinfo/ont_reads/trimmed/cm003//KOR-20-DRS-S29.fastq
Processed /work/richlab/azadmanesh/marm_bioinfo/ont_reads/trimmed/cm003//KUB-20-MGE-S30.fastq
Processed /work/richlab/azadmanesh/marm_bioinfo/ont_reads/trimmed/cm003//KUB-24-MGE-S45.fastq
Processed /work/richlab/azadmanesh/marm_bioinfo/ont_reads/trimmed/cm003//KUB-50-MGE-S41.fastq
Processed /work/richlab/azadmanesh/marm_bioinfo/ont_reads/trimmed/cm003//LAM-18-MGE-S26.fastq
Processed /work/richlab/azadmanesh/marm_bioinfo/ont_reads/trimmed/cm003//LAM-46-MGE-S37.fastq
Processed /work/richlab/azadmanesh/marm_bioinfo/ont_reads/trimmed/cm003//MAR-36-MGE-S28.fastq
Processed /work/richlab/azadmanesh/marm_bioinfo/ont_reads/trimmed/cm003//MAR-48-MGE-S40.fastq
Processed /work/richlab/azadmanesh/marm_bioinfo/ont_reads/trimmed/cm003//PAD-6-MGE-S24.fastq
Processed /work/richlab/azadmanesh/marm_bioinfo/ont_reads/trimmed/cm003//unclassified.fastq
Organized /work/richlab/azadmanesh/marm_bioinfo/ont_reads/filtered/cm003//CHA-46-MGE-S38.fastq
Organized /work/richlab/azadmanesh/marm_bioinfo/ont_reads/filtered/cm003//CM-NTC-003.fastq
Organized /work/richlab/azadmanesh/marm_bioinfo/ont_reads/filtered/cm003//FRA-44-DRS-S35.fastq
Organized /work/richlab/azadmanesh/marm_bioinfo/ont_reads/filtered/cm003//GIN-58-MGE-S42.fastq
Organized /work/richlab/azadmanesh/marm_bioinfo/ont_reads/filtered/cm003//GOO-59-MGE-S43.fastq
Organized /work/richlab/azadmanesh/marm_bioinfo/ont_reads/filtered/cm003//GRO-24-MGE-S46.fastq
Organized /work/richlab/azadmanesh/marm_bioinfo/ont_reads/filtered/cm003//HAM-22-MGE-S44.fastq
Organized /work/richlab/azadmanesh/marm_bioinfo/ont_reads/filtered/cm003//HAM-31-MGE-S32.fastq
Organized /work/richlab/azadmanesh/marm_bioinfo/ont_reads/filtered/cm003//HER-19-MGE-S27.fastq
Organized /work/richlab/azadmanesh/marm_bioinfo/ont_reads/filtered/cm003//IRI-11-MGE-S25.fastq
Organized /work/richlab/azadmanesh/marm_bioinfo/ont_reads/filtered/cm003//IRI-29-MGE-S31.fastq
Organized /work/richlab/azadmanesh/marm_bioinfo/ont_reads/filtered/cm003//IRI-48-MGE-S39.fastq
Organized /work/richlab/azadmanesh/marm_bioinfo/ont_reads/filtered/cm003//IVY-45-MGE-S36.fastq
Organized /work/richlab/azadmanesh/marm_bioinfo/ont_reads/filtered/cm003//JAR-32-DRS-S33.fastq
Organized /work/richlab/azadmanesh/marm_bioinfo/ont_reads/filtered/cm003//JAR-32-MGE-S34.fastq
Organized /work/richlab/azadmanesh/marm_bioinfo/ont_reads/filtered/cm003//KOR-20-DRS-S29.fastq
Organized /work/richlab/azadmanesh/marm_bioinfo/ont_reads/filtered/cm003//KUB-20-MGE-S30.fastq
Organized /work/richlab/azadmanesh/marm_bioinfo/ont_reads/filtered/cm003//KUB-24-MGE-S45.fastq
Organized /work/richlab/azadmanesh/marm_bioinfo/ont_reads/filtered/cm003//KUB-50-MGE-S41.fastq
Organized /work/richlab/azadmanesh/marm_bioinfo/ont_reads/filtered/cm003//LAM-18-MGE-S26.fastq
Organized /work/richlab/azadmanesh/marm_bioinfo/ont_reads/filtered/cm003//LAM-46-MGE-S37.fastq
Organized /work/richlab/azadmanesh/marm_bioinfo/ont_reads/filtered/cm003//MAR-36-MGE-S28.fastq
Organized /work/richlab/azadmanesh/marm_bioinfo/ont_reads/filtered/cm003//MAR-48-MGE-S40.fastq
Organized /work/richlab/azadmanesh/marm_bioinfo/ont_reads/filtered/cm003//PAD-6-MGE-S24.fastq
Organized /work/richlab/azadmanesh/marm_bioinfo/ont_reads/filtered/cm003//unclassified.fastq
