Processed /work/richlab/azadmanesh/marm_bioinfo/ont_reads/trimmed/cm001//BUD-16-DRS-L161.fastq
Processed /work/richlab/azadmanesh/marm_bioinfo/ont_reads/trimmed/cm001//CHA-57-DRS-L131.fastq
Processed /work/richlab/azadmanesh/marm_bioinfo/ont_reads/trimmed/cm001//EXP-PBC096_barcode52.fastq
Processed /work/richlab/azadmanesh/marm_bioinfo/ont_reads/trimmed/cm001//GIN-43-DRS-L130.fastq
Processed /work/richlab/azadmanesh/marm_bioinfo/ont_reads/trimmed/cm001//GOO-4-DRS-L222.fastq
Processed /work/richlab/azadmanesh/marm_bioinfo/ont_reads/trimmed/cm001//GOO-4-MGE-L223.fastq
Processed /work/richlab/azadmanesh/marm_bioinfo/ont_reads/trimmed/cm001//GRO-36-MGE-L214.fastq
Processed /work/richlab/azadmanesh/marm_bioinfo/ont_reads/trimmed/cm001//GRO-41-DRS-L189.fastq
Processed /work/richlab/azadmanesh/marm_bioinfo/ont_reads/trimmed/cm001//GRO-41-MGE-L190.fastq
Processed /work/richlab/azadmanesh/marm_bioinfo/ont_reads/trimmed/cm001//GRO-70-DRS-L217.fastq
Processed /work/richlab/azadmanesh/marm_bioinfo/ont_reads/trimmed/cm001//HAM-17-MGE-L175.fastq
Processed /work/richlab/azadmanesh/marm_bioinfo/ont_reads/trimmed/cm001//HAM-4-DRS-L132.fastq
Processed /work/richlab/azadmanesh/marm_bioinfo/ont_reads/trimmed/cm001//HAM-4-MGE-L133.fastq
Processed /work/richlab/azadmanesh/marm_bioinfo/ont_reads/trimmed/cm001//HAM-67-DRS-L207.fastq
Processed /work/richlab/azadmanesh/marm_bioinfo/ont_reads/trimmed/cm001//HAM-67-MGE-L208.fastq
Processed /work/richlab/azadmanesh/marm_bioinfo/ont_reads/trimmed/cm001//HER-17-MGE-L187.fastq
Processed /work/richlab/azadmanesh/marm_bioinfo/ont_reads/trimmed/cm001//HER-2-DRS-L145.fastq
Processed /work/richlab/azadmanesh/marm_bioinfo/ont_reads/trimmed/cm001//HER-2-MGE-L146.fastq
Processed /work/richlab/azadmanesh/marm_bioinfo/ont_reads/trimmed/cm001//HER-44-DRS-L137.fastq
Processed /work/richlab/azadmanesh/marm_bioinfo/ont_reads/trimmed/cm001//HER-44-MGE-L138.fastq
Processed /work/richlab/azadmanesh/marm_bioinfo/ont_reads/trimmed/cm001//HER-58-DRS-L179.fastq
Processed /work/richlab/azadmanesh/marm_bioinfo/ont_reads/trimmed/cm001//HER-58-MGE-L180.fastq
Processed /work/richlab/azadmanesh/marm_bioinfo/ont_reads/trimmed/cm001//IRI-16-DRS-L147.fastq
Processed /work/richlab/azadmanesh/marm_bioinfo/ont_reads/trimmed/cm001//IRI-16-MGE-L148.fastq
Processed /work/richlab/azadmanesh/marm_bioinfo/ont_reads/trimmed/cm001//IRI-36-MGE-L134.fastq
Processed /work/richlab/azadmanesh/marm_bioinfo/ont_reads/trimmed/cm001//IVY-36-MGE-L188.fastq
Processed /work/richlab/azadmanesh/marm_bioinfo/ont_reads/trimmed/cm001//JAR-2-DRS-L159.fastq
Processed /work/richlab/azadmanesh/marm_bioinfo/ont_reads/trimmed/cm001//JAR-2-MGE-L160.fastq
Processed /work/richlab/azadmanesh/marm_bioinfo/ont_reads/trimmed/cm001//JAR-3-DRS-L220.fastq
Processed /work/richlab/azadmanesh/marm_bioinfo/ont_reads/trimmed/cm001//JAR-3-MGE-L221.fastq
Processed /work/richlab/azadmanesh/marm_bioinfo/ont_reads/trimmed/cm001//JAR-44-DRS-L203.fastq
Processed /work/richlab/azadmanesh/marm_bioinfo/ont_reads/trimmed/cm001//JAR-44-MGE-L204.fastq
Processed /work/richlab/azadmanesh/marm_bioinfo/ont_reads/trimmed/cm001//JOA-3-MGE-L225.fastq
Processed /work/richlab/azadmanesh/marm_bioinfo/ont_reads/trimmed/cm001//KOR-44-DRS-L191.fastq
Processed /work/richlab/azadmanesh/marm_bioinfo/ont_reads/trimmed/cm001//KOR-44-MGE-L192.fastq
Processed /work/richlab/azadmanesh/marm_bioinfo/ont_reads/trimmed/cm001//KOR-58-MGE-L215.fastq
Processed /work/richlab/azadmanesh/marm_bioinfo/ont_reads/trimmed/cm001//KUB-58-DRS-L205.fastq
Processed /work/richlab/azadmanesh/marm_bioinfo/ont_reads/trimmed/cm001//KUB-58-MGE-L206.fastq
Processed /work/richlab/azadmanesh/marm_bioinfo/ont_reads/trimmed/cm001//LAM-2-DRS-L218.fastq
Processed /work/richlab/azadmanesh/marm_bioinfo/ont_reads/trimmed/cm001//LAM-2-MGE-L219.fastq
Processed /work/richlab/azadmanesh/marm_bioinfo/ont_reads/trimmed/cm001//LAM-70-DRS-L143.fastq
Processed /work/richlab/azadmanesh/marm_bioinfo/ont_reads/trimmed/cm001//LAM-70-MGE-L144.fastq
Processed /work/richlab/azadmanesh/marm_bioinfo/ont_reads/trimmed/cm001//MAR-37-MGE-L224.fastq
Processed /work/richlab/azadmanesh/marm_bioinfo/ont_reads/trimmed/cm001//MAR-41-MGE-L202.fastq
Processed /work/richlab/azadmanesh/marm_bioinfo/ont_reads/trimmed/cm001//MAR-70-DRS-L209.fastq
Processed /work/richlab/azadmanesh/marm_bioinfo/ont_reads/trimmed/cm001//unclassified.fastq
Processed /work/richlab/azadmanesh/marm_bioinfo/ont_reads/trimmed/cm001//WOL-44-DRS-L177.fastq
Processed /work/richlab/azadmanesh/marm_bioinfo/ont_reads/trimmed/cm001//WOL-44-MGE-L178.fastq
Processed /work/richlab/azadmanesh/marm_bioinfo/ont_reads/trimmed/cm001//WOL-70-DRS-L157.fastq
Processed /work/richlab/azadmanesh/marm_bioinfo/ont_reads/trimmed/cm001//WOL-70-MGE-L158.fastq
Organized /work/richlab/azadmanesh/marm_bioinfo/ont_reads/filtered/cm001//BUD-16-DRS-L161.fastq
Organized /work/richlab/azadmanesh/marm_bioinfo/ont_reads/filtered/cm001//CHA-57-DRS-L131.fastq
Organized /work/richlab/azadmanesh/marm_bioinfo/ont_reads/filtered/cm001//EXP-PBC096_barcode52.fastq
Organized /work/richlab/azadmanesh/marm_bioinfo/ont_reads/filtered/cm001//GIN-43-DRS-L130.fastq
Organized /work/richlab/azadmanesh/marm_bioinfo/ont_reads/filtered/cm001//GOO-4-DRS-L222.fastq
Organized /work/richlab/azadmanesh/marm_bioinfo/ont_reads/filtered/cm001//GOO-4-MGE-L223.fastq
Organized /work/richlab/azadmanesh/marm_bioinfo/ont_reads/filtered/cm001//GRO-36-MGE-L214.fastq
Organized /work/richlab/azadmanesh/marm_bioinfo/ont_reads/filtered/cm001//GRO-41-DRS-L189.fastq
Organized /work/richlab/azadmanesh/marm_bioinfo/ont_reads/filtered/cm001//GRO-41-MGE-L190.fastq
Organized /work/richlab/azadmanesh/marm_bioinfo/ont_reads/filtered/cm001//GRO-70-DRS-L217.fastq
Organized /work/richlab/azadmanesh/marm_bioinfo/ont_reads/filtered/cm001//HAM-17-MGE-L175.fastq
Organized /work/richlab/azadmanesh/marm_bioinfo/ont_reads/filtered/cm001//HAM-4-DRS-L132.fastq
Organized /work/richlab/azadmanesh/marm_bioinfo/ont_reads/filtered/cm001//HAM-4-MGE-L133.fastq
Organized /work/richlab/azadmanesh/marm_bioinfo/ont_reads/filtered/cm001//HAM-67-DRS-L207.fastq
Organized /work/richlab/azadmanesh/marm_bioinfo/ont_reads/filtered/cm001//HAM-67-MGE-L208.fastq
Organized /work/richlab/azadmanesh/marm_bioinfo/ont_reads/filtered/cm001//HER-17-MGE-L187.fastq
Organized /work/richlab/azadmanesh/marm_bioinfo/ont_reads/filtered/cm001//HER-2-DRS-L145.fastq
Organized /work/richlab/azadmanesh/marm_bioinfo/ont_reads/filtered/cm001//HER-2-MGE-L146.fastq
Organized /work/richlab/azadmanesh/marm_bioinfo/ont_reads/filtered/cm001//HER-44-DRS-L137.fastq
Organized /work/richlab/azadmanesh/marm_bioinfo/ont_reads/filtered/cm001//HER-44-MGE-L138.fastq
Organized /work/richlab/azadmanesh/marm_bioinfo/ont_reads/filtered/cm001//HER-58-DRS-L179.fastq
Organized /work/richlab/azadmanesh/marm_bioinfo/ont_reads/filtered/cm001//HER-58-MGE-L180.fastq
Organized /work/richlab/azadmanesh/marm_bioinfo/ont_reads/filtered/cm001//IRI-16-DRS-L147.fastq
Organized /work/richlab/azadmanesh/marm_bioinfo/ont_reads/filtered/cm001//IRI-16-MGE-L148.fastq
Organized /work/richlab/azadmanesh/marm_bioinfo/ont_reads/filtered/cm001//IRI-36-MGE-L134.fastq
Organized /work/richlab/azadmanesh/marm_bioinfo/ont_reads/filtered/cm001//IVY-36-MGE-L188.fastq
Organized /work/richlab/azadmanesh/marm_bioinfo/ont_reads/filtered/cm001//JAR-2-DRS-L159.fastq
Organized /work/richlab/azadmanesh/marm_bioinfo/ont_reads/filtered/cm001//JAR-2-MGE-L160.fastq
Organized /work/richlab/azadmanesh/marm_bioinfo/ont_reads/filtered/cm001//JAR-3-DRS-L220.fastq
Organized /work/richlab/azadmanesh/marm_bioinfo/ont_reads/filtered/cm001//JAR-3-MGE-L221.fastq
Organized /work/richlab/azadmanesh/marm_bioinfo/ont_reads/filtered/cm001//JAR-44-DRS-L203.fastq
Organized /work/richlab/azadmanesh/marm_bioinfo/ont_reads/filtered/cm001//JAR-44-MGE-L204.fastq
Organized /work/richlab/azadmanesh/marm_bioinfo/ont_reads/filtered/cm001//JOA-3-MGE-L225.fastq
Organized /work/richlab/azadmanesh/marm_bioinfo/ont_reads/filtered/cm001//KOR-44-DRS-L191.fastq
Organized /work/richlab/azadmanesh/marm_bioinfo/ont_reads/filtered/cm001//KOR-44-MGE-L192.fastq
Organized /work/richlab/azadmanesh/marm_bioinfo/ont_reads/filtered/cm001//KOR-58-MGE-L215.fastq
Organized /work/richlab/azadmanesh/marm_bioinfo/ont_reads/filtered/cm001//KUB-58-DRS-L205.fastq
Organized /work/richlab/azadmanesh/marm_bioinfo/ont_reads/filtered/cm001//KUB-58-MGE-L206.fastq
Organized /work/richlab/azadmanesh/marm_bioinfo/ont_reads/filtered/cm001//LAM-2-DRS-L218.fastq
Organized /work/richlab/azadmanesh/marm_bioinfo/ont_reads/filtered/cm001//LAM-2-MGE-L219.fastq
Organized /work/richlab/azadmanesh/marm_bioinfo/ont_reads/filtered/cm001//LAM-70-DRS-L143.fastq
Organized /work/richlab/azadmanesh/marm_bioinfo/ont_reads/filtered/cm001//LAM-70-MGE-L144.fastq
Organized /work/richlab/azadmanesh/marm_bioinfo/ont_reads/filtered/cm001//MAR-37-MGE-L224.fastq
Organized /work/richlab/azadmanesh/marm_bioinfo/ont_reads/filtered/cm001//MAR-41-MGE-L202.fastq
Organized /work/richlab/azadmanesh/marm_bioinfo/ont_reads/filtered/cm001//MAR-70-DRS-L209.fastq
Organized /work/richlab/azadmanesh/marm_bioinfo/ont_reads/filtered/cm001//unclassified.fastq
Organized /work/richlab/azadmanesh/marm_bioinfo/ont_reads/filtered/cm001//WOL-44-DRS-L177.fastq
Organized /work/richlab/azadmanesh/marm_bioinfo/ont_reads/filtered/cm001//WOL-44-MGE-L178.fastq
Organized /work/richlab/azadmanesh/marm_bioinfo/ont_reads/filtered/cm001//WOL-70-DRS-L157.fastq
Organized /work/richlab/azadmanesh/marm_bioinfo/ont_reads/filtered/cm001//WOL-70-MGE-L158.fastq
