Processed /work/richlab/azadmanesh/marm_bioinfo/ont_reads/trimmed/cm004//BUD-28-MGE-S47.fastq
Processed /work/richlab/azadmanesh/marm_bioinfo/ont_reads/trimmed/cm004//BUD-48-MGE-S69.fastq
Processed /work/richlab/azadmanesh/marm_bioinfo/ont_reads/trimmed/cm004//CHA-44-MGE-S55.fastq
Processed /work/richlab/azadmanesh/marm_bioinfo/ont_reads/trimmed/cm004//CM-NTC-004.fastq
Processed /work/richlab/azadmanesh/marm_bioinfo/ont_reads/trimmed/cm004//FRA-45-DRS-S57.fastq
Processed /work/richlab/azadmanesh/marm_bioinfo/ont_reads/trimmed/cm004//FRA-68-MGE-S51.fastq
Processed /work/richlab/azadmanesh/marm_bioinfo/ont_reads/trimmed/cm004//GOO-46-DRS-S58.fastq
Processed /work/richlab/azadmanesh/marm_bioinfo/ont_reads/trimmed/cm004//GRO-44-DRS-S68.fastq
Processed /work/richlab/azadmanesh/marm_bioinfo/ont_reads/trimmed/cm004//GRO-46-DRS-S59.fastq
Processed /work/richlab/azadmanesh/marm_bioinfo/ont_reads/trimmed/cm004//GRO-46-MGE-S60.fastq
Processed /work/richlab/azadmanesh/marm_bioinfo/ont_reads/trimmed/cm004//HAM-41-DRS-S63.fastq
Processed /work/richlab/azadmanesh/marm_bioinfo/ont_reads/trimmed/cm004//HAM-41-MGE-S64.fastq
Processed /work/richlab/azadmanesh/marm_bioinfo/ont_reads/trimmed/cm004//HEN-36-MGE-S62.fastq
Processed /work/richlab/azadmanesh/marm_bioinfo/ont_reads/trimmed/cm004//HER-67-MGE-S48.fastq
Processed /work/richlab/azadmanesh/marm_bioinfo/ont_reads/trimmed/cm004//IRI-44-MGE-S67.fastq
Processed /work/richlab/azadmanesh/marm_bioinfo/ont_reads/trimmed/cm004//IVY-44-DRS-S53.fastq
Processed /work/richlab/azadmanesh/marm_bioinfo/ont_reads/trimmed/cm004//IVY-44-MGE-S54.fastq
Processed /work/richlab/azadmanesh/marm_bioinfo/ont_reads/trimmed/cm004//IVY-67-MGE-S49.fastq
Processed /work/richlab/azadmanesh/marm_bioinfo/ont_reads/trimmed/cm004//JAR-45-MGE-S56.fastq
Processed /work/richlab/azadmanesh/marm_bioinfo/ont_reads/trimmed/cm004//JAR-68-MGE-S50.fastq
Processed /work/richlab/azadmanesh/marm_bioinfo/ont_reads/trimmed/cm004//JOA-36-MGE-S52.fastq
Processed /work/richlab/azadmanesh/marm_bioinfo/ont_reads/trimmed/cm004//JOA-41-DRS-S65.fastq
Processed /work/richlab/azadmanesh/marm_bioinfo/ont_reads/trimmed/cm004//JOA-41-MGE-S66.fastq
Processed /work/richlab/azadmanesh/marm_bioinfo/ont_reads/trimmed/cm004//LAM-48-MGE-S61.fastq
Processed /work/richlab/azadmanesh/marm_bioinfo/ont_reads/trimmed/cm004//unclassified.fastq
Organized /work/richlab/azadmanesh/marm_bioinfo/ont_reads/filtered/cm004//BUD-28-MGE-S47.fastq
Organized /work/richlab/azadmanesh/marm_bioinfo/ont_reads/filtered/cm004//BUD-48-MGE-S69.fastq
Organized /work/richlab/azadmanesh/marm_bioinfo/ont_reads/filtered/cm004//CHA-44-MGE-S55.fastq
Organized /work/richlab/azadmanesh/marm_bioinfo/ont_reads/filtered/cm004//CM-NTC-004.fastq
Organized /work/richlab/azadmanesh/marm_bioinfo/ont_reads/filtered/cm004//FRA-45-DRS-S57.fastq
Organized /work/richlab/azadmanesh/marm_bioinfo/ont_reads/filtered/cm004//FRA-68-MGE-S51.fastq
Organized /work/richlab/azadmanesh/marm_bioinfo/ont_reads/filtered/cm004//GOO-46-DRS-S58.fastq
Organized /work/richlab/azadmanesh/marm_bioinfo/ont_reads/filtered/cm004//GRO-44-DRS-S68.fastq
Organized /work/richlab/azadmanesh/marm_bioinfo/ont_reads/filtered/cm004//GRO-46-DRS-S59.fastq
Organized /work/richlab/azadmanesh/marm_bioinfo/ont_reads/filtered/cm004//GRO-46-MGE-S60.fastq
Organized /work/richlab/azadmanesh/marm_bioinfo/ont_reads/filtered/cm004//HAM-41-DRS-S63.fastq
Organized /work/richlab/azadmanesh/marm_bioinfo/ont_reads/filtered/cm004//HAM-41-MGE-S64.fastq
Organized /work/richlab/azadmanesh/marm_bioinfo/ont_reads/filtered/cm004//HEN-36-MGE-S62.fastq
Organized /work/richlab/azadmanesh/marm_bioinfo/ont_reads/filtered/cm004//HER-67-MGE-S48.fastq
Organized /work/richlab/azadmanesh/marm_bioinfo/ont_reads/filtered/cm004//IRI-44-MGE-S67.fastq
Organized /work/richlab/azadmanesh/marm_bioinfo/ont_reads/filtered/cm004//IVY-44-DRS-S53.fastq
Organized /work/richlab/azadmanesh/marm_bioinfo/ont_reads/filtered/cm004//IVY-44-MGE-S54.fastq
Organized /work/richlab/azadmanesh/marm_bioinfo/ont_reads/filtered/cm004//IVY-67-MGE-S49.fastq
Organized /work/richlab/azadmanesh/marm_bioinfo/ont_reads/filtered/cm004//JAR-45-MGE-S56.fastq
Organized /work/richlab/azadmanesh/marm_bioinfo/ont_reads/filtered/cm004//JAR-68-MGE-S50.fastq
Organized /work/richlab/azadmanesh/marm_bioinfo/ont_reads/filtered/cm004//JOA-36-MGE-S52.fastq
Organized /work/richlab/azadmanesh/marm_bioinfo/ont_reads/filtered/cm004//JOA-41-DRS-S65.fastq
Organized /work/richlab/azadmanesh/marm_bioinfo/ont_reads/filtered/cm004//JOA-41-MGE-S66.fastq
Organized /work/richlab/azadmanesh/marm_bioinfo/ont_reads/filtered/cm004//LAM-48-MGE-S61.fastq
Organized /work/richlab/azadmanesh/marm_bioinfo/ont_reads/filtered/cm004//unclassified.fastq
