Processed /work/richlab/azadmanesh/marm_bioinfo/ont_reads/trimmed/cm013//BUD-21-MGE-S257.fastq
Processed /work/richlab/azadmanesh/marm_bioinfo/ont_reads/trimmed/cm013//CM-NTC-013.fastq
Processed /work/richlab/azadmanesh/marm_bioinfo/ont_reads/trimmed/cm013//FRA-24-MGE-S262.fastq
Processed /work/richlab/azadmanesh/marm_bioinfo/ont_reads/trimmed/cm013//FRA-51-MGE-S274.fastq
Processed /work/richlab/azadmanesh/marm_bioinfo/ont_reads/trimmed/cm013//GIN-20-MGE-S255.fastq
Processed /work/richlab/azadmanesh/marm_bioinfo/ont_reads/trimmed/cm013//GIN-44-MGE-S265.fastq
Processed /work/richlab/azadmanesh/marm_bioinfo/ont_reads/trimmed/cm013//GOO-52-MGE-S275.fastq
Processed /work/richlab/azadmanesh/marm_bioinfo/ont_reads/trimmed/cm013//HAM-21-MGE-S256.fastq
Processed /work/richlab/azadmanesh/marm_bioinfo/ont_reads/trimmed/cm013//HEN-25-MGE-S264.fastq
Processed /work/richlab/azadmanesh/marm_bioinfo/ont_reads/trimmed/cm013//HEN-49-MGE-S270.fastq
Processed /work/richlab/azadmanesh/marm_bioinfo/ont_reads/trimmed/cm013//HER-22-MGE-S258.fastq
Processed /work/richlab/azadmanesh/marm_bioinfo/ont_reads/trimmed/cm013//HER-37-MGE-S254.fastq
Processed /work/richlab/azadmanesh/marm_bioinfo/ont_reads/trimmed/cm013//IRI-49-MGE-S269.fastq
Processed /work/richlab/azadmanesh/marm_bioinfo/ont_reads/trimmed/cm013//IVY-50-MGE-S272.fastq
Processed /work/richlab/azadmanesh/marm_bioinfo/ont_reads/trimmed/cm013//JOA-22-MGE-S259.fastq
Processed /work/richlab/azadmanesh/marm_bioinfo/ont_reads/trimmed/cm013//JOA-48-MGE-S268.fastq
Processed /work/richlab/azadmanesh/marm_bioinfo/ont_reads/trimmed/cm013//KOR-23-MGE-S260.fastq
Processed /work/richlab/azadmanesh/marm_bioinfo/ont_reads/trimmed/cm013//KOR-45-MGE-S266.fastq
Processed /work/richlab/azadmanesh/marm_bioinfo/ont_reads/trimmed/cm013//KUB-25-MGE-S263.fastq
Processed /work/richlab/azadmanesh/marm_bioinfo/ont_reads/trimmed/cm013//KUB-53-MGE-S276.fastq
Processed /work/richlab/azadmanesh/marm_bioinfo/ont_reads/trimmed/cm013//LAM-51-MGE-S273.fastq
Processed /work/richlab/azadmanesh/marm_bioinfo/ont_reads/trimmed/cm013//MAR-47-MGE-S267.fastq
Processed /work/richlab/azadmanesh/marm_bioinfo/ont_reads/trimmed/cm013//OPH-24-MGE-S261.fastq
Processed /work/richlab/azadmanesh/marm_bioinfo/ont_reads/trimmed/cm013//unclassified.fastq
Processed /work/richlab/azadmanesh/marm_bioinfo/ont_reads/trimmed/cm013//WOL-50-MGE-S271.fastq
Organized /work/richlab/azadmanesh/marm_bioinfo/ont_reads/filtered/cm013//BUD-21-MGE-S257.fastq
Organized /work/richlab/azadmanesh/marm_bioinfo/ont_reads/filtered/cm013//CM-NTC-013.fastq
Organized /work/richlab/azadmanesh/marm_bioinfo/ont_reads/filtered/cm013//FRA-24-MGE-S262.fastq
Organized /work/richlab/azadmanesh/marm_bioinfo/ont_reads/filtered/cm013//FRA-51-MGE-S274.fastq
Organized /work/richlab/azadmanesh/marm_bioinfo/ont_reads/filtered/cm013//GIN-20-MGE-S255.fastq
Organized /work/richlab/azadmanesh/marm_bioinfo/ont_reads/filtered/cm013//GIN-44-MGE-S265.fastq
Organized /work/richlab/azadmanesh/marm_bioinfo/ont_reads/filtered/cm013//GOO-52-MGE-S275.fastq
Organized /work/richlab/azadmanesh/marm_bioinfo/ont_reads/filtered/cm013//HAM-21-MGE-S256.fastq
Organized /work/richlab/azadmanesh/marm_bioinfo/ont_reads/filtered/cm013//HEN-25-MGE-S264.fastq
Organized /work/richlab/azadmanesh/marm_bioinfo/ont_reads/filtered/cm013//HEN-49-MGE-S270.fastq
Organized /work/richlab/azadmanesh/marm_bioinfo/ont_reads/filtered/cm013//HER-22-MGE-S258.fastq
Organized /work/richlab/azadmanesh/marm_bioinfo/ont_reads/filtered/cm013//HER-37-MGE-S254.fastq
Organized /work/richlab/azadmanesh/marm_bioinfo/ont_reads/filtered/cm013//IRI-49-MGE-S269.fastq
Organized /work/richlab/azadmanesh/marm_bioinfo/ont_reads/filtered/cm013//IVY-50-MGE-S272.fastq
Organized /work/richlab/azadmanesh/marm_bioinfo/ont_reads/filtered/cm013//JOA-22-MGE-S259.fastq
Organized /work/richlab/azadmanesh/marm_bioinfo/ont_reads/filtered/cm013//JOA-48-MGE-S268.fastq
Organized /work/richlab/azadmanesh/marm_bioinfo/ont_reads/filtered/cm013//KOR-23-MGE-S260.fastq
Organized /work/richlab/azadmanesh/marm_bioinfo/ont_reads/filtered/cm013//KOR-45-MGE-S266.fastq
Organized /work/richlab/azadmanesh/marm_bioinfo/ont_reads/filtered/cm013//KUB-25-MGE-S263.fastq
Organized /work/richlab/azadmanesh/marm_bioinfo/ont_reads/filtered/cm013//KUB-53-MGE-S276.fastq
Organized /work/richlab/azadmanesh/marm_bioinfo/ont_reads/filtered/cm013//LAM-51-MGE-S273.fastq
Organized /work/richlab/azadmanesh/marm_bioinfo/ont_reads/filtered/cm013//MAR-47-MGE-S267.fastq
Organized /work/richlab/azadmanesh/marm_bioinfo/ont_reads/filtered/cm013//OPH-24-MGE-S261.fastq
Organized /work/richlab/azadmanesh/marm_bioinfo/ont_reads/filtered/cm013//unclassified.fastq
Organized /work/richlab/azadmanesh/marm_bioinfo/ont_reads/filtered/cm013//WOL-50-MGE-S271.fastq
