Processed /work/richlab/azadmanesh/marm_bioinfo/ont_reads/trimmed/cm002//GOO-4-DRS-S20.fastq
Processed /work/richlab/azadmanesh/marm_bioinfo/ont_reads/trimmed/cm002//GOO-4-MGE-S21.fastq
Processed /work/richlab/azadmanesh/marm_bioinfo/ont_reads/trimmed/cm002//GRO-36-MGE-S13.fastq
Processed /work/richlab/azadmanesh/marm_bioinfo/ont_reads/trimmed/cm002//GRO-41-MGE-S7.fastq
Processed /work/richlab/azadmanesh/marm_bioinfo/ont_reads/trimmed/cm002//HAM-17-MGE-S5.fastq
Processed /work/richlab/azadmanesh/marm_bioinfo/ont_reads/trimmed/cm002//IRI-16-MGE-S1.fastq
Processed /work/richlab/azadmanesh/marm_bioinfo/ont_reads/trimmed/cm002//JAR-2-MGE-S4.fastq
Processed /work/richlab/azadmanesh/marm_bioinfo/ont_reads/trimmed/cm002//JAR-3-MGE-S19.fastq
Processed /work/richlab/azadmanesh/marm_bioinfo/ont_reads/trimmed/cm002//KOR-58-MGE-S14.fastq
Processed /work/richlab/azadmanesh/marm_bioinfo/ont_reads/trimmed/cm002//KUB-58-MGE-S11.fastq
Processed /work/richlab/azadmanesh/marm_bioinfo/ont_reads/trimmed/cm002//LAM-2-DRS-S16.fastq
Processed /work/richlab/azadmanesh/marm_bioinfo/ont_reads/trimmed/cm002//LAM-2-MGE-S17.fastq
Processed /work/richlab/azadmanesh/marm_bioinfo/ont_reads/trimmed/cm002//MAR-37-MGE-S22.fastq
Processed /work/richlab/azadmanesh/marm_bioinfo/ont_reads/trimmed/cm002//unclassified.fastq
Organized /work/richlab/azadmanesh/marm_bioinfo/ont_reads/filtered/cm002//GOO-4-DRS-S20.fastq
Organized /work/richlab/azadmanesh/marm_bioinfo/ont_reads/filtered/cm002//GOO-4-MGE-S21.fastq
Organized /work/richlab/azadmanesh/marm_bioinfo/ont_reads/filtered/cm002//GRO-36-MGE-S13.fastq
Organized /work/richlab/azadmanesh/marm_bioinfo/ont_reads/filtered/cm002//GRO-41-MGE-S7.fastq
Organized /work/richlab/azadmanesh/marm_bioinfo/ont_reads/filtered/cm002//HAM-17-MGE-S5.fastq
Organized /work/richlab/azadmanesh/marm_bioinfo/ont_reads/filtered/cm002//IRI-16-MGE-S1.fastq
Organized /work/richlab/azadmanesh/marm_bioinfo/ont_reads/filtered/cm002//JAR-2-MGE-S4.fastq
Organized /work/richlab/azadmanesh/marm_bioinfo/ont_reads/filtered/cm002//JAR-3-MGE-S19.fastq
Organized /work/richlab/azadmanesh/marm_bioinfo/ont_reads/filtered/cm002//KOR-58-MGE-S14.fastq
Organized /work/richlab/azadmanesh/marm_bioinfo/ont_reads/filtered/cm002//KUB-58-MGE-S11.fastq
Organized /work/richlab/azadmanesh/marm_bioinfo/ont_reads/filtered/cm002//LAM-2-DRS-S16.fastq
Organized /work/richlab/azadmanesh/marm_bioinfo/ont_reads/filtered/cm002//LAM-2-MGE-S17.fastq
Organized /work/richlab/azadmanesh/marm_bioinfo/ont_reads/filtered/cm002//MAR-37-MGE-S22.fastq
Organized /work/richlab/azadmanesh/marm_bioinfo/ont_reads/filtered/cm002//unclassified.fastq
