Processed /work/richlab/azadmanesh/marm_bioinfo/ont_reads/trimmed/cm006//BUD-56-MGE-S98.fastq
Processed /work/richlab/azadmanesh/marm_bioinfo/ont_reads/trimmed/cm006//CHA-50-MGE-S110.fastq
Processed /work/richlab/azadmanesh/marm_bioinfo/ont_reads/trimmed/cm006//CM-NTC-006.fastq
Processed /work/richlab/azadmanesh/marm_bioinfo/ont_reads/trimmed/cm006//FRA-48-MGE-S114.fastq
Processed /work/richlab/azadmanesh/marm_bioinfo/ont_reads/trimmed/cm006//FRA-56-MGE-S111.fastq
Processed /work/richlab/azadmanesh/marm_bioinfo/ont_reads/trimmed/cm006//GIN-55-DRS-S96.fastq
Processed /work/richlab/azadmanesh/marm_bioinfo/ont_reads/trimmed/cm006//GIN-55-MGE-S97.fastq
Processed /work/richlab/azadmanesh/marm_bioinfo/ont_reads/trimmed/cm006//GOO-37-MGE-S112.fastq
Processed /work/richlab/azadmanesh/marm_bioinfo/ont_reads/trimmed/cm006//GOO-58-MGE-S99.fastq
Processed /work/richlab/azadmanesh/marm_bioinfo/ont_reads/trimmed/cm006//GRO-37-MGE-S94.fastq
Processed /work/richlab/azadmanesh/marm_bioinfo/ont_reads/trimmed/cm006//HEN-9-DRS-S104.fastq
Processed /work/richlab/azadmanesh/marm_bioinfo/ont_reads/trimmed/cm006//HEN-9-MGE-S105.fastq
Processed /work/richlab/azadmanesh/marm_bioinfo/ont_reads/trimmed/cm006//HER-14-MGE-S106.fastq
Processed /work/richlab/azadmanesh/marm_bioinfo/ont_reads/trimmed/cm006//IRI-60-MGE-S101.fastq
Processed /work/richlab/azadmanesh/marm_bioinfo/ont_reads/trimmed/cm006//IVY-9-MGE-S103.fastq
Processed /work/richlab/azadmanesh/marm_bioinfo/ont_reads/trimmed/cm006//JAR-50-MGE-S109.fastq
Processed /work/richlab/azadmanesh/marm_bioinfo/ont_reads/trimmed/cm006//KUB-37-MGE-S108.fastq
Processed /work/richlab/azadmanesh/marm_bioinfo/ont_reads/trimmed/cm006//MAR-60-MGE-S102.fastq
Processed /work/richlab/azadmanesh/marm_bioinfo/ont_reads/trimmed/cm006//OPH-37-MGE-S93.fastq
Processed /work/richlab/azadmanesh/marm_bioinfo/ont_reads/trimmed/cm006//OPH-48-MGE-S113.fastq
Processed /work/richlab/azadmanesh/marm_bioinfo/ont_reads/trimmed/cm006//OPH-55-MGE-S95.fastq
Processed /work/richlab/azadmanesh/marm_bioinfo/ont_reads/trimmed/cm006//OPH-59-MGE-S100.fastq
Processed /work/richlab/azadmanesh/marm_bioinfo/ont_reads/trimmed/cm006//unclassified.fastq
Processed /work/richlab/azadmanesh/marm_bioinfo/ont_reads/trimmed/cm006//WOL-14-MGE-S107.fastq
Processed /work/richlab/azadmanesh/marm_bioinfo/ont_reads/trimmed/cm006//WOL-49-MGE-S115.fastq
Organized /work/richlab/azadmanesh/marm_bioinfo/ont_reads/filtered/cm006//BUD-56-MGE-S98.fastq
Organized /work/richlab/azadmanesh/marm_bioinfo/ont_reads/filtered/cm006//CHA-50-MGE-S110.fastq
Organized /work/richlab/azadmanesh/marm_bioinfo/ont_reads/filtered/cm006//CM-NTC-006.fastq
Organized /work/richlab/azadmanesh/marm_bioinfo/ont_reads/filtered/cm006//FRA-48-MGE-S114.fastq
Organized /work/richlab/azadmanesh/marm_bioinfo/ont_reads/filtered/cm006//FRA-56-MGE-S111.fastq
Organized /work/richlab/azadmanesh/marm_bioinfo/ont_reads/filtered/cm006//GIN-55-DRS-S96.fastq
Organized /work/richlab/azadmanesh/marm_bioinfo/ont_reads/filtered/cm006//GIN-55-MGE-S97.fastq
Organized /work/richlab/azadmanesh/marm_bioinfo/ont_reads/filtered/cm006//GOO-37-MGE-S112.fastq
Organized /work/richlab/azadmanesh/marm_bioinfo/ont_reads/filtered/cm006//GOO-58-MGE-S99.fastq
Organized /work/richlab/azadmanesh/marm_bioinfo/ont_reads/filtered/cm006//GRO-37-MGE-S94.fastq
Organized /work/richlab/azadmanesh/marm_bioinfo/ont_reads/filtered/cm006//HEN-9-DRS-S104.fastq
Organized /work/richlab/azadmanesh/marm_bioinfo/ont_reads/filtered/cm006//HEN-9-MGE-S105.fastq
Organized /work/richlab/azadmanesh/marm_bioinfo/ont_reads/filtered/cm006//HER-14-MGE-S106.fastq
Organized /work/richlab/azadmanesh/marm_bioinfo/ont_reads/filtered/cm006//IRI-60-MGE-S101.fastq
Organized /work/richlab/azadmanesh/marm_bioinfo/ont_reads/filtered/cm006//IVY-9-MGE-S103.fastq
Organized /work/richlab/azadmanesh/marm_bioinfo/ont_reads/filtered/cm006//JAR-50-MGE-S109.fastq
Organized /work/richlab/azadmanesh/marm_bioinfo/ont_reads/filtered/cm006//KUB-37-MGE-S108.fastq
Organized /work/richlab/azadmanesh/marm_bioinfo/ont_reads/filtered/cm006//MAR-60-MGE-S102.fastq
Organized /work/richlab/azadmanesh/marm_bioinfo/ont_reads/filtered/cm006//OPH-37-MGE-S93.fastq
Organized /work/richlab/azadmanesh/marm_bioinfo/ont_reads/filtered/cm006//OPH-48-MGE-S113.fastq
Organized /work/richlab/azadmanesh/marm_bioinfo/ont_reads/filtered/cm006//OPH-55-MGE-S95.fastq
Organized /work/richlab/azadmanesh/marm_bioinfo/ont_reads/filtered/cm006//OPH-59-MGE-S100.fastq
Organized /work/richlab/azadmanesh/marm_bioinfo/ont_reads/filtered/cm006//unclassified.fastq
Organized /work/richlab/azadmanesh/marm_bioinfo/ont_reads/filtered/cm006//WOL-14-MGE-S107.fastq
Organized /work/richlab/azadmanesh/marm_bioinfo/ont_reads/filtered/cm006//WOL-49-MGE-S115.fastq
