Processed /work/richlab/azadmanesh/marm_bioinfo/ont_reads/trimmed/cm007//BUD-50-MGE-S118.fastq
Processed /work/richlab/azadmanesh/marm_bioinfo/ont_reads/trimmed/cm007//CHA-49-MGE-S116.fastq
Processed /work/richlab/azadmanesh/marm_bioinfo/ont_reads/trimmed/cm007//CHA-51-MGE-S131.fastq
Processed /work/richlab/azadmanesh/marm_bioinfo/ont_reads/trimmed/cm007//FRA-22-MGE-S138.fastq
Processed /work/richlab/azadmanesh/marm_bioinfo/ont_reads/trimmed/cm007//FRA-49-MGE-S125.fastq
Processed /work/richlab/azadmanesh/marm_bioinfo/ont_reads/trimmed/cm007//GIN-47-MGE-S133.fastq
Processed /work/richlab/azadmanesh/marm_bioinfo/ont_reads/trimmed/cm007//GIN-49-MGE-S130.fastq
Processed /work/richlab/azadmanesh/marm_bioinfo/ont_reads/trimmed/cm007//GOO-44-MGE-S121.fastq
Processed /work/richlab/azadmanesh/marm_bioinfo/ont_reads/trimmed/cm007//GRO-45-MGE-S128.fastq
Processed /work/richlab/azadmanesh/marm_bioinfo/ont_reads/trimmed/cm007//HEN-42-MGE-S126.fastq
Processed /work/richlab/azadmanesh/marm_bioinfo/ont_reads/trimmed/cm007//HEN-59-MGE-S135.fastq
Processed /work/richlab/azadmanesh/marm_bioinfo/ont_reads/trimmed/cm007//HER-45-MGE-S127.fastq
Processed /work/richlab/azadmanesh/marm_bioinfo/ont_reads/trimmed/cm007//IVY-46-MGE-S123.fastq
Processed /work/richlab/azadmanesh/marm_bioinfo/ont_reads/trimmed/cm007//JOA-44-MGE-S122.fastq
Processed /work/richlab/azadmanesh/marm_bioinfo/ont_reads/trimmed/cm007//JOA-51-MGE-S119.fastq
Processed /work/richlab/azadmanesh/marm_bioinfo/ont_reads/trimmed/cm007//JOA-62-MGE-S137.fastq
Processed /work/richlab/azadmanesh/marm_bioinfo/ont_reads/trimmed/cm007//KOR-49-MGE-S134.fastq
Processed /work/richlab/azadmanesh/marm_bioinfo/ont_reads/trimmed/cm007//KUB-30-MGE-S132.fastq
Processed /work/richlab/azadmanesh/marm_bioinfo/ont_reads/trimmed/cm007//KUB-48-MGE-S124.fastq
Processed /work/richlab/azadmanesh/marm_bioinfo/ont_reads/trimmed/cm007//LAM-37-MGE-S120.fastq
Processed /work/richlab/azadmanesh/marm_bioinfo/ont_reads/trimmed/cm007//LAM-50-MGE-S117.fastq
Processed /work/richlab/azadmanesh/marm_bioinfo/ont_reads/trimmed/cm007//OPH-49-MGE-S129.fastq
Processed /work/richlab/azadmanesh/marm_bioinfo/ont_reads/trimmed/cm007//unclassified.fastq
Processed /work/richlab/azadmanesh/marm_bioinfo/ont_reads/trimmed/cm007//WOL-60-MGE-S136.fastq
Organized /work/richlab/azadmanesh/marm_bioinfo/ont_reads/filtered/cm007//BUD-50-MGE-S118.fastq
Organized /work/richlab/azadmanesh/marm_bioinfo/ont_reads/filtered/cm007//CHA-49-MGE-S116.fastq
Organized /work/richlab/azadmanesh/marm_bioinfo/ont_reads/filtered/cm007//CHA-51-MGE-S131.fastq
Organized /work/richlab/azadmanesh/marm_bioinfo/ont_reads/filtered/cm007//FRA-22-MGE-S138.fastq
Organized /work/richlab/azadmanesh/marm_bioinfo/ont_reads/filtered/cm007//FRA-49-MGE-S125.fastq
Organized /work/richlab/azadmanesh/marm_bioinfo/ont_reads/filtered/cm007//GIN-47-MGE-S133.fastq
Organized /work/richlab/azadmanesh/marm_bioinfo/ont_reads/filtered/cm007//GIN-49-MGE-S130.fastq
Organized /work/richlab/azadmanesh/marm_bioinfo/ont_reads/filtered/cm007//GOO-44-MGE-S121.fastq
Organized /work/richlab/azadmanesh/marm_bioinfo/ont_reads/filtered/cm007//GRO-45-MGE-S128.fastq
Organized /work/richlab/azadmanesh/marm_bioinfo/ont_reads/filtered/cm007//HEN-42-MGE-S126.fastq
Organized /work/richlab/azadmanesh/marm_bioinfo/ont_reads/filtered/cm007//HEN-59-MGE-S135.fastq
Organized /work/richlab/azadmanesh/marm_bioinfo/ont_reads/filtered/cm007//HER-45-MGE-S127.fastq
Organized /work/richlab/azadmanesh/marm_bioinfo/ont_reads/filtered/cm007//IVY-46-MGE-S123.fastq
Organized /work/richlab/azadmanesh/marm_bioinfo/ont_reads/filtered/cm007//JOA-44-MGE-S122.fastq
Organized /work/richlab/azadmanesh/marm_bioinfo/ont_reads/filtered/cm007//JOA-51-MGE-S119.fastq
Organized /work/richlab/azadmanesh/marm_bioinfo/ont_reads/filtered/cm007//JOA-62-MGE-S137.fastq
Organized /work/richlab/azadmanesh/marm_bioinfo/ont_reads/filtered/cm007//KOR-49-MGE-S134.fastq
Organized /work/richlab/azadmanesh/marm_bioinfo/ont_reads/filtered/cm007//KUB-30-MGE-S132.fastq
Organized /work/richlab/azadmanesh/marm_bioinfo/ont_reads/filtered/cm007//KUB-48-MGE-S124.fastq
Organized /work/richlab/azadmanesh/marm_bioinfo/ont_reads/filtered/cm007//LAM-37-MGE-S120.fastq
Organized /work/richlab/azadmanesh/marm_bioinfo/ont_reads/filtered/cm007//LAM-50-MGE-S117.fastq
Organized /work/richlab/azadmanesh/marm_bioinfo/ont_reads/filtered/cm007//OPH-49-MGE-S129.fastq
Organized /work/richlab/azadmanesh/marm_bioinfo/ont_reads/filtered/cm007//unclassified.fastq
Organized /work/richlab/azadmanesh/marm_bioinfo/ont_reads/filtered/cm007//WOL-60-MGE-S136.fastq
