Processed /work/richlab/azadmanesh/marm_bioinfo/ont_reads/trimmed/cm011//BUD-45-MGE-S220.fastq
Processed /work/richlab/azadmanesh/marm_bioinfo/ont_reads/trimmed/cm011//CHA-52-MGE-S226.fastq
Processed /work/richlab/azadmanesh/marm_bioinfo/ont_reads/trimmed/cm011//CM-NTC-011.fastq
Processed /work/richlab/azadmanesh/marm_bioinfo/ont_reads/trimmed/cm011//GIN-18-MGE-S211.fastq
Processed /work/richlab/azadmanesh/marm_bioinfo/ont_reads/trimmed/cm011//GIN-41-MGE-S217.fastq
Processed /work/richlab/azadmanesh/marm_bioinfo/ont_reads/trimmed/cm011//GOO-24-MGE-S214.fastq
Processed /work/richlab/azadmanesh/marm_bioinfo/ont_reads/trimmed/cm011//GRO-9-MGE-S229.fastq
Processed /work/richlab/azadmanesh/marm_bioinfo/ont_reads/trimmed/cm011//HAM-45-MGE-S219.fastq
Processed /work/richlab/azadmanesh/marm_bioinfo/ont_reads/trimmed/cm011//HEN-24-MGE-S215.fastq
Processed /work/richlab/azadmanesh/marm_bioinfo/ont_reads/trimmed/cm011//HEN-45-MGE-S221.fastq
Processed /work/richlab/azadmanesh/marm_bioinfo/ont_reads/trimmed/cm011//HER-18-MGE-S209.fastq
Processed /work/richlab/azadmanesh/marm_bioinfo/ont_reads/trimmed/cm011//HER-41-MGE-S216.fastq
Processed /work/richlab/azadmanesh/marm_bioinfo/ont_reads/trimmed/cm011//HER-7-MGE-S227.fastq
Processed /work/richlab/azadmanesh/marm_bioinfo/ont_reads/trimmed/cm011//IVY-17-MGE-S208.fastq
Processed /work/richlab/azadmanesh/marm_bioinfo/ont_reads/trimmed/cm011//IVY-42-MGE-S218.fastq
Processed /work/richlab/azadmanesh/marm_bioinfo/ont_reads/trimmed/cm011//IVY-48-MGE-S224.fastq
Processed /work/richlab/azadmanesh/marm_bioinfo/ont_reads/trimmed/cm011//JAR-11-MGE-S230.fastq
Processed /work/richlab/azadmanesh/marm_bioinfo/ont_reads/trimmed/cm011//JAR-48-MGE-S223.fastq
Processed /work/richlab/azadmanesh/marm_bioinfo/ont_reads/trimmed/cm011//KOR-22-MGE-S212.fastq
Processed /work/richlab/azadmanesh/marm_bioinfo/ont_reads/trimmed/cm011//KOR-9-MGE-S228.fastq
Processed /work/richlab/azadmanesh/marm_bioinfo/ont_reads/trimmed/cm011//KUB-18-MGE-S210.fastq
Processed /work/richlab/azadmanesh/marm_bioinfo/ont_reads/trimmed/cm011//MAR-22-MGE-S213.fastq
Processed /work/richlab/azadmanesh/marm_bioinfo/ont_reads/trimmed/cm011//MAR-46-MGE-S222.fastq
Processed /work/richlab/azadmanesh/marm_bioinfo/ont_reads/trimmed/cm011//OPH-50-MGE-S225.fastq
Processed /work/richlab/azadmanesh/marm_bioinfo/ont_reads/trimmed/cm011//unclassified.fastq
Organized /work/richlab/azadmanesh/marm_bioinfo/ont_reads/filtered/cm011//BUD-45-MGE-S220.fastq
Organized /work/richlab/azadmanesh/marm_bioinfo/ont_reads/filtered/cm011//CHA-52-MGE-S226.fastq
Organized /work/richlab/azadmanesh/marm_bioinfo/ont_reads/filtered/cm011//CM-NTC-011.fastq
Organized /work/richlab/azadmanesh/marm_bioinfo/ont_reads/filtered/cm011//GIN-18-MGE-S211.fastq
Organized /work/richlab/azadmanesh/marm_bioinfo/ont_reads/filtered/cm011//GIN-41-MGE-S217.fastq
Organized /work/richlab/azadmanesh/marm_bioinfo/ont_reads/filtered/cm011//GOO-24-MGE-S214.fastq
Organized /work/richlab/azadmanesh/marm_bioinfo/ont_reads/filtered/cm011//GRO-9-MGE-S229.fastq
Organized /work/richlab/azadmanesh/marm_bioinfo/ont_reads/filtered/cm011//HAM-45-MGE-S219.fastq
Organized /work/richlab/azadmanesh/marm_bioinfo/ont_reads/filtered/cm011//HEN-24-MGE-S215.fastq
Organized /work/richlab/azadmanesh/marm_bioinfo/ont_reads/filtered/cm011//HEN-45-MGE-S221.fastq
Organized /work/richlab/azadmanesh/marm_bioinfo/ont_reads/filtered/cm011//HER-18-MGE-S209.fastq
Organized /work/richlab/azadmanesh/marm_bioinfo/ont_reads/filtered/cm011//HER-41-MGE-S216.fastq
Organized /work/richlab/azadmanesh/marm_bioinfo/ont_reads/filtered/cm011//HER-7-MGE-S227.fastq
Organized /work/richlab/azadmanesh/marm_bioinfo/ont_reads/filtered/cm011//IVY-17-MGE-S208.fastq
Organized /work/richlab/azadmanesh/marm_bioinfo/ont_reads/filtered/cm011//IVY-42-MGE-S218.fastq
Organized /work/richlab/azadmanesh/marm_bioinfo/ont_reads/filtered/cm011//IVY-48-MGE-S224.fastq
Organized /work/richlab/azadmanesh/marm_bioinfo/ont_reads/filtered/cm011//JAR-11-MGE-S230.fastq
Organized /work/richlab/azadmanesh/marm_bioinfo/ont_reads/filtered/cm011//JAR-48-MGE-S223.fastq
Organized /work/richlab/azadmanesh/marm_bioinfo/ont_reads/filtered/cm011//KOR-22-MGE-S212.fastq
Organized /work/richlab/azadmanesh/marm_bioinfo/ont_reads/filtered/cm011//KOR-9-MGE-S228.fastq
Organized /work/richlab/azadmanesh/marm_bioinfo/ont_reads/filtered/cm011//KUB-18-MGE-S210.fastq
Organized /work/richlab/azadmanesh/marm_bioinfo/ont_reads/filtered/cm011//MAR-22-MGE-S213.fastq
Organized /work/richlab/azadmanesh/marm_bioinfo/ont_reads/filtered/cm011//MAR-46-MGE-S222.fastq
Organized /work/richlab/azadmanesh/marm_bioinfo/ont_reads/filtered/cm011//OPH-50-MGE-S225.fastq
Organized /work/richlab/azadmanesh/marm_bioinfo/ont_reads/filtered/cm011//unclassified.fastq
