Processed /work/richlab/azadmanesh/marm_bioinfo/ont_reads/trimmed/cm005//BUD-46-MGE-S81.fastq
Processed /work/richlab/azadmanesh/marm_bioinfo/ont_reads/trimmed/cm005//CM-NTC-005.fastq
Processed /work/richlab/azadmanesh/marm_bioinfo/ont_reads/trimmed/cm005//FRA-9-MGE-S71.fastq
Processed /work/richlab/azadmanesh/marm_bioinfo/ont_reads/trimmed/cm005//GIN-14-MGE-S75.fastq
Processed /work/richlab/azadmanesh/marm_bioinfo/ont_reads/trimmed/cm005//GIN-7-DRS-S87.fastq
Processed /work/richlab/azadmanesh/marm_bioinfo/ont_reads/trimmed/cm005//GIN-7-MGE-S88.fastq
Processed /work/richlab/azadmanesh/marm_bioinfo/ont_reads/trimmed/cm005//GOO-42-MGE-S76.fastq
Processed /work/richlab/azadmanesh/marm_bioinfo/ont_reads/trimmed/cm005//HER-11-MGE-S72.fastq
Processed /work/richlab/azadmanesh/marm_bioinfo/ont_reads/trimmed/cm005//IRI-46-MGE-S80.fastq
Processed /work/richlab/azadmanesh/marm_bioinfo/ont_reads/trimmed/cm005//IRI-7-DRS-S85.fastq
Processed /work/richlab/azadmanesh/marm_bioinfo/ont_reads/trimmed/cm005//IRI-7-MGE-S86.fastq
Processed /work/richlab/azadmanesh/marm_bioinfo/ont_reads/trimmed/cm005//IVY-24-DRS-S92.fastq
Processed /work/richlab/azadmanesh/marm_bioinfo/ont_reads/trimmed/cm005//IVY-24-MGE-S90.fastq
Processed /work/richlab/azadmanesh/marm_bioinfo/ont_reads/trimmed/cm005//JAR-49-DRS-S70.fastq
Processed /work/richlab/azadmanesh/marm_bioinfo/ont_reads/trimmed/cm005//JOA-21-MGE-S89.fastq
Processed /work/richlab/azadmanesh/marm_bioinfo/ont_reads/trimmed/cm005//KOR-6-DRS-S83.fastq
Processed /work/richlab/azadmanesh/marm_bioinfo/ont_reads/trimmed/cm005//KOR-6-MGE-S84.fastq
Processed /work/richlab/azadmanesh/marm_bioinfo/ont_reads/trimmed/cm005//KUB-14-MGE-S74.fastq
Processed /work/richlab/azadmanesh/marm_bioinfo/ont_reads/trimmed/cm005//LAM-44-DRS-S77.fastq
Processed /work/richlab/azadmanesh/marm_bioinfo/ont_reads/trimmed/cm005//MAR-24-DRS-S91.fastq
Processed /work/richlab/azadmanesh/marm_bioinfo/ont_reads/trimmed/cm005//MAR-44-MGE-S78.fastq
Processed /work/richlab/azadmanesh/marm_bioinfo/ont_reads/trimmed/cm005//OPH-45-MGE-S79.fastq
Processed /work/richlab/azadmanesh/marm_bioinfo/ont_reads/trimmed/cm005//PAD-11-MGE-S73.fastq
Processed /work/richlab/azadmanesh/marm_bioinfo/ont_reads/trimmed/cm005//PAD-5-MGE-S82.fastq
Processed /work/richlab/azadmanesh/marm_bioinfo/ont_reads/trimmed/cm005//unclassified.fastq
Organized /work/richlab/azadmanesh/marm_bioinfo/ont_reads/filtered/cm005//BUD-46-MGE-S81.fastq
Organized /work/richlab/azadmanesh/marm_bioinfo/ont_reads/filtered/cm005//CM-NTC-005.fastq
Organized /work/richlab/azadmanesh/marm_bioinfo/ont_reads/filtered/cm005//FRA-9-MGE-S71.fastq
Organized /work/richlab/azadmanesh/marm_bioinfo/ont_reads/filtered/cm005//GIN-14-MGE-S75.fastq
Organized /work/richlab/azadmanesh/marm_bioinfo/ont_reads/filtered/cm005//GIN-7-DRS-S87.fastq
Organized /work/richlab/azadmanesh/marm_bioinfo/ont_reads/filtered/cm005//GIN-7-MGE-S88.fastq
Organized /work/richlab/azadmanesh/marm_bioinfo/ont_reads/filtered/cm005//GOO-42-MGE-S76.fastq
Organized /work/richlab/azadmanesh/marm_bioinfo/ont_reads/filtered/cm005//HER-11-MGE-S72.fastq
Organized /work/richlab/azadmanesh/marm_bioinfo/ont_reads/filtered/cm005//IRI-46-MGE-S80.fastq
Organized /work/richlab/azadmanesh/marm_bioinfo/ont_reads/filtered/cm005//IRI-7-DRS-S85.fastq
Organized /work/richlab/azadmanesh/marm_bioinfo/ont_reads/filtered/cm005//IRI-7-MGE-S86.fastq
Organized /work/richlab/azadmanesh/marm_bioinfo/ont_reads/filtered/cm005//IVY-24-DRS-S92.fastq
Organized /work/richlab/azadmanesh/marm_bioinfo/ont_reads/filtered/cm005//IVY-24-MGE-S90.fastq
Organized /work/richlab/azadmanesh/marm_bioinfo/ont_reads/filtered/cm005//JAR-49-DRS-S70.fastq
Organized /work/richlab/azadmanesh/marm_bioinfo/ont_reads/filtered/cm005//JOA-21-MGE-S89.fastq
Organized /work/richlab/azadmanesh/marm_bioinfo/ont_reads/filtered/cm005//KOR-6-DRS-S83.fastq
Organized /work/richlab/azadmanesh/marm_bioinfo/ont_reads/filtered/cm005//KOR-6-MGE-S84.fastq
Organized /work/richlab/azadmanesh/marm_bioinfo/ont_reads/filtered/cm005//KUB-14-MGE-S74.fastq
Organized /work/richlab/azadmanesh/marm_bioinfo/ont_reads/filtered/cm005//LAM-44-DRS-S77.fastq
Organized /work/richlab/azadmanesh/marm_bioinfo/ont_reads/filtered/cm005//MAR-24-DRS-S91.fastq
Organized /work/richlab/azadmanesh/marm_bioinfo/ont_reads/filtered/cm005//MAR-44-MGE-S78.fastq
Organized /work/richlab/azadmanesh/marm_bioinfo/ont_reads/filtered/cm005//OPH-45-MGE-S79.fastq
Organized /work/richlab/azadmanesh/marm_bioinfo/ont_reads/filtered/cm005//PAD-11-MGE-S73.fastq
Organized /work/richlab/azadmanesh/marm_bioinfo/ont_reads/filtered/cm005//PAD-5-MGE-S82.fastq
Organized /work/richlab/azadmanesh/marm_bioinfo/ont_reads/filtered/cm005//unclassified.fastq
