Processed /work/richlab/azadmanesh/marm_bioinfo/ont_reads/trimmed/cm009//BUD-57-MGE-S165.fastq
Processed /work/richlab/azadmanesh/marm_bioinfo/ont_reads/trimmed/cm009//CM-NTC-009.fastq
Processed /work/richlab/azadmanesh/marm_bioinfo/ont_reads/trimmed/cm009//GIN-27-MGE-S171.fastq
Processed /work/richlab/azadmanesh/marm_bioinfo/ont_reads/trimmed/cm009//GIN-29-MGE-S177.fastq
Processed /work/richlab/azadmanesh/marm_bioinfo/ont_reads/trimmed/cm009//GIN-2-MGE-S174.fastq
Processed /work/richlab/azadmanesh/marm_bioinfo/ont_reads/trimmed/cm009//HAM-59-MGE-S182.fastq
Processed /work/richlab/azadmanesh/marm_bioinfo/ont_reads/trimmed/cm009//HEN-29-MGE-S162.fastq
Processed /work/richlab/azadmanesh/marm_bioinfo/ont_reads/trimmed/cm009//HEN-66-MGE-S173.fastq
Processed /work/richlab/azadmanesh/marm_bioinfo/ont_reads/trimmed/cm009//HER-1-MGE-S175.fastq
Processed /work/richlab/azadmanesh/marm_bioinfo/ont_reads/trimmed/cm009//IRI-59-MGE-S167.fastq
Processed /work/richlab/azadmanesh/marm_bioinfo/ont_reads/trimmed/cm009//IVY-29-MGE-S164.fastq
Processed /work/richlab/azadmanesh/marm_bioinfo/ont_reads/trimmed/cm009//IVY-70-MGE-S183.fastq
Processed /work/richlab/azadmanesh/marm_bioinfo/ont_reads/trimmed/cm009//JAR-15-MGE-S176.fastq
Processed /work/richlab/azadmanesh/marm_bioinfo/ont_reads/trimmed/cm009//JAR-29-MGE-S184.fastq
Processed /work/richlab/azadmanesh/marm_bioinfo/ont_reads/trimmed/cm009//JOA-14-MGE-S170.fastq
Processed /work/richlab/azadmanesh/marm_bioinfo/ont_reads/trimmed/cm009//JOA-29-MGE-S181.fastq
Processed /work/richlab/azadmanesh/marm_bioinfo/ont_reads/trimmed/cm009//JOA-57-MGE-S166.fastq
Processed /work/richlab/azadmanesh/marm_bioinfo/ont_reads/trimmed/cm009//KOR-29-MGE-S168.fastq
Processed /work/richlab/azadmanesh/marm_bioinfo/ont_reads/trimmed/cm009//KUB-15-MGE-S180.fastq
Processed /work/richlab/azadmanesh/marm_bioinfo/ont_reads/trimmed/cm009//OPH-43-MGE-S178.fastq
Processed /work/richlab/azadmanesh/marm_bioinfo/ont_reads/trimmed/cm009//OPH-57-MGE-S172.fastq
Processed /work/richlab/azadmanesh/marm_bioinfo/ont_reads/trimmed/cm009//unclassified.fastq
Processed /work/richlab/azadmanesh/marm_bioinfo/ont_reads/trimmed/cm009//WOL-1-MGE-S163.fastq
Processed /work/richlab/azadmanesh/marm_bioinfo/ont_reads/trimmed/cm009//WOL-37-MGE-S169.fastq
Processed /work/richlab/azadmanesh/marm_bioinfo/ont_reads/trimmed/cm009//WOL-57-MGE-S179.fastq
Organized /work/richlab/azadmanesh/marm_bioinfo/ont_reads/filtered/cm009//BUD-57-MGE-S165.fastq
Organized /work/richlab/azadmanesh/marm_bioinfo/ont_reads/filtered/cm009//CM-NTC-009.fastq
Organized /work/richlab/azadmanesh/marm_bioinfo/ont_reads/filtered/cm009//GIN-27-MGE-S171.fastq
Organized /work/richlab/azadmanesh/marm_bioinfo/ont_reads/filtered/cm009//GIN-29-MGE-S177.fastq
Organized /work/richlab/azadmanesh/marm_bioinfo/ont_reads/filtered/cm009//GIN-2-MGE-S174.fastq
Organized /work/richlab/azadmanesh/marm_bioinfo/ont_reads/filtered/cm009//HAM-59-MGE-S182.fastq
Organized /work/richlab/azadmanesh/marm_bioinfo/ont_reads/filtered/cm009//HEN-29-MGE-S162.fastq
Organized /work/richlab/azadmanesh/marm_bioinfo/ont_reads/filtered/cm009//HEN-66-MGE-S173.fastq
Organized /work/richlab/azadmanesh/marm_bioinfo/ont_reads/filtered/cm009//HER-1-MGE-S175.fastq
Organized /work/richlab/azadmanesh/marm_bioinfo/ont_reads/filtered/cm009//IRI-59-MGE-S167.fastq
Organized /work/richlab/azadmanesh/marm_bioinfo/ont_reads/filtered/cm009//IVY-29-MGE-S164.fastq
Organized /work/richlab/azadmanesh/marm_bioinfo/ont_reads/filtered/cm009//IVY-70-MGE-S183.fastq
Organized /work/richlab/azadmanesh/marm_bioinfo/ont_reads/filtered/cm009//JAR-15-MGE-S176.fastq
Organized /work/richlab/azadmanesh/marm_bioinfo/ont_reads/filtered/cm009//JAR-29-MGE-S184.fastq
Organized /work/richlab/azadmanesh/marm_bioinfo/ont_reads/filtered/cm009//JOA-14-MGE-S170.fastq
Organized /work/richlab/azadmanesh/marm_bioinfo/ont_reads/filtered/cm009//JOA-29-MGE-S181.fastq
Organized /work/richlab/azadmanesh/marm_bioinfo/ont_reads/filtered/cm009//JOA-57-MGE-S166.fastq
Organized /work/richlab/azadmanesh/marm_bioinfo/ont_reads/filtered/cm009//KOR-29-MGE-S168.fastq
Organized /work/richlab/azadmanesh/marm_bioinfo/ont_reads/filtered/cm009//KUB-15-MGE-S180.fastq
Organized /work/richlab/azadmanesh/marm_bioinfo/ont_reads/filtered/cm009//OPH-43-MGE-S178.fastq
Organized /work/richlab/azadmanesh/marm_bioinfo/ont_reads/filtered/cm009//OPH-57-MGE-S172.fastq
Organized /work/richlab/azadmanesh/marm_bioinfo/ont_reads/filtered/cm009//unclassified.fastq
Organized /work/richlab/azadmanesh/marm_bioinfo/ont_reads/filtered/cm009//WOL-1-MGE-S163.fastq
Organized /work/richlab/azadmanesh/marm_bioinfo/ont_reads/filtered/cm009//WOL-37-MGE-S169.fastq
Organized /work/richlab/azadmanesh/marm_bioinfo/ont_reads/filtered/cm009//WOL-57-MGE-S179.fastq
