
 N E X T F L O W   ~  version 24.04.3

Launching `https://github.com/epi2me-labs/wf-16s` [pedantic_allen] DSL2 - revision: a20a5156b9 [master]

WARN: NEXTFLOW RECURSION IS A PREVIEW FEATURE - SYNTAX AND FUNCTIONALITY CAN CHANGE IN FUTURE RELEASES

||||||||||   _____ ____ ___ ____  __  __ _____      _       _
||||||||||  | ____|  _ \_ _|___ \|  \/  | ____|    | | __ _| |__  ___
|||||       |  _| | |_) | |  __) | |\/| |  _| _____| |/ _` | '_ \/ __|
|||||       | |___|  __/| | / __/| |  | | |__|_____| | (_| | |_) \__ \
||||||||||  |_____|_|  |___|_____|_|  |_|_____|    |_|\__,_|_.__/|___/
||||||||||  wf-16s v1.4.0-ga20a515
--------------------------------------------------------------------------------
Core Nextflow options
  revision             : master
  runName              : pedantic_allen
  containerEngine      : singularity
  container            : [withLabel:wfmetagenomics:ontresearch/wf-metagenomics:sha1adcb94088d2397b0d61c0393035f51b1013226a, withLabel:wf_common:ontresearch/wf-common:shabadd33adae761be6f2d59c6ecfb44b19cf472cfc]
  launchDir            : /lustre/work/richlab/azadmanesh/marm_bioinfo
  workDir              : /lustre/work/richlab/azadmanesh/marm_bioinfo/work
  projectDir           : /work/richlab/azadmanesh/assets/epi2me-labs/wf-16s
  userName             : azadmanesh
  profile              : singularity
  configFiles          : /work/richlab/azadmanesh/assets/epi2me-labs/wf-16s/nextflow.config

Input Options
  fastq                : /work/richlab/azadmanesh/marm_bioinfo/ont_reads/filtered/cm006/

Reference Options
  taxonomic_rank       : S

Minimap2 Options
  keep_bam             : true
  minimap2_by_reference: true
  min_percent_identity : 85
  min_ref_coverage     : 80

Report Options
  abundance_threshold  : 0
  n_taxa_barplot       : 12

Output Options
  out_dir              : ../marm_bioinfo/data/outputs_wf16s/cm006/

Advanced Options
  min_len              : 1000
  min_read_qual        : 7
  threads              : 32

!! Only displaying parameters that differ from the pipeline defaults !!
--------------------------------------------------------------------------------
If you use epi2me-labs/wf-16s for your analysis please cite:

* The nf-core framework
  https://doi.org/10.1038/s41587-020-0439-x


--------------------------------------------------------------------------------
This is epi2me-labs/wf-16s v1.4.0-ga20a515.
--------------------------------------------------------------------------------
Checking inputs.
Searching input for [.fastq, .fastq.gz, .fq, .fq.gz] files.
[-        ] fastcat                        -
[-        ] pre…s:download_unpack_taxonomy -
[-        ] pre…wnload_reference_ref2taxid -
[-        ] min…ine:run_common:getVersions -
[-        ] min…eline:run_common:getParams -
[-        ] minimap_pipeline:minimap       -
[-        ] min…pipeline:getAlignmentStats -
[-        ] min…line:createAbundanceTables -
[-        ] minimap_pipeline:makeReport    -
Note: Empty files or those files whose reads have been discarded after filtering based on read length and/or read quality will not appear in the report and will be excluded from subsequent analysis.
Minimap2 pipeline.
Preparing databases.
Using default taxonomy database.
Using a default database.

[-        ] fastcat                        | 0 of 24
[skipped  ] pre…s:download_unpack_taxonomy | 1 of 1, stored: 1 ✔
[skipped  ] pre…wnload_reference_ref2taxid | 1 of 1, stored: 1 ✔
[-        ] min…ine:run_common:getVersions | 0 of 1
[-        ] min…eline:run_common:getParams | 0 of 1
[-        ] minimap_pipeline:minimap       -
[-        ] min…pipeline:getAlignmentStats -
[-        ] min…line:createAbundanceTables -
[-        ] minimap_pipeline:makeReport    -
Note: Empty files or those files whose reads have been discarded after filtering based on read length and/or read quality will not appear in the report and will be excluded from subsequent analysis.
Minimap2 pipeline.
Preparing databases.
Using default taxonomy database.
Using a default database.

executor >  local (9)
[98/0cb1a7] fastcat (24)                   | 0 of 24
[skipped  ] pre…s:download_unpack_taxonomy | 1 of 1, stored: 1 ✔
[skipped  ] pre…wnload_reference_ref2taxid | 1 of 1, stored: 1 ✔
[8e/88709a] min…ine:run_common:getVersions | 0 of 1
[2f/bcba24] min…eline:run_common:getParams | 0 of 1
[-        ] minimap_pipeline:minimap       -
[-        ] min…pipeline:getAlignmentStats -
[-        ] min…line:createAbundanceTables -
[-        ] minimap_pipeline:makeReport    -
Note: Empty files or those files whose reads have been discarded after filtering based on read length and/or read quality will not appear in the report and will be excluded from subsequent analysis.
Minimap2 pipeline.
Preparing databases.
Using default taxonomy database.
Using a default database.

executor >  local (9)
[98/0cb1a7] fastcat (24)                   | 0 of 24
[skipped  ] pre…s:download_unpack_taxonomy | 1 of 1, stored: 1 ✔
[skipped  ] pre…wnload_reference_ref2taxid | 1 of 1, stored: 1 ✔
[8e/88709a] min…ine:run_common:getVersions | 0 of 1
[2f/bcba24] min…eline:run_common:getParams | 0 of 1
[-        ] minimap_pipeline:minimap       -
[-        ] min…pipeline:getAlignmentStats -
[-        ] min…line:createAbundanceTables -
[-        ] minimap_pipeline:makeReport    -
Note: Empty files or those files whose reads have been discarded after filtering based on read length and/or read quality will not appear in the report and will be excluded from subsequent analysis.
Minimap2 pipeline.
Preparing databases.
Using default taxonomy database.
Using a default database.

executor >  local (9)
[98/0cb1a7] fastcat (24)                   | 0 of 24
[skipped  ] pre…s:download_unpack_taxonomy | 1 of 1, stored: 1 ✔
[skipped  ] pre…wnload_reference_ref2taxid | 1 of 1, stored: 1 ✔
[8e/88709a] min…ine:run_common:getVersions | 0 of 1
[2f/bcba24] min…eline:run_common:getParams | 1 of 1 ✔
[-        ] minimap_pipeline:minimap       -
[-        ] min…pipeline:getAlignmentStats -
[-        ] min…line:createAbundanceTables -
[-        ] minimap_pipeline:makeReport    -
Note: Empty files or those files whose reads have been discarded after filtering based on read length and/or read quality will not appear in the report and will be excluded from subsequent analysis.
Minimap2 pipeline.
Preparing databases.
Using default taxonomy database.
Using a default database.

executor >  local (15)
[98/0cb1a7] fastcat (24)                   | 6 of 24
[skipped  ] pre…s:download_unpack_taxonomy | 1 of 1, stored: 1 ✔
[skipped  ] pre…wnload_reference_ref2taxid | 1 of 1, stored: 1 ✔
[8e/88709a] min…ine:run_common:getVersions | 0 of 1
[2f/bcba24] min…eline:run_common:getParams | 1 of 1 ✔
[-        ] minimap_pipeline:minimap       | 0 of 6
[-        ] min…pipeline:getAlignmentStats -
[-        ] min…line:createAbundanceTables -
[-        ] minimap_pipeline:makeReport    -
Note: Empty files or those files whose reads have been discarded after filtering based on read length and/or read quality will not appear in the report and will be excluded from subsequent analysis.
Minimap2 pipeline.
Preparing databases.
Using default taxonomy database.
Using a default database.

executor >  local (16)
[a8/685f11] fastcat (9)                    | 7 of 24
[skipped  ] pre…s:download_unpack_taxonomy | 1 of 1, stored: 1 ✔
[skipped  ] pre…wnload_reference_ref2taxid | 1 of 1, stored: 1 ✔
[8e/88709a] min…ine:run_common:getVersions | 0 of 1
[2f/bcba24] min…eline:run_common:getParams | 1 of 1 ✔
[-        ] minimap_pipeline:minimap       | 0 of 7
[-        ] min…pipeline:getAlignmentStats -
[-        ] min…line:createAbundanceTables -
[-        ] minimap_pipeline:makeReport    -
Note: Empty files or those files whose reads have been discarded after filtering based on read length and/or read quality will not appear in the report and will be excluded from subsequent analysis.
Minimap2 pipeline.
Preparing databases.
Using default taxonomy database.
Using a default database.

executor >  local (22)
[29/571cbb] fastcat (7)                    | 13 of 24
[skipped  ] pre…s:download_unpack_taxonomy | 1 of 1, stored: 1 ✔
[skipped  ] pre…wnload_reference_ref2taxid | 1 of 1, stored: 1 ✔
[8e/88709a] min…ine:run_common:getVersions | 0 of 1
[2f/bcba24] min…eline:run_common:getParams | 1 of 1 ✔
[-        ] minimap_pipeline:minimap       | 0 of 13
[-        ] min…pipeline:getAlignmentStats -
[-        ] min…line:createAbundanceTables -
[-        ] minimap_pipeline:makeReport    -
Note: Empty files or those files whose reads have been discarded after filtering based on read length and/or read quality will not appear in the report and will be excluded from subsequent analysis.
Minimap2 pipeline.
Preparing databases.
Using default taxonomy database.
Using a default database.

executor >  local (23)
[fe/22f944] fastcat (17)                   | 14 of 24
[skipped  ] pre…s:download_unpack_taxonomy | 1 of 1, stored: 1 ✔
[skipped  ] pre…wnload_reference_ref2taxid | 1 of 1, stored: 1 ✔
[8e/88709a] min…ine:run_common:getVersions | 0 of 1
[2f/bcba24] min…eline:run_common:getParams | 1 of 1 ✔
[-        ] minimap_pipeline:minimap       | 0 of 14
[-        ] min…pipeline:getAlignmentStats -
[-        ] min…line:createAbundanceTables -
[-        ] minimap_pipeline:makeReport    -
Note: Empty files or those files whose reads have been discarded after filtering based on read length and/or read quality will not appear in the report and will be excluded from subsequent analysis.
Minimap2 pipeline.
Preparing databases.
Using default taxonomy database.
Using a default database.

executor >  local (25)
[61/706949] fastcat (2)                    | 15 of 24
[skipped  ] pre…s:download_unpack_taxonomy | 1 of 1, stored: 1 ✔
[skipped  ] pre…wnload_reference_ref2taxid | 1 of 1, stored: 1 ✔
[8e/88709a] min…ine:run_common:getVersions | 0 of 1
[2f/bcba24] min…eline:run_common:getParams | 1 of 1 ✔
[-        ] minimap_pipeline:minimap       | 0 of 15
[-        ] min…pipeline:getAlignmentStats -
[-        ] min…line:createAbundanceTables -
[-        ] minimap_pipeline:makeReport    -
Note: Empty files or those files whose reads have been discarded after filtering based on read length and/or read quality will not appear in the report and will be excluded from subsequent analysis.
Minimap2 pipeline.
Preparing databases.
Using default taxonomy database.
Using a default database.

executor >  local (26)
[4b/21996b] fastcat (5)                    | 20 of 24
[skipped  ] pre…s:download_unpack_taxonomy | 1 of 1, stored: 1 ✔
[skipped  ] pre…wnload_reference_ref2taxid | 1 of 1, stored: 1 ✔
[8e/88709a] min…ine:run_common:getVersions | 0 of 1
[2f/bcba24] min…eline:run_common:getParams | 1 of 1 ✔
[-        ] minimap_pipeline:minimap       | 0 of 20
[-        ] min…pipeline:getAlignmentStats -
[-        ] min…line:createAbundanceTables -
[-        ] minimap_pipeline:makeReport    -
Note: Empty files or those files whose reads have been discarded after filtering based on read length and/or read quality will not appear in the report and will be excluded from subsequent analysis.
Minimap2 pipeline.
Preparing databases.
Using default taxonomy database.
Using a default database.

executor >  local (26)
[5c/a60341] fastcat (14)                   | 21 of 24
[skipped  ] pre…s:download_unpack_taxonomy | 1 of 1, stored: 1 ✔
[skipped  ] pre…wnload_reference_ref2taxid | 1 of 1, stored: 1 ✔
[8e/88709a] min…ine:run_common:getVersions | 0 of 1
[2f/bcba24] min…eline:run_common:getParams | 1 of 1 ✔
[-        ] minimap_pipeline:minimap       | 0 of 21
[-        ] min…pipeline:getAlignmentStats -
[-        ] min…line:createAbundanceTables -
[-        ] minimap_pipeline:makeReport    -
Note: Empty files or those files whose reads have been discarded after filtering based on read length and/or read quality will not appear in the report and will be excluded from subsequent analysis.
Minimap2 pipeline.
Preparing databases.
Using default taxonomy database.
Using a default database.

executor >  local (26)
[61/706949] fastcat (2)                    | 24 of 24 ✔
[skipped  ] pre…s:download_unpack_taxonomy | 1 of 1, stored: 1 ✔
[skipped  ] pre…wnload_reference_ref2taxid | 1 of 1, stored: 1 ✔
[8e/88709a] min…ine:run_common:getVersions | 0 of 1
[2f/bcba24] min…eline:run_common:getParams | 1 of 1 ✔
[-        ] minimap_pipeline:minimap       | 0 of 24
[-        ] min…pipeline:getAlignmentStats -
[-        ] min…line:createAbundanceTables -
[-        ] minimap_pipeline:makeReport    -
Note: Empty files or those files whose reads have been discarded after filtering based on read length and/or read quality will not appear in the report and will be excluded from subsequent analysis.
Minimap2 pipeline.
Preparing databases.
Using default taxonomy database.
Using a default database.

executor >  local (27)
[61/706949] fastcat (2)                    | 24 of 24 ✔
[skipped  ] pre…s:download_unpack_taxonomy | 1 of 1, stored: 1 ✔
[skipped  ] pre…wnload_reference_ref2taxid | 1 of 1, stored: 1 ✔
[8e/88709a] min…ine:run_common:getVersions | 1 of 1 ✔
[2f/bcba24] min…eline:run_common:getParams | 1 of 1 ✔
[62/908cb8] min…e:minimap (HEN-9-MGE-S105) | 0 of 24
[-        ] min…pipeline:getAlignmentStats -
[-        ] min…line:createAbundanceTables -
[-        ] minimap_pipeline:makeReport    -
Note: Empty files or those files whose reads have been discarded after filtering based on read length and/or read quality will not appear in the report and will be excluded from subsequent analysis.
Minimap2 pipeline.
Preparing databases.
Using default taxonomy database.
Using a default database.

executor >  local (28)
[61/706949] fastcat (2)                    | 24 of 24 ✔
[skipped  ] pre…s:download_unpack_taxonomy | 1 of 1, stored: 1 ✔
[skipped  ] pre…wnload_reference_ref2taxid | 1 of 1, stored: 1 ✔
[8e/88709a] min…ine:run_common:getVersions | 1 of 1 ✔
[2f/bcba24] min…eline:run_common:getParams | 1 of 1 ✔
[62/908cb8] min…e:minimap (HEN-9-MGE-S105) | 1 of 24
[-        ] min…pipeline:getAlignmentStats | 0 of 1
[-        ] min…line:createAbundanceTables -
[-        ] minimap_pipeline:makeReport    -
Note: Empty files or those files whose reads have been discarded after filtering based on read length and/or read quality will not appear in the report and will be excluded from subsequent analysis.
Minimap2 pipeline.
Preparing databases.
Using default taxonomy database.
Using a default database.

executor >  local (29)
[61/706949] fastcat (2)                    | 24 of 24 ✔
[skipped  ] pre…s:download_unpack_taxonomy | 1 of 1, stored: 1 ✔
[skipped  ] pre…wnload_reference_ref2taxid | 1 of 1, stored: 1 ✔
[8e/88709a] min…ine:run_common:getVersions | 1 of 1 ✔
[2f/bcba24] min…eline:run_common:getParams | 1 of 1 ✔
[21/21a369] min…:minimap (OPH-59-MGE-S100) | 2 of 24
[-        ] min…pipeline:getAlignmentStats | 0 of 2
[-        ] min…line:createAbundanceTables -
[-        ] minimap_pipeline:makeReport    -






executor >  local (30)
[61/706949] fastcat (2)                    | 24 of 24 ✔
[skipped  ] pre…s:download_unpack_taxonomy | 1 of 1, stored: 1 ✔
[skipped  ] pre…wnload_reference_ref2taxid | 1 of 1, stored: 1 ✔
[8e/88709a] min…ine:run_common:getVersions | 1 of 1 ✔
[2f/bcba24] min…eline:run_common:getParams | 1 of 1 ✔
[c3/566d84] min…e:minimap (HEN-9-DRS-S104) | 3 of 24
[-        ] min…pipeline:getAlignmentStats | 0 of 3
[-        ] min…line:createAbundanceTables -
[-        ] minimap_pipeline:makeReport    -






executor >  local (31)
[61/706949] fastcat (2)                    | 24 of 24 ✔
[skipped  ] pre…s:download_unpack_taxonomy | 1 of 1, stored: 1 ✔
[skipped  ] pre…wnload_reference_ref2taxid | 1 of 1, stored: 1 ✔
[8e/88709a] min…ine:run_common:getVersions | 1 of 1 ✔
[2f/bcba24] min…eline:run_common:getParams | 1 of 1 ✔
[26/583c7f] min…e:minimap (GRO-37-MGE-S94) | 4 of 24
[-        ] min…pipeline:getAlignmentStats | 0 of 4
[-        ] min…line:createAbundanceTables -
[-        ] minimap_pipeline:makeReport    -

executor >  local (32)
[61/706949] fastcat (2)                    | 24 of 24 ✔
[skipped  ] pre…s:download_unpack_taxonomy | 1 of 1, stored: 1 ✔
[skipped  ] pre…wnload_reference_ref2taxid | 1 of 1, stored: 1 ✔
[8e/88709a] min…ine:run_common:getVersions | 1 of 1 ✔
[2f/bcba24] min…eline:run_common:getParams | 1 of 1 ✔
[80/2c0c77] min…e:minimap (GIN-55-MGE-S97) | 5 of 24
[-        ] min…pipeline:getAlignmentStats | 0 of 5
[-        ] min…line:createAbundanceTables -
[-        ] minimap_pipeline:makeReport    -

executor >  local (33)
[61/706949] fastcat (2)                    | 24 of 24 ✔
[skipped  ] pre…s:download_unpack_taxonomy | 1 of 1, stored: 1 ✔
[skipped  ] pre…wnload_reference_ref2taxid | 1 of 1, stored: 1 ✔
[8e/88709a] min…ine:run_common:getVersions | 1 of 1 ✔
[2f/bcba24] min…eline:run_common:getParams | 1 of 1 ✔
[e0/3584a5] min…:minimap (OPH-48-MGE-S113) | 6 of 24
[-        ] min…pipeline:getAlignmentStats | 0 of 6
[-        ] min…line:createAbundanceTables -
[-        ] minimap_pipeline:makeReport    -

executor >  local (34)
[61/706949] fastcat (2)                    | 24 of 24 ✔
[skipped  ] pre…s:download_unpack_taxonomy | 1 of 1, stored: 1 ✔
[skipped  ] pre…wnload_reference_ref2taxid | 1 of 1, stored: 1 ✔
[8e/88709a] min…ine:run_common:getVersions | 1 of 1 ✔
[2f/bcba24] min…eline:run_common:getParams | 1 of 1 ✔
[db/2265f8] min…:minimap (IRI-60-MGE-S101) | 7 of 24
[-        ] min…pipeline:getAlignmentStats | 0 of 7
[-        ] min…line:createAbundanceTables -
[-        ] minimap_pipeline:makeReport    -

executor >  local (34)
[61/706949] fastcat (2)                    | 24 of 24 ✔
[skipped  ] pre…s:download_unpack_taxonomy | 1 of 1, stored: 1 ✔
[skipped  ] pre…wnload_reference_ref2taxid | 1 of 1, stored: 1 ✔
[8e/88709a] min…ine:run_common:getVersions | 1 of 1 ✔
[2f/bcba24] min…eline:run_common:getParams | 1 of 1 ✔
[db/2265f8] min…:minimap (IRI-60-MGE-S101) | 7 of 24
[-        ] min…pipeline:getAlignmentStats | 0 of 7
[-        ] min…line:createAbundanceTables -
[-        ] minimap_pipeline:makeReport    -

executor >  local (35)
[61/706949] fastcat (2)                    | 24 of 24 ✔
[skipped  ] pre…s:download_unpack_taxonomy | 1 of 1, stored: 1 ✔
[skipped  ] pre…wnload_reference_ref2taxid | 1 of 1, stored: 1 ✔
[8e/88709a] min…ine:run_common:getVersions | 1 of 1 ✔
[2f/bcba24] min…eline:run_common:getParams | 1 of 1 ✔
[1a/a96c73] min…e:minimap (GOO-58-MGE-S99) | 8 of 24
[-        ] min…pipeline:getAlignmentStats | 0 of 8
[-        ] min…line:createAbundanceTables -
[-        ] minimap_pipeline:makeReport    -

executor >  local (35)
[61/706949] fastcat (2)                    | 24 of 24 ✔
[skipped  ] pre…s:download_unpack_taxonomy | 1 of 1, stored: 1 ✔
[skipped  ] pre…wnload_reference_ref2taxid | 1 of 1, stored: 1 ✔
[8e/88709a] min…ine:run_common:getVersions | 1 of 1 ✔
[2f/bcba24] min…eline:run_common:getParams | 1 of 1 ✔
[1a/a96c73] min…e:minimap (GOO-58-MGE-S99) | 8 of 24
[-        ] min…pipeline:getAlignmentStats | 0 of 8
[-        ] min…line:createAbundanceTables -
[-        ] minimap_pipeline:makeReport    -

executor >  local (36)
[61/706949] fastcat (2)                    | 24 of 24 ✔
[skipped  ] pre…s:download_unpack_taxonomy | 1 of 1, stored: 1 ✔
[skipped  ] pre…wnload_reference_ref2taxid | 1 of 1, stored: 1 ✔
[8e/88709a] min…ine:run_common:getVersions | 1 of 1 ✔
[2f/bcba24] min…eline:run_common:getParams | 1 of 1 ✔
[50/a9fca6] min…:minimap (CHA-50-MGE-S110) | 9 of 24
[-        ] min…pipeline:getAlignmentStats | 0 of 9
[-        ] min…line:createAbundanceTables -
[-        ] minimap_pipeline:makeReport    -

executor >  local (37)
[61/706949] fastcat (2)                    | 24 of 24 ✔
[skipped  ] pre…s:download_unpack_taxonomy | 1 of 1, stored: 1 ✔
[skipped  ] pre…wnload_reference_ref2taxid | 1 of 1, stored: 1 ✔
[8e/88709a] min…ine:run_common:getVersions | 1 of 1 ✔
[2f/bcba24] min…eline:run_common:getParams | 1 of 1 ✔
[41/5dadcd] min…e:minimap (OPH-55-MGE-S95) | 10 of 24
[-        ] min…pipeline:getAlignmentStats | 0 of 10
[-        ] min…line:createAbundanceTables -
[-        ] minimap_pipeline:makeReport    -

executor >  local (38)
[61/706949] fastcat (2)                    | 24 of 24 ✔
[skipped  ] pre…s:download_unpack_taxonomy | 1 of 1, stored: 1 ✔
[skipped  ] pre…wnload_reference_ref2taxid | 1 of 1, stored: 1 ✔
[8e/88709a] min…ine:run_common:getVersions | 1 of 1 ✔
[2f/bcba24] min…eline:run_common:getParams | 1 of 1 ✔
[c1/9d881e] min…:minimap (MAR-60-MGE-S102) | 11 of 24
[-        ] min…pipeline:getAlignmentStats | 0 of 11
[-        ] min…line:createAbundanceTables -
[-        ] minimap_pipeline:makeReport    -

executor >  local (39)
[61/706949] fastcat (2)                    | 24 of 24 ✔
[skipped  ] pre…s:download_unpack_taxonomy | 1 of 1, stored: 1 ✔
[skipped  ] pre…wnload_reference_ref2taxid | 1 of 1, stored: 1 ✔
[8e/88709a] min…ine:run_common:getVersions | 1 of 1 ✔
[2f/bcba24] min…eline:run_common:getParams | 1 of 1 ✔
[89/83cf47] min…e:minimap (GIN-55-DRS-S96) | 12 of 24
[-        ] min…pipeline:getAlignmentStats | 0 of 12
[-        ] min…line:createAbundanceTables -
[-        ] minimap_pipeline:makeReport    -

executor >  local (40)
[61/706949] fastcat (2)                    | 24 of 24 ✔
[skipped  ] pre…s:download_unpack_taxonomy | 1 of 1, stored: 1 ✔
[skipped  ] pre…wnload_reference_ref2taxid | 1 of 1, stored: 1 ✔
[8e/88709a] min…ine:run_common:getVersions | 1 of 1 ✔
[2f/bcba24] min…eline:run_common:getParams | 1 of 1 ✔
[17/c564c0] min…e:minimap (IVY-9-MGE-S103) | 13 of 24
[-        ] min…pipeline:getAlignmentStats | 0 of 13
[-        ] min…line:createAbundanceTables -
[-        ] minimap_pipeline:makeReport    -

executor >  local (41)
[61/706949] fastcat (2)                    | 24 of 24 ✔
[skipped  ] pre…s:download_unpack_taxonomy | 1 of 1, stored: 1 ✔
[skipped  ] pre…wnload_reference_ref2taxid | 1 of 1, stored: 1 ✔
[8e/88709a] min…ine:run_common:getVersions | 1 of 1 ✔
[2f/bcba24] min…eline:run_common:getParams | 1 of 1 ✔
[e0/2f39ae] min…:minimap (FRA-56-MGE-S111) | 14 of 24
[-        ] min…pipeline:getAlignmentStats | 0 of 14
[-        ] min…line:createAbundanceTables -
[-        ] minimap_pipeline:makeReport    -

executor >  local (41)
[61/706949] fastcat (2)                    | 24 of 24 ✔
[skipped  ] pre…s:download_unpack_taxonomy | 1 of 1, stored: 1 ✔
[skipped  ] pre…wnload_reference_ref2taxid | 1 of 1, stored: 1 ✔
[8e/88709a] min…ine:run_common:getVersions | 1 of 1 ✔
[2f/bcba24] min…eline:run_common:getParams | 1 of 1 ✔
[e0/2f39ae] min…:minimap (FRA-56-MGE-S111) | 14 of 24
[-        ] min…pipeline:getAlignmentStats | 0 of 14
[-        ] min…line:createAbundanceTables -
[-        ] minimap_pipeline:makeReport    -

executor >  local (42)
[61/706949] fastcat (2)                    | 24 of 24 ✔
[skipped  ] pre…s:download_unpack_taxonomy | 1 of 1, stored: 1 ✔
[skipped  ] pre…wnload_reference_ref2taxid | 1 of 1, stored: 1 ✔
[8e/88709a] min…ine:run_common:getVersions | 1 of 1 ✔
[2f/bcba24] min…eline:run_common:getParams | 1 of 1 ✔
[c1/9560c1] min…:minimap (KUB-37-MGE-S108) | 15 of 24
[-        ] min…pipeline:getAlignmentStats | 0 of 15
[-        ] min…line:createAbundanceTables -
[-        ] minimap_pipeline:makeReport    -

executor >  local (43)
[61/706949] fastcat (2)                    | 24 of 24 ✔
[skipped  ] pre…s:download_unpack_taxonomy | 1 of 1, stored: 1 ✔
[skipped  ] pre…wnload_reference_ref2taxid | 1 of 1, stored: 1 ✔
[8e/88709a] min…ine:run_common:getVersions | 1 of 1 ✔
[2f/bcba24] min…eline:run_common:getParams | 1 of 1 ✔
[96/52b314] min…e:minimap (OPH-37-MGE-S93) | 16 of 24
[-        ] min…pipeline:getAlignmentStats | 0 of 16
[-        ] min…line:createAbundanceTables -
[-        ] minimap_pipeline:makeReport    -

executor >  local (44)
[61/706949] fastcat (2)                    | 24 of 24 ✔
[skipped  ] pre…s:download_unpack_taxonomy | 1 of 1, stored: 1 ✔
[skipped  ] pre…wnload_reference_ref2taxid | 1 of 1, stored: 1 ✔
[8e/88709a] min…ine:run_common:getVersions | 1 of 1 ✔
[2f/bcba24] min…eline:run_common:getParams | 1 of 1 ✔
[dd/3fc210] min…:minimap (JAR-50-MGE-S109) | 17 of 24
[-        ] min…pipeline:getAlignmentStats | 0 of 17
[-        ] min…line:createAbundanceTables -
[-        ] minimap_pipeline:makeReport    -

executor >  local (44)
[61/706949] fastcat (2)                    | 24 of 24 ✔
[skipped  ] pre…s:download_unpack_taxonomy | 1 of 1, stored: 1 ✔
[skipped  ] pre…wnload_reference_ref2taxid | 1 of 1, stored: 1 ✔
[8e/88709a] min…ine:run_common:getVersions | 1 of 1 ✔
[2f/bcba24] min…eline:run_common:getParams | 1 of 1 ✔
[dd/3fc210] min…:minimap (JAR-50-MGE-S109) | 17 of 24
[-        ] min…pipeline:getAlignmentStats | 0 of 17
[-        ] min…line:createAbundanceTables -
[-        ] minimap_pipeline:makeReport    -

executor >  local (45)
[61/706949] fastcat (2)                    | 24 of 24 ✔
[skipped  ] pre…s:download_unpack_taxonomy | 1 of 1, stored: 1 ✔
[skipped  ] pre…wnload_reference_ref2taxid | 1 of 1, stored: 1 ✔
[8e/88709a] min…ine:run_common:getVersions | 1 of 1 ✔
[2f/bcba24] min…eline:run_common:getParams | 1 of 1 ✔
[9b/2719c7] min…e:minimap (BUD-56-MGE-S98) | 18 of 24
[-        ] min…pipeline:getAlignmentStats | 0 of 18
[-        ] min…line:createAbundanceTables -
[-        ] minimap_pipeline:makeReport    -

executor >  local (46)
[61/706949] fastcat (2)                    | 24 of 24 ✔
[skipped  ] pre…s:download_unpack_taxonomy | 1 of 1, stored: 1 ✔
[skipped  ] pre…wnload_reference_ref2taxid | 1 of 1, stored: 1 ✔
[8e/88709a] min…ine:run_common:getVersions | 1 of 1 ✔
[2f/bcba24] min…eline:run_common:getParams | 1 of 1 ✔
[41/48fff5] min…:minimap (WOL-14-MGE-S107) | 19 of 24
[-        ] min…pipeline:getAlignmentStats | 0 of 19
[-        ] min…line:createAbundanceTables -
[-        ] minimap_pipeline:makeReport    -

executor >  local (47)
[61/706949] fastcat (2)                    | 24 of 24 ✔
[skipped  ] pre…s:download_unpack_taxonomy | 1 of 1, stored: 1 ✔
[skipped  ] pre…wnload_reference_ref2taxid | 1 of 1, stored: 1 ✔
[8e/88709a] min…ine:run_common:getVersions | 1 of 1 ✔
[2f/bcba24] min…eline:run_common:getParams | 1 of 1 ✔
[99/7a1558] min…:minimap (GOO-37-MGE-S112) | 20 of 24
[-        ] min…pipeline:getAlignmentStats | 0 of 20
[-        ] min…line:createAbundanceTables -
[-        ] minimap_pipeline:makeReport    -

executor >  local (48)
[61/706949] fastcat (2)                    | 24 of 24 ✔
[skipped  ] pre…s:download_unpack_taxonomy | 1 of 1, stored: 1 ✔
[skipped  ] pre…wnload_reference_ref2taxid | 1 of 1, stored: 1 ✔
[8e/88709a] min…ine:run_common:getVersions | 1 of 1 ✔
[2f/bcba24] min…eline:run_common:getParams | 1 of 1 ✔
[ad/55900c] min…:minimap (HER-14-MGE-S106) | 21 of 24
[-        ] min…pipeline:getAlignmentStats | 0 of 21
[-        ] min…line:createAbundanceTables -
[-        ] minimap_pipeline:makeReport    -

executor >  local (49)
[61/706949] fastcat (2)                    | 24 of 24 ✔
[skipped  ] pre…s:download_unpack_taxonomy | 1 of 1, stored: 1 ✔
[skipped  ] pre…wnload_reference_ref2taxid | 1 of 1, stored: 1 ✔
[8e/88709a] min…ine:run_common:getVersions | 1 of 1 ✔
[2f/bcba24] min…eline:run_common:getParams | 1 of 1 ✔
[37/7ea269] min…:minimap (WOL-49-MGE-S115) | 22 of 24
[-        ] min…pipeline:getAlignmentStats | 0 of 22
[-        ] min…line:createAbundanceTables -
[-        ] minimap_pipeline:makeReport    -

executor >  local (49)
[61/706949] fastcat (2)                    | 24 of 24 ✔
[skipped  ] pre…s:download_unpack_taxonomy | 1 of 1, stored: 1 ✔
[skipped  ] pre…wnload_reference_ref2taxid | 1 of 1, stored: 1 ✔
[8e/88709a] min…ine:run_common:getVersions | 1 of 1 ✔
[2f/bcba24] min…eline:run_common:getParams | 1 of 1 ✔
[37/7ea269] min…:minimap (WOL-49-MGE-S115) | 22 of 24
[-        ] min…pipeline:getAlignmentStats | 0 of 22
[-        ] min…line:createAbundanceTables -
[-        ] minimap_pipeline:makeReport    -

executor >  local (50)
[61/706949] fastcat (2)                    | 24 of 24 ✔
[skipped  ] pre…s:download_unpack_taxonomy | 1 of 1, stored: 1 ✔
[skipped  ] pre…wnload_reference_ref2taxid | 1 of 1, stored: 1 ✔
[8e/88709a] min…ine:run_common:getVersions | 1 of 1 ✔
[2f/bcba24] min…eline:run_common:getParams | 1 of 1 ✔
[c5/b414dc] min…:minimap (FRA-48-MGE-S114) | 23 of 24
[-        ] min…pipeline:getAlignmentStats | 0 of 23
[-        ] min…line:createAbundanceTables -
[-        ] minimap_pipeline:makeReport    -

executor >  local (50)
[61/706949] fastcat (2)                    | 24 of 24 ✔
[skipped  ] pre…s:download_unpack_taxonomy | 1 of 1, stored: 1 ✔
[skipped  ] pre…wnload_reference_ref2taxid | 1 of 1, stored: 1 ✔
[8e/88709a] min…ine:run_common:getVersions | 1 of 1 ✔
[2f/bcba24] min…eline:run_common:getParams | 1 of 1 ✔
[c5/b414dc] min…:minimap (FRA-48-MGE-S114) | 23 of 24
[-        ] min…pipeline:getAlignmentStats | 0 of 23
[-        ] min…line:createAbundanceTables -
[-        ] minimap_pipeline:makeReport    -

executor >  local (51)
[61/706949] fastcat (2)                    | 24 of 24 ✔
[skipped  ] pre…s:download_unpack_taxonomy | 1 of 1, stored: 1 ✔
[skipped  ] pre…wnload_reference_ref2taxid | 1 of 1, stored: 1 ✔
[8e/88709a] min…ine:run_common:getVersions | 1 of 1 ✔
[2f/bcba24] min…eline:run_common:getParams | 1 of 1 ✔
[c5/b414dc] min…:minimap (FRA-48-MGE-S114) | 24 of 24 ✔
[0d/87dae4] min…mentStats (HEN-9-MGE-S105) | 0 of 24
[-        ] min…line:createAbundanceTables | 0 of 1
[-        ] minimap_pipeline:makeReport    -

executor >  local (52)
[61/706949] fastcat (2)                    | 24 of 24 ✔
[skipped  ] pre…s:download_unpack_taxonomy | 1 of 1, stored: 1 ✔
[skipped  ] pre…wnload_reference_ref2taxid | 1 of 1, stored: 1 ✔
[8e/88709a] min…ine:run_common:getVersions | 1 of 1 ✔
[2f/bcba24] min…eline:run_common:getParams | 1 of 1 ✔
[c5/b414dc] min…:minimap (FRA-48-MGE-S114) | 24 of 24 ✔
[23/26e08d] min…entStats (OPH-59-MGE-S100) | 1 of 24
[-        ] min…line:createAbundanceTables | 0 of 1
[-        ] minimap_pipeline:makeReport    -

executor >  local (53)
[61/706949] fastcat (2)                    | 24 of 24 ✔
[skipped  ] pre…s:download_unpack_taxonomy | 1 of 1, stored: 1 ✔
[skipped  ] pre…wnload_reference_ref2taxid | 1 of 1, stored: 1 ✔
[8e/88709a] min…ine:run_common:getVersions | 1 of 1 ✔
[2f/bcba24] min…eline:run_common:getParams | 1 of 1 ✔
[c5/b414dc] min…:minimap (FRA-48-MGE-S114) | 24 of 24 ✔
[23/26e08d] min…entStats (OPH-59-MGE-S100) | 2 of 24
[-        ] min…line:createAbundanceTables | 0 of 1
[-        ] minimap_pipeline:makeReport    -

executor >  local (53)
[61/706949] fastcat (2)                    | 24 of 24 ✔
[skipped  ] pre…s:download_unpack_taxonomy | 1 of 1, stored: 1 ✔
[skipped  ] pre…wnload_reference_ref2taxid | 1 of 1, stored: 1 ✔
[8e/88709a] min…ine:run_common:getVersions | 1 of 1 ✔
[2f/bcba24] min…eline:run_common:getParams | 1 of 1 ✔
[c5/b414dc] min…:minimap (FRA-48-MGE-S114) | 24 of 24 ✔
[23/26e08d] min…entStats (OPH-59-MGE-S100) | 2 of 24
[-        ] min…line:createAbundanceTables | 0 of 1
[-        ] minimap_pipeline:makeReport    -

executor >  local (54)
[61/706949] fastcat (2)                    | 24 of 24 ✔
[skipped  ] pre…s:download_unpack_taxonomy | 1 of 1, stored: 1 ✔
[skipped  ] pre…wnload_reference_ref2taxid | 1 of 1, stored: 1 ✔
[8e/88709a] min…ine:run_common:getVersions | 1 of 1 ✔
[2f/bcba24] min…eline:run_common:getParams | 1 of 1 ✔
[c5/b414dc] min…:minimap (FRA-48-MGE-S114) | 24 of 24 ✔
[d5/5cdf4e] min…mentStats (HEN-9-DRS-S104) | 3 of 24
[-        ] min…line:createAbundanceTables | 0 of 1
[-        ] minimap_pipeline:makeReport    -

executor >  local (54)
[61/706949] fastcat (2)                    | 24 of 24 ✔
[skipped  ] pre…s:download_unpack_taxonomy | 1 of 1, stored: 1 ✔
[skipped  ] pre…wnload_reference_ref2taxid | 1 of 1, stored: 1 ✔
[8e/88709a] min…ine:run_common:getVersions | 1 of 1 ✔
[2f/bcba24] min…eline:run_common:getParams | 1 of 1 ✔
[c5/b414dc] min…:minimap (FRA-48-MGE-S114) | 24 of 24 ✔
[d5/5cdf4e] min…mentStats (HEN-9-DRS-S104) | 3 of 24
[-        ] min…line:createAbundanceTables | 0 of 1
[-        ] minimap_pipeline:makeReport    -

executor >  local (55)
[61/706949] fastcat (2)                    | 24 of 24 ✔
[skipped  ] pre…s:download_unpack_taxonomy | 1 of 1, stored: 1 ✔
[skipped  ] pre…wnload_reference_ref2taxid | 1 of 1, stored: 1 ✔
[8e/88709a] min…ine:run_common:getVersions | 1 of 1 ✔
[2f/bcba24] min…eline:run_common:getParams | 1 of 1 ✔
[c5/b414dc] min…:minimap (FRA-48-MGE-S114) | 24 of 24 ✔
[b9/ebb876] min…mentStats (GIN-55-MGE-S97) | 4 of 24
[-        ] min…line:createAbundanceTables | 0 of 1
[-        ] minimap_pipeline:makeReport    -

executor >  local (55)
[61/706949] fastcat (2)                    | 24 of 24 ✔
[skipped  ] pre…s:download_unpack_taxonomy | 1 of 1, stored: 1 ✔
[skipped  ] pre…wnload_reference_ref2taxid | 1 of 1, stored: 1 ✔
[8e/88709a] min…ine:run_common:getVersions | 1 of 1 ✔
[2f/bcba24] min…eline:run_common:getParams | 1 of 1 ✔
[c5/b414dc] min…:minimap (FRA-48-MGE-S114) | 24 of 24 ✔
[b9/ebb876] min…mentStats (GIN-55-MGE-S97) | 4 of 24
[-        ] min…line:createAbundanceTables | 0 of 1
[-        ] minimap_pipeline:makeReport    -

executor >  local (56)
[61/706949] fastcat (2)                    | 24 of 24 ✔
[skipped  ] pre…s:download_unpack_taxonomy | 1 of 1, stored: 1 ✔
[skipped  ] pre…wnload_reference_ref2taxid | 1 of 1, stored: 1 ✔
[8e/88709a] min…ine:run_common:getVersions | 1 of 1 ✔
[2f/bcba24] min…eline:run_common:getParams | 1 of 1 ✔
[c5/b414dc] min…:minimap (FRA-48-MGE-S114) | 24 of 24 ✔
[b5/c7cc89] min…entStats (OPH-48-MGE-S113) | 5 of 24
[-        ] min…line:createAbundanceTables | 0 of 1
[-        ] minimap_pipeline:makeReport    -

executor >  local (57)
[61/706949] fastcat (2)                    | 24 of 24 ✔
[skipped  ] pre…s:download_unpack_taxonomy | 1 of 1, stored: 1 ✔
[skipped  ] pre…wnload_reference_ref2taxid | 1 of 1, stored: 1 ✔
[8e/88709a] min…ine:run_common:getVersions | 1 of 1 ✔
[2f/bcba24] min…eline:run_common:getParams | 1 of 1 ✔
[c5/b414dc] min…:minimap (FRA-48-MGE-S114) | 24 of 24 ✔
[2d/8cdcdc] min…entStats (IRI-60-MGE-S101) | 6 of 24
[-        ] min…line:createAbundanceTables | 0 of 1
[-        ] minimap_pipeline:makeReport    -

executor >  local (58)
[61/706949] fastcat (2)                    | 24 of 24 ✔
[skipped  ] pre…s:download_unpack_taxonomy | 1 of 1, stored: 1 ✔
[skipped  ] pre…wnload_reference_ref2taxid | 1 of 1, stored: 1 ✔
[8e/88709a] min…ine:run_common:getVersions | 1 of 1 ✔
[2f/bcba24] min…eline:run_common:getParams | 1 of 1 ✔
[c5/b414dc] min…:minimap (FRA-48-MGE-S114) | 24 of 24 ✔
[ed/52e779] min…mentStats (GOO-58-MGE-S99) | 7 of 24
[-        ] min…line:createAbundanceTables | 0 of 1
[-        ] minimap_pipeline:makeReport    -

executor >  local (58)
[61/706949] fastcat (2)                    | 24 of 24 ✔
[skipped  ] pre…s:download_unpack_taxonomy | 1 of 1, stored: 1 ✔
[skipped  ] pre…wnload_reference_ref2taxid | 1 of 1, stored: 1 ✔
[8e/88709a] min…ine:run_common:getVersions | 1 of 1 ✔
[2f/bcba24] min…eline:run_common:getParams | 1 of 1 ✔
[c5/b414dc] min…:minimap (FRA-48-MGE-S114) | 24 of 24 ✔
[ed/52e779] min…mentStats (GOO-58-MGE-S99) | 7 of 24
[-        ] min…line:createAbundanceTables | 0 of 1
[-        ] minimap_pipeline:makeReport    -

executor >  local (59)
[61/706949] fastcat (2)                    | 24 of 24 ✔
[skipped  ] pre…s:download_unpack_taxonomy | 1 of 1, stored: 1 ✔
[skipped  ] pre…wnload_reference_ref2taxid | 1 of 1, stored: 1 ✔
[8e/88709a] min…ine:run_common:getVersions | 1 of 1 ✔
[2f/bcba24] min…eline:run_common:getParams | 1 of 1 ✔
[c5/b414dc] min…:minimap (FRA-48-MGE-S114) | 24 of 24 ✔
[ed/52e779] min…mentStats (GOO-58-MGE-S99) | 8 of 24
[-        ] min…line:createAbundanceTables | 0 of 1
[-        ] minimap_pipeline:makeReport    -

executor >  local (59)
[61/706949] fastcat (2)                    | 24 of 24 ✔
[skipped  ] pre…s:download_unpack_taxonomy | 1 of 1, stored: 1 ✔
[skipped  ] pre…wnload_reference_ref2taxid | 1 of 1, stored: 1 ✔
[8e/88709a] min…ine:run_common:getVersions | 1 of 1 ✔
[2f/bcba24] min…eline:run_common:getParams | 1 of 1 ✔
[c5/b414dc] min…:minimap (FRA-48-MGE-S114) | 24 of 24 ✔
[ed/52e779] min…mentStats (GOO-58-MGE-S99) | 8 of 24
[-        ] min…line:createAbundanceTables | 0 of 1
[-        ] minimap_pipeline:makeReport    -

executor >  local (60)
[61/706949] fastcat (2)                    | 24 of 24 ✔
[skipped  ] pre…s:download_unpack_taxonomy | 1 of 1, stored: 1 ✔
[skipped  ] pre…wnload_reference_ref2taxid | 1 of 1, stored: 1 ✔
[8e/88709a] min…ine:run_common:getVersions | 1 of 1 ✔
[2f/bcba24] min…eline:run_common:getParams | 1 of 1 ✔
[c5/b414dc] min…:minimap (FRA-48-MGE-S114) | 24 of 24 ✔
[a7/fcf9a7] min…mentStats (OPH-55-MGE-S95) | 9 of 24
[-        ] min…line:createAbundanceTables | 0 of 1
[-        ] minimap_pipeline:makeReport    -

executor >  local (60)
[61/706949] fastcat (2)                    | 24 of 24 ✔
[skipped  ] pre…s:download_unpack_taxonomy | 1 of 1, stored: 1 ✔
[skipped  ] pre…wnload_reference_ref2taxid | 1 of 1, stored: 1 ✔
[8e/88709a] min…ine:run_common:getVersions | 1 of 1 ✔
[2f/bcba24] min…eline:run_common:getParams | 1 of 1 ✔
[c5/b414dc] min…:minimap (FRA-48-MGE-S114) | 24 of 24 ✔
[a7/fcf9a7] min…mentStats (OPH-55-MGE-S95) | 9 of 24
[-        ] min…line:createAbundanceTables | 0 of 1
[-        ] minimap_pipeline:makeReport    -

executor >  local (61)
[61/706949] fastcat (2)                    | 24 of 24 ✔
[skipped  ] pre…s:download_unpack_taxonomy | 1 of 1, stored: 1 ✔
[skipped  ] pre…wnload_reference_ref2taxid | 1 of 1, stored: 1 ✔
[8e/88709a] min…ine:run_common:getVersions | 1 of 1 ✔
[2f/bcba24] min…eline:run_common:getParams | 1 of 1 ✔
[c5/b414dc] min…:minimap (FRA-48-MGE-S114) | 24 of 24 ✔
[ce/abd392] min…entStats (MAR-60-MGE-S102) | 10 of 24
[-        ] min…line:createAbundanceTables | 0 of 1
[-        ] minimap_pipeline:makeReport    -

executor >  local (62)
[61/706949] fastcat (2)                    | 24 of 24 ✔
[skipped  ] pre…s:download_unpack_taxonomy | 1 of 1, stored: 1 ✔
[skipped  ] pre…wnload_reference_ref2taxid | 1 of 1, stored: 1 ✔
[8e/88709a] min…ine:run_common:getVersions | 1 of 1 ✔
[2f/bcba24] min…eline:run_common:getParams | 1 of 1 ✔
[c5/b414dc] min…:minimap (FRA-48-MGE-S114) | 24 of 24 ✔
[85/63d5c0] min…mentStats (GIN-55-DRS-S96) | 11 of 24
[-        ] min…line:createAbundanceTables | 0 of 1
[-        ] minimap_pipeline:makeReport    -

executor >  local (62)
[61/706949] fastcat (2)                    | 24 of 24 ✔
[skipped  ] pre…s:download_unpack_taxonomy | 1 of 1, stored: 1 ✔
[skipped  ] pre…wnload_reference_ref2taxid | 1 of 1, stored: 1 ✔
[8e/88709a] min…ine:run_common:getVersions | 1 of 1 ✔
[2f/bcba24] min…eline:run_common:getParams | 1 of 1 ✔
[c5/b414dc] min…:minimap (FRA-48-MGE-S114) | 24 of 24 ✔
[85/63d5c0] min…mentStats (GIN-55-DRS-S96) | 11 of 24
[-        ] min…line:createAbundanceTables | 0 of 1
[-        ] minimap_pipeline:makeReport    -

executor >  local (63)
[61/706949] fastcat (2)                    | 24 of 24 ✔
[skipped  ] pre…s:download_unpack_taxonomy | 1 of 1, stored: 1 ✔
[skipped  ] pre…wnload_reference_ref2taxid | 1 of 1, stored: 1 ✔
[8e/88709a] min…ine:run_common:getVersions | 1 of 1 ✔
[2f/bcba24] min…eline:run_common:getParams | 1 of 1 ✔
[c5/b414dc] min…:minimap (FRA-48-MGE-S114) | 24 of 24 ✔
[a2/79a8e0] min…mentStats (IVY-9-MGE-S103) | 12 of 24
[-        ] min…line:createAbundanceTables | 0 of 1
[-        ] minimap_pipeline:makeReport    -

executor >  local (63)
[61/706949] fastcat (2)                    | 24 of 24 ✔
[skipped  ] pre…s:download_unpack_taxonomy | 1 of 1, stored: 1 ✔
[skipped  ] pre…wnload_reference_ref2taxid | 1 of 1, stored: 1 ✔
[8e/88709a] min…ine:run_common:getVersions | 1 of 1 ✔
[2f/bcba24] min…eline:run_common:getParams | 1 of 1 ✔
[c5/b414dc] min…:minimap (FRA-48-MGE-S114) | 24 of 24 ✔
[a2/79a8e0] min…mentStats (IVY-9-MGE-S103) | 12 of 24
[-        ] min…line:createAbundanceTables | 0 of 1
[-        ] minimap_pipeline:makeReport    -

executor >  local (64)
[61/706949] fastcat (2)                    | 24 of 24 ✔
[skipped  ] pre…s:download_unpack_taxonomy | 1 of 1, stored: 1 ✔
[skipped  ] pre…wnload_reference_ref2taxid | 1 of 1, stored: 1 ✔
[8e/88709a] min…ine:run_common:getVersions | 1 of 1 ✔
[2f/bcba24] min…eline:run_common:getParams | 1 of 1 ✔
[c5/b414dc] min…:minimap (FRA-48-MGE-S114) | 24 of 24 ✔
[8f/a97221] min…entStats (FRA-56-MGE-S111) | 13 of 24
[-        ] min…line:createAbundanceTables | 0 of 1
[-        ] minimap_pipeline:makeReport    -

executor >  local (64)
[61/706949] fastcat (2)                    | 24 of 24 ✔
[skipped  ] pre…s:download_unpack_taxonomy | 1 of 1, stored: 1 ✔
[skipped  ] pre…wnload_reference_ref2taxid | 1 of 1, stored: 1 ✔
[8e/88709a] min…ine:run_common:getVersions | 1 of 1 ✔
[2f/bcba24] min…eline:run_common:getParams | 1 of 1 ✔
[c5/b414dc] min…:minimap (FRA-48-MGE-S114) | 24 of 24 ✔
[8f/a97221] min…entStats (FRA-56-MGE-S111) | 13 of 24
[-        ] min…line:createAbundanceTables | 0 of 1
[-        ] minimap_pipeline:makeReport    -

executor >  local (65)
[61/706949] fastcat (2)                    | 24 of 24 ✔
[skipped  ] pre…s:download_unpack_taxonomy | 1 of 1, stored: 1 ✔
[skipped  ] pre…wnload_reference_ref2taxid | 1 of 1, stored: 1 ✔
[8e/88709a] min…ine:run_common:getVersions | 1 of 1 ✔
[2f/bcba24] min…eline:run_common:getParams | 1 of 1 ✔
[c5/b414dc] min…:minimap (FRA-48-MGE-S114) | 24 of 24 ✔
[8f/a97221] min…entStats (FRA-56-MGE-S111) | 14 of 24
[-        ] min…line:createAbundanceTables | 0 of 1
[-        ] minimap_pipeline:makeReport    -

executor >  local (66)
[61/706949] fastcat (2)                    | 24 of 24 ✔
[skipped  ] pre…s:download_unpack_taxonomy | 1 of 1, stored: 1 ✔
[skipped  ] pre…wnload_reference_ref2taxid | 1 of 1, stored: 1 ✔
[8e/88709a] min…ine:run_common:getVersions | 1 of 1 ✔
[2f/bcba24] min…eline:run_common:getParams | 1 of 1 ✔
[c5/b414dc] min…:minimap (FRA-48-MGE-S114) | 24 of 24 ✔
[69/7af70b] min…entStats (KUB-37-MGE-S108) | 15 of 24
[-        ] min…line:createAbundanceTables | 0 of 1
[-        ] minimap_pipeline:makeReport    -

executor >  local (67)
[61/706949] fastcat (2)                    | 24 of 24 ✔
[skipped  ] pre…s:download_unpack_taxonomy | 1 of 1, stored: 1 ✔
[skipped  ] pre…wnload_reference_ref2taxid | 1 of 1, stored: 1 ✔
[8e/88709a] min…ine:run_common:getVersions | 1 of 1 ✔
[2f/bcba24] min…eline:run_common:getParams | 1 of 1 ✔
[c5/b414dc] min…:minimap (FRA-48-MGE-S114) | 24 of 24 ✔
[f7/10eead] min…entStats (JAR-50-MGE-S109) | 16 of 24
[-        ] min…line:createAbundanceTables | 0 of 1
[-        ] minimap_pipeline:makeReport    -

executor >  local (67)
[61/706949] fastcat (2)                    | 24 of 24 ✔
[skipped  ] pre…s:download_unpack_taxonomy | 1 of 1, stored: 1 ✔
[skipped  ] pre…wnload_reference_ref2taxid | 1 of 1, stored: 1 ✔
[8e/88709a] min…ine:run_common:getVersions | 1 of 1 ✔
[2f/bcba24] min…eline:run_common:getParams | 1 of 1 ✔
[c5/b414dc] min…:minimap (FRA-48-MGE-S114) | 24 of 24 ✔
[f7/10eead] min…entStats (JAR-50-MGE-S109) | 16 of 24
[-        ] min…line:createAbundanceTables | 0 of 1
[-        ] minimap_pipeline:makeReport    -

executor >  local (68)
[61/706949] fastcat (2)                    | 24 of 24 ✔
[skipped  ] pre…s:download_unpack_taxonomy | 1 of 1, stored: 1 ✔
[skipped  ] pre…wnload_reference_ref2taxid | 1 of 1, stored: 1 ✔
[8e/88709a] min…ine:run_common:getVersions | 1 of 1 ✔
[2f/bcba24] min…eline:run_common:getParams | 1 of 1 ✔
[c5/b414dc] min…:minimap (FRA-48-MGE-S114) | 24 of 24 ✔
[4b/b5e3ba] min…mentStats (BUD-56-MGE-S98) | 17 of 24
[-        ] min…line:createAbundanceTables | 0 of 1
[-        ] minimap_pipeline:makeReport    -

executor >  local (68)
[61/706949] fastcat (2)                    | 24 of 24 ✔
[skipped  ] pre…s:download_unpack_taxonomy | 1 of 1, stored: 1 ✔
[skipped  ] pre…wnload_reference_ref2taxid | 1 of 1, stored: 1 ✔
[8e/88709a] min…ine:run_common:getVersions | 1 of 1 ✔
[2f/bcba24] min…eline:run_common:getParams | 1 of 1 ✔
[c5/b414dc] min…:minimap (FRA-48-MGE-S114) | 24 of 24 ✔
[4b/b5e3ba] min…mentStats (BUD-56-MGE-S98) | 17 of 24
[-        ] min…line:createAbundanceTables | 0 of 1
[-        ] minimap_pipeline:makeReport    -

executor >  local (69)
[61/706949] fastcat (2)                    | 24 of 24 ✔
[skipped  ] pre…s:download_unpack_taxonomy | 1 of 1, stored: 1 ✔
[skipped  ] pre…wnload_reference_ref2taxid | 1 of 1, stored: 1 ✔
[8e/88709a] min…ine:run_common:getVersions | 1 of 1 ✔
[2f/bcba24] min…eline:run_common:getParams | 1 of 1 ✔
[c5/b414dc] min…:minimap (FRA-48-MGE-S114) | 24 of 24 ✔
[0c/e58aac] min…entStats (WOL-14-MGE-S107) | 18 of 24
[-        ] min…line:createAbundanceTables | 0 of 1
[-        ] minimap_pipeline:makeReport    -

executor >  local (69)
[61/706949] fastcat (2)                    | 24 of 24 ✔
[skipped  ] pre…s:download_unpack_taxonomy | 1 of 1, stored: 1 ✔
[skipped  ] pre…wnload_reference_ref2taxid | 1 of 1, stored: 1 ✔
[8e/88709a] min…ine:run_common:getVersions | 1 of 1 ✔
[2f/bcba24] min…eline:run_common:getParams | 1 of 1 ✔
[c5/b414dc] min…:minimap (FRA-48-MGE-S114) | 24 of 24 ✔
[0c/e58aac] min…entStats (WOL-14-MGE-S107) | 18 of 24
[-        ] min…line:createAbundanceTables | 0 of 1
[-        ] minimap_pipeline:makeReport    -

executor >  local (70)
[61/706949] fastcat (2)                    | 24 of 24 ✔
[skipped  ] pre…s:download_unpack_taxonomy | 1 of 1, stored: 1 ✔
[skipped  ] pre…wnload_reference_ref2taxid | 1 of 1, stored: 1 ✔
[8e/88709a] min…ine:run_common:getVersions | 1 of 1 ✔
[2f/bcba24] min…eline:run_common:getParams | 1 of 1 ✔
[c5/b414dc] min…:minimap (FRA-48-MGE-S114) | 24 of 24 ✔
[88/1d57aa] min…entStats (GOO-37-MGE-S112) | 19 of 24
[-        ] min…line:createAbundanceTables | 0 of 1
[-        ] minimap_pipeline:makeReport    -

executor >  local (70)
[61/706949] fastcat (2)                    | 24 of 24 ✔
[skipped  ] pre…s:download_unpack_taxonomy | 1 of 1, stored: 1 ✔
[skipped  ] pre…wnload_reference_ref2taxid | 1 of 1, stored: 1 ✔
[8e/88709a] min…ine:run_common:getVersions | 1 of 1 ✔
[2f/bcba24] min…eline:run_common:getParams | 1 of 1 ✔
[c5/b414dc] min…:minimap (FRA-48-MGE-S114) | 24 of 24 ✔
[88/1d57aa] min…entStats (GOO-37-MGE-S112) | 19 of 24
[-        ] min…line:createAbundanceTables | 0 of 1
[-        ] minimap_pipeline:makeReport    -

executor >  local (71)
[61/706949] fastcat (2)                    | 24 of 24 ✔
[skipped  ] pre…s:download_unpack_taxonomy | 1 of 1, stored: 1 ✔
[skipped  ] pre…wnload_reference_ref2taxid | 1 of 1, stored: 1 ✔
[8e/88709a] min…ine:run_common:getVersions | 1 of 1 ✔
[2f/bcba24] min…eline:run_common:getParams | 1 of 1 ✔
[c5/b414dc] min…:minimap (FRA-48-MGE-S114) | 24 of 24 ✔
[88/1d57aa] min…entStats (GOO-37-MGE-S112) | 20 of 24
[-        ] min…line:createAbundanceTables | 0 of 1
[-        ] minimap_pipeline:makeReport    -

executor >  local (71)
[61/706949] fastcat (2)                    | 24 of 24 ✔
[skipped  ] pre…s:download_unpack_taxonomy | 1 of 1, stored: 1 ✔
[skipped  ] pre…wnload_reference_ref2taxid | 1 of 1, stored: 1 ✔
[8e/88709a] min…ine:run_common:getVersions | 1 of 1 ✔
[2f/bcba24] min…eline:run_common:getParams | 1 of 1 ✔
[c5/b414dc] min…:minimap (FRA-48-MGE-S114) | 24 of 24 ✔
[88/1d57aa] min…entStats (GOO-37-MGE-S112) | 20 of 24
[-        ] min…line:createAbundanceTables | 0 of 1
[-        ] minimap_pipeline:makeReport    -

executor >  local (72)
[61/706949] fastcat (2)                    | 24 of 24 ✔
[skipped  ] pre…s:download_unpack_taxonomy | 1 of 1, stored: 1 ✔
[skipped  ] pre…wnload_reference_ref2taxid | 1 of 1, stored: 1 ✔
[8e/88709a] min…ine:run_common:getVersions | 1 of 1 ✔
[2f/bcba24] min…eline:run_common:getParams | 1 of 1 ✔
[c5/b414dc] min…:minimap (FRA-48-MGE-S114) | 24 of 24 ✔
[15/cb7de1] min…entStats (HER-14-MGE-S106) | 21 of 24
[-        ] min…line:createAbundanceTables | 0 of 1
[-        ] minimap_pipeline:makeReport    -

executor >  local (73)
[61/706949] fastcat (2)                    | 24 of 24 ✔
[skipped  ] pre…s:download_unpack_taxonomy | 1 of 1, stored: 1 ✔
[skipped  ] pre…wnload_reference_ref2taxid | 1 of 1, stored: 1 ✔
[8e/88709a] min…ine:run_common:getVersions | 1 of 1 ✔
[2f/bcba24] min…eline:run_common:getParams | 1 of 1 ✔
[c5/b414dc] min…:minimap (FRA-48-MGE-S114) | 24 of 24 ✔
[c8/8358b4] min…lignmentStats (CM-NTC-006) | 21 of 24
[-        ] min…line:createAbundanceTables | 0 of 1
[-        ] minimap_pipeline:makeReport    -

executor >  local (73)
[61/706949] fastcat (2)                    | 24 of 24 ✔
[skipped  ] pre…s:download_unpack_taxonomy | 1 of 1, stored: 1 ✔
[skipped  ] pre…wnload_reference_ref2taxid | 1 of 1, stored: 1 ✔
[8e/88709a] min…ine:run_common:getVersions | 1 of 1 ✔
[2f/bcba24] min…eline:run_common:getParams | 1 of 1 ✔
[c5/b414dc] min…:minimap (FRA-48-MGE-S114) | 24 of 24 ✔
[e1/ed80c3] min…entStats (WOL-49-MGE-S115) | 22 of 24
[-        ] min…line:createAbundanceTables | 0 of 1
[-        ] minimap_pipeline:makeReport    -

executor >  local (74)
[61/706949] fastcat (2)                    | 24 of 24 ✔
[skipped  ] pre…s:download_unpack_taxonomy | 1 of 1, stored: 1 ✔
[skipped  ] pre…wnload_reference_ref2taxid | 1 of 1, stored: 1 ✔
[8e/88709a] min…ine:run_common:getVersions | 1 of 1 ✔
[2f/bcba24] min…eline:run_common:getParams | 1 of 1 ✔
[c5/b414dc] min…:minimap (FRA-48-MGE-S114) | 24 of 24 ✔
[c8/8358b4] min…lignmentStats (CM-NTC-006) | 23 of 24
[-        ] min…line:createAbundanceTables | 0 of 1
[-        ] minimap_pipeline:makeReport    -

executor >  local (75)
[61/706949] fastcat (2)                    | 24 of 24 ✔
[skipped  ] pre…s:download_unpack_taxonomy | 1 of 1, stored: 1 ✔
[skipped  ] pre…wnload_reference_ref2taxid | 1 of 1, stored: 1 ✔
[8e/88709a] min…ine:run_common:getVersions | 1 of 1 ✔
[2f/bcba24] min…eline:run_common:getParams | 1 of 1 ✔
[c5/b414dc] min…:minimap (FRA-48-MGE-S114) | 24 of 24 ✔
[41/2c1d22] min…entStats (FRA-48-MGE-S114) | 24 of 24 ✔
[5a/138c2b] min…line:createAbundanceTables | 0 of 1
[-        ] minimap_pipeline:makeReport    -

executor >  local (75)
[61/706949] fastcat (2)                    | 24 of 24 ✔
[skipped  ] pre…s:download_unpack_taxonomy | 1 of 1, stored: 1 ✔
[skipped  ] pre…wnload_reference_ref2taxid | 1 of 1, stored: 1 ✔
[8e/88709a] min…ine:run_common:getVersions | 1 of 1 ✔
[2f/bcba24] min…eline:run_common:getParams | 1 of 1 ✔
[c5/b414dc] min…:minimap (FRA-48-MGE-S114) | 24 of 24 ✔
[41/2c1d22] min…entStats (FRA-48-MGE-S114) | 24 of 24 ✔
[5a/138c2b] min…line:createAbundanceTables | 0 of 1
[-        ] minimap_pipeline:makeReport    -

executor >  local (76)
[61/706949] fastcat (2)                    | 24 of 24 ✔
[skipped  ] pre…s:download_unpack_taxonomy | 1 of 1, stored: 1 ✔
[skipped  ] pre…wnload_reference_ref2taxid | 1 of 1, stored: 1 ✔
[8e/88709a] min…ine:run_common:getVersions | 1 of 1 ✔
[2f/bcba24] min…eline:run_common:getParams | 1 of 1 ✔
[c5/b414dc] min…:minimap (FRA-48-MGE-S114) | 24 of 24 ✔
[41/2c1d22] min…entStats (FRA-48-MGE-S114) | 24 of 24 ✔
[5a/138c2b] min…line:createAbundanceTables | 1 of 1 ✔
[df/5198e3] min…ap_pipeline:makeReport (1) | 0 of 1

executor >  local (76)
[61/706949] fastcat (2)                    | 24 of 24 ✔
[skipped  ] pre…s:download_unpack_taxonomy | 1 of 1, stored: 1 ✔
[skipped  ] pre…wnload_reference_ref2taxid | 1 of 1, stored: 1 ✔
[8e/88709a] min…ine:run_common:getVersions | 1 of 1 ✔
[2f/bcba24] min…eline:run_common:getParams | 1 of 1 ✔
[c5/b414dc] min…:minimap (FRA-48-MGE-S114) | 24 of 24 ✔
[41/2c1d22] min…entStats (FRA-48-MGE-S114) | 24 of 24 ✔
[5a/138c2b] min…line:createAbundanceTables | 1 of 1 ✔
[df/5198e3] min…ap_pipeline:makeReport (1) | 0 of 1

executor >  local (76)
[61/706949] fastcat (2)                    | 24 of 24 ✔
[skipped  ] pre…s:download_unpack_taxonomy | 1 of 1, stored: 1 ✔
[skipped  ] pre…wnload_reference_ref2taxid | 1 of 1, stored: 1 ✔
[8e/88709a] min…ine:run_common:getVersions | 1 of 1 ✔
[2f/bcba24] min…eline:run_common:getParams | 1 of 1 ✔
[c5/b414dc] min…:minimap (FRA-48-MGE-S114) | 24 of 24 ✔
[41/2c1d22] min…entStats (FRA-48-MGE-S114) | 24 of 24 ✔
[5a/138c2b] min…line:createAbundanceTables | 1 of 1 ✔
[df/5198e3] min…ap_pipeline:makeReport (1) | 1 of 1 ✔

executor >  local (76)
[61/706949] fastcat (2)                    | 24 of 24 ✔
[skipped  ] pre…s:download_unpack_taxonomy | 1 of 1, stored: 1 ✔
[skipped  ] pre…wnload_reference_ref2taxid | 1 of 1, stored: 1 ✔
[8e/88709a] min…ine:run_common:getVersions | 1 of 1 ✔
[2f/bcba24] min…eline:run_common:getParams | 1 of 1 ✔
[c5/b414dc] min…:minimap (FRA-48-MGE-S114) | 24 of 24 ✔
[41/2c1d22] min…entStats (FRA-48-MGE-S114) | 24 of 24 ✔
[5a/138c2b] min…line:createAbundanceTables | 1 of 1 ✔
[df/5198e3] min…ap_pipeline:makeReport (1) | 1 of 1 ✔
Completed at: 24-Mar-2025 13:16:26
Duration    : 14m 58s
CPU hours   : 4.2
Succeeded   : 76


