
 N E X T F L O W   ~  version 24.04.3

Launching `https://github.com/epi2me-labs/wf-16s` [astonishing_lalande] DSL2 - revision: a20a5156b9 [master]

WARN: NEXTFLOW RECURSION IS A PREVIEW FEATURE - SYNTAX AND FUNCTIONALITY CAN CHANGE IN FUTURE RELEASES

||||||||||   _____ ____ ___ ____  __  __ _____      _       _
||||||||||  | ____|  _ \_ _|___ \|  \/  | ____|    | | __ _| |__  ___
|||||       |  _| | |_) | |  __) | |\/| |  _| _____| |/ _` | '_ \/ __|
|||||       | |___|  __/| | / __/| |  | | |__|_____| | (_| | |_) \__ \
||||||||||  |_____|_|  |___|_____|_|  |_|_____|    |_|\__,_|_.__/|___/
||||||||||  wf-16s v1.4.0-ga20a515
--------------------------------------------------------------------------------
Core Nextflow options
  revision             : master
  runName              : astonishing_lalande
  containerEngine      : singularity
  container            : [withLabel:wfmetagenomics:ontresearch/wf-metagenomics:sha1adcb94088d2397b0d61c0393035f51b1013226a, withLabel:wf_common:ontresearch/wf-common:shabadd33adae761be6f2d59c6ecfb44b19cf472cfc]
  launchDir            : /lustre/work/richlab/azadmanesh/marm_bioinfo
  workDir              : /lustre/work/richlab/azadmanesh/marm_bioinfo/work
  projectDir           : /work/richlab/azadmanesh/assets/epi2me-labs/wf-16s
  userName             : azadmanesh
  profile              : singularity
  configFiles          : /work/richlab/azadmanesh/assets/epi2me-labs/wf-16s/nextflow.config

Input Options
  fastq                : /work/richlab/azadmanesh/marm_bioinfo/ont_reads/filtered/cm008/

Reference Options
  taxonomic_rank       : S

Minimap2 Options
  keep_bam             : true
  minimap2_by_reference: true
  min_percent_identity : 85
  min_ref_coverage     : 80

Report Options
  abundance_threshold  : 0
  n_taxa_barplot       : 12

Output Options
  out_dir              : ../marm_bioinfo/data/outputs_wf16s/cm008/

Advanced Options
  min_len              : 1000
  min_read_qual        : 7
  threads              : 32

!! Only displaying parameters that differ from the pipeline defaults !!
--------------------------------------------------------------------------------
If you use epi2me-labs/wf-16s for your analysis please cite:

* The nf-core framework
  https://doi.org/10.1038/s41587-020-0439-x


--------------------------------------------------------------------------------
This is epi2me-labs/wf-16s v1.4.0-ga20a515.
--------------------------------------------------------------------------------
Checking inputs.
Searching input for [.fastq, .fastq.gz, .fq, .fq.gz] files.
[-        ] fastcat                        -
[-        ] pre…s:download_unpack_taxonomy -
[-        ] pre…wnload_reference_ref2taxid -
[-        ] min…ine:run_common:getVersions -
[-        ] min…eline:run_common:getParams -
[-        ] minimap_pipeline:minimap       -
[-        ] min…pipeline:getAlignmentStats -
[-        ] min…line:createAbundanceTables -
Note: Empty files or those files whose reads have been discarded after filtering based on read length and/or read quality will not appear in the report and will be excluded from subsequent analysis.
Minimap2 pipeline.
Preparing databases.
Using default taxonomy database.
Using a default database.

executor >  local (1)
[3d/78e50b] fastcat (14)                   | 0 of 24
[skipped  ] pre…s:download_unpack_taxonomy | 1 of 1, stored: 1 ✔
[skipped  ] pre…wnload_reference_ref2taxid | 1 of 1, stored: 1 ✔
[-        ] min…ine:run_common:getVersions | 0 of 1
[-        ] min…eline:run_common:getParams | 0 of 1
[-        ] minimap_pipeline:minimap       -
[-        ] min…pipeline:getAlignmentStats -
[-        ] min…line:createAbundanceTables -
[-        ] minimap_pipeline:makeReport    -
Note: Empty files or those files whose reads have been discarded after filtering based on read length and/or read quality will not appear in the report and will be excluded from subsequent analysis.
Minimap2 pipeline.
Preparing databases.
Using default taxonomy database.
Using a default database.

executor >  local (8)
[06/835482] fastcat (24)                   | 0 of 24
[skipped  ] pre…s:download_unpack_taxonomy | 1 of 1, stored: 1 ✔
[skipped  ] pre…wnload_reference_ref2taxid | 1 of 1, stored: 1 ✔
[-        ] min…ine:run_common:getVersions | 0 of 1
[-        ] min…eline:run_common:getParams | 0 of 1
[-        ] minimap_pipeline:minimap       -
[-        ] min…pipeline:getAlignmentStats -
[-        ] min…line:createAbundanceTables -
[-        ] minimap_pipeline:makeReport    -
Note: Empty files or those files whose reads have been discarded after filtering based on read length and/or read quality will not appear in the report and will be excluded from subsequent analysis.
Minimap2 pipeline.
Preparing databases.
Using default taxonomy database.
Using a default database.

executor >  local (10)
[cc/84e888] fastcat (16)                   | 0 of 24
[skipped  ] pre…s:download_unpack_taxonomy | 1 of 1, stored: 1 ✔
[skipped  ] pre…wnload_reference_ref2taxid | 1 of 1, stored: 1 ✔
[-        ] min…ine:run_common:getVersions | 0 of 1
[-        ] min…eline:run_common:getParams | 0 of 1
[-        ] minimap_pipeline:minimap       -
[-        ] min…pipeline:getAlignmentStats -
[-        ] min…line:createAbundanceTables -
[-        ] minimap_pipeline:makeReport    -
Note: Empty files or those files whose reads have been discarded after filtering based on read length and/or read quality will not appear in the report and will be excluded from subsequent analysis.
Minimap2 pipeline.
Preparing databases.
Using default taxonomy database.
Using a default database.

executor >  local (16)
[06/835482] fastcat (24)                   | 8 of 24
[skipped  ] pre…s:download_unpack_taxonomy | 1 of 1, stored: 1 ✔
[skipped  ] pre…wnload_reference_ref2taxid | 1 of 1, stored: 1 ✔
[74/7cf9c2] min…ine:run_common:getVersions | 0 of 1
[13/e54571] min…eline:run_common:getParams | 0 of 1
[-        ] minimap_pipeline:minimap       | 0 of 7
[-        ] min…pipeline:getAlignmentStats -
[-        ] min…line:createAbundanceTables -
[-        ] minimap_pipeline:makeReport    -
Note: Empty files or those files whose reads have been discarded after filtering based on read length and/or read quality will not appear in the report and will be excluded from subsequent analysis.
Minimap2 pipeline.
Preparing databases.
Using default taxonomy database.
Using a default database.

executor >  local (17)
[90/7a331d] fastcat (15)                   | 8 of 24
[skipped  ] pre…s:download_unpack_taxonomy | 1 of 1, stored: 1 ✔
[skipped  ] pre…wnload_reference_ref2taxid | 1 of 1, stored: 1 ✔
[74/7cf9c2] min…ine:run_common:getVersions | 0 of 1
[13/e54571] min…eline:run_common:getParams | 0 of 1
[-        ] minimap_pipeline:minimap       | 0 of 8
[-        ] min…pipeline:getAlignmentStats -
[-        ] min…line:createAbundanceTables -
[-        ] minimap_pipeline:makeReport    -
Note: Empty files or those files whose reads have been discarded after filtering based on read length and/or read quality will not appear in the report and will be excluded from subsequent analysis.
Minimap2 pipeline.
Preparing databases.
Using default taxonomy database.
Using a default database.

executor >  local (17)
[90/7a331d] fastcat (15)                   | 8 of 24
[skipped  ] pre…s:download_unpack_taxonomy | 1 of 1, stored: 1 ✔
[skipped  ] pre…wnload_reference_ref2taxid | 1 of 1, stored: 1 ✔
[74/7cf9c2] min…ine:run_common:getVersions | 0 of 1
[13/e54571] min…eline:run_common:getParams | 1 of 1 ✔
[-        ] minimap_pipeline:minimap       | 0 of 8
[-        ] min…pipeline:getAlignmentStats -
[-        ] min…line:createAbundanceTables -
[-        ] minimap_pipeline:makeReport    -
Note: Empty files or those files whose reads have been discarded after filtering based on read length and/or read quality will not appear in the report and will be excluded from subsequent analysis.
Minimap2 pipeline.
Preparing databases.
Using default taxonomy database.
Using a default database.

executor >  local (23)
[f1/6258a0] fastcat (12)                   | 14 of 24
[skipped  ] pre…s:download_unpack_taxonomy | 1 of 1, stored: 1 ✔
[skipped  ] pre…wnload_reference_ref2taxid | 1 of 1, stored: 1 ✔
[74/7cf9c2] min…ine:run_common:getVersions | 0 of 1
[13/e54571] min…eline:run_common:getParams | 1 of 1 ✔
[-        ] minimap_pipeline:minimap       | 0 of 14
[-        ] min…pipeline:getAlignmentStats -
[-        ] min…line:createAbundanceTables -
[-        ] minimap_pipeline:makeReport    -
Note: Empty files or those files whose reads have been discarded after filtering based on read length and/or read quality will not appear in the report and will be excluded from subsequent analysis.
Minimap2 pipeline.
Preparing databases.
Using default taxonomy database.
Using a default database.

executor >  local (24)
[d9/29acf3] fastcat (9)                    | 15 of 24
[skipped  ] pre…s:download_unpack_taxonomy | 1 of 1, stored: 1 ✔
[skipped  ] pre…wnload_reference_ref2taxid | 1 of 1, stored: 1 ✔
[74/7cf9c2] min…ine:run_common:getVersions | 0 of 1
[13/e54571] min…eline:run_common:getParams | 1 of 1 ✔
[-        ] minimap_pipeline:minimap       | 0 of 15
[-        ] min…pipeline:getAlignmentStats -
[-        ] min…line:createAbundanceTables -
[-        ] minimap_pipeline:makeReport    -
Note: Empty files or those files whose reads have been discarded after filtering based on read length and/or read quality will not appear in the report and will be excluded from subsequent analysis.
Minimap2 pipeline.
Preparing databases.
Using default taxonomy database.
Using a default database.

executor >  local (26)
[bd/e578ec] fastcat (17)                   | 19 of 24
[skipped  ] pre…s:download_unpack_taxonomy | 1 of 1, stored: 1 ✔
[skipped  ] pre…wnload_reference_ref2taxid | 1 of 1, stored: 1 ✔
[74/7cf9c2] min…ine:run_common:getVersions | 0 of 1
[13/e54571] min…eline:run_common:getParams | 1 of 1 ✔
[-        ] minimap_pipeline:minimap       | 0 of 19
[-        ] min…pipeline:getAlignmentStats -
[-        ] min…line:createAbundanceTables -
[-        ] minimap_pipeline:makeReport    -
Note: Empty files or those files whose reads have been discarded after filtering based on read length and/or read quality will not appear in the report and will be excluded from subsequent analysis.
Minimap2 pipeline.
Preparing databases.
Using default taxonomy database.
Using a default database.

executor >  local (26)
[d9/29acf3] fastcat (9)                    | 22 of 24
[skipped  ] pre…s:download_unpack_taxonomy | 1 of 1, stored: 1 ✔
[skipped  ] pre…wnload_reference_ref2taxid | 1 of 1, stored: 1 ✔
[74/7cf9c2] min…ine:run_common:getVersions | 0 of 1
[13/e54571] min…eline:run_common:getParams | 1 of 1 ✔
[-        ] minimap_pipeline:minimap       | 0 of 22
[-        ] min…pipeline:getAlignmentStats -
[-        ] min…line:createAbundanceTables -
[-        ] minimap_pipeline:makeReport    -
Note: Empty files or those files whose reads have been discarded after filtering based on read length and/or read quality will not appear in the report and will be excluded from subsequent analysis.
Minimap2 pipeline.
Preparing databases.
Using default taxonomy database.
Using a default database.

executor >  local (26)
[6b/680c4f] fastcat (4)                    | 24 of 24 ✔
[skipped  ] pre…s:download_unpack_taxonomy | 1 of 1, stored: 1 ✔
[skipped  ] pre…wnload_reference_ref2taxid | 1 of 1, stored: 1 ✔
[74/7cf9c2] min…ine:run_common:getVersions | 0 of 1
[13/e54571] min…eline:run_common:getParams | 1 of 1 ✔
[-        ] minimap_pipeline:minimap       | 0 of 23
[-        ] min…pipeline:getAlignmentStats -
[-        ] min…line:createAbundanceTables -
[-        ] minimap_pipeline:makeReport    -
Note: Empty files or those files whose reads have been discarded after filtering based on read length and/or read quality will not appear in the report and will be excluded from subsequent analysis.
Minimap2 pipeline.
Preparing databases.
Using default taxonomy database.
Using a default database.

executor >  local (26)
[6b/680c4f] fastcat (4)                    | 24 of 24 ✔
[skipped  ] pre…s:download_unpack_taxonomy | 1 of 1, stored: 1 ✔
[skipped  ] pre…wnload_reference_ref2taxid | 1 of 1, stored: 1 ✔
[74/7cf9c2] min…ine:run_common:getVersions | 0 of 1
[13/e54571] min…eline:run_common:getParams | 1 of 1 ✔
[-        ] minimap_pipeline:minimap       | 0 of 24
[-        ] min…pipeline:getAlignmentStats -
[-        ] min…line:createAbundanceTables -
[-        ] minimap_pipeline:makeReport    -
Note: Empty files or those files whose reads have been discarded after filtering based on read length and/or read quality will not appear in the report and will be excluded from subsequent analysis.
Minimap2 pipeline.
Preparing databases.
Using default taxonomy database.
Using a default database.

executor >  local (27)
[6b/680c4f] fastcat (4)                    | 24 of 24 ✔
[skipped  ] pre…s:download_unpack_taxonomy | 1 of 1, stored: 1 ✔
[skipped  ] pre…wnload_reference_ref2taxid | 1 of 1, stored: 1 ✔
[74/7cf9c2] min…ine:run_common:getVersions | 1 of 1 ✔
[13/e54571] min…eline:run_common:getParams | 1 of 1 ✔
[07/a69984] min…:minimap (JOA-60-MGE-S154) | 0 of 24
[-        ] min…pipeline:getAlignmentStats -
[-        ] min…line:createAbundanceTables -
[-        ] minimap_pipeline:makeReport    -
Note: Empty files or those files whose reads have been discarded after filtering based on read length and/or read quality will not appear in the report and will be excluded from subsequent analysis.
Minimap2 pipeline.
Preparing databases.
Using default taxonomy database.
Using a default database.

executor >  local (28)
[6b/680c4f] fastcat (4)                    | 24 of 24 ✔
[skipped  ] pre…s:download_unpack_taxonomy | 1 of 1, stored: 1 ✔
[skipped  ] pre…wnload_reference_ref2taxid | 1 of 1, stored: 1 ✔
[74/7cf9c2] min…ine:run_common:getVersions | 1 of 1 ✔
[13/e54571] min…eline:run_common:getParams | 1 of 1 ✔
[07/a69984] min…:minimap (JOA-60-MGE-S154) | 1 of 24
[-        ] min…pipeline:getAlignmentStats | 0 of 1
[-        ] min…line:createAbundanceTables -
[-        ] minimap_pipeline:makeReport    -
Note: Empty files or those files whose reads have been discarded after filtering based on read length and/or read quality will not appear in the report and will be excluded from subsequent analysis.
Minimap2 pipeline.
Preparing databases.
Using default taxonomy database.
Using a default database.

executor >  local (29)
[6b/680c4f] fastcat (4)                    | 24 of 24 ✔
[skipped  ] pre…s:download_unpack_taxonomy | 1 of 1, stored: 1 ✔
[skipped  ] pre…wnload_reference_ref2taxid | 1 of 1, stored: 1 ✔
[74/7cf9c2] min…ine:run_common:getVersions | 1 of 1 ✔
[13/e54571] min…eline:run_common:getParams | 1 of 1 ✔
[60/d26fed] min…:minimap (WOL-58-MGE-S153) | 2 of 24
[-        ] min…pipeline:getAlignmentStats | 0 of 2
[-        ] min…line:createAbundanceTables -
[-        ] minimap_pipeline:makeReport    -






executor >  local (30)
[6b/680c4f] fastcat (4)                    | 24 of 24 ✔
[skipped  ] pre…s:download_unpack_taxonomy | 1 of 1, stored: 1 ✔
[skipped  ] pre…wnload_reference_ref2taxid | 1 of 1, stored: 1 ✔
[74/7cf9c2] min…ine:run_common:getVersions | 1 of 1 ✔
[13/e54571] min…eline:run_common:getParams | 1 of 1 ✔
[74/7d48de] min…:minimap (BUD-52-MGE-S144) | 3 of 24
[-        ] min…pipeline:getAlignmentStats | 0 of 3
[-        ] min…line:createAbundanceTables -
[-        ] minimap_pipeline:makeReport    -






executor >  local (30)
[6b/680c4f] fastcat (4)                    | 24 of 24 ✔
[skipped  ] pre…s:download_unpack_taxonomy | 1 of 1, stored: 1 ✔
[skipped  ] pre…wnload_reference_ref2taxid | 1 of 1, stored: 1 ✔
[74/7cf9c2] min…ine:run_common:getVersions | 1 of 1 ✔
[13/e54571] min…eline:run_common:getParams | 1 of 1 ✔
[74/7d48de] min…:minimap (BUD-52-MGE-S144) | 3 of 24
[-        ] min…pipeline:getAlignmentStats | 0 of 3
[-        ] min…line:createAbundanceTables -
[-        ] minimap_pipeline:makeReport    -

executor >  local (31)
[6b/680c4f] fastcat (4)                    | 24 of 24 ✔
[skipped  ] pre…s:download_unpack_taxonomy | 1 of 1, stored: 1 ✔
[skipped  ] pre…wnload_reference_ref2taxid | 1 of 1, stored: 1 ✔
[74/7cf9c2] min…ine:run_common:getVersions | 1 of 1 ✔
[13/e54571] min…eline:run_common:getParams | 1 of 1 ✔
[b5/ff4f44] min…:minimap (HAM-18-MGE-S157) | 4 of 24
[-        ] min…pipeline:getAlignmentStats | 0 of 4
[-        ] min…line:createAbundanceTables -
[-        ] minimap_pipeline:makeReport    -

executor >  local (32)
[6b/680c4f] fastcat (4)                    | 24 of 24 ✔
[skipped  ] pre…s:download_unpack_taxonomy | 1 of 1, stored: 1 ✔
[skipped  ] pre…wnload_reference_ref2taxid | 1 of 1, stored: 1 ✔
[74/7cf9c2] min…ine:run_common:getVersions | 1 of 1 ✔
[13/e54571] min…eline:run_common:getParams | 1 of 1 ✔
[79/ae3e30] min…:minimap (HER-53-MGE-S146) | 5 of 24
[-        ] min…pipeline:getAlignmentStats | 0 of 5
[-        ] min…line:createAbundanceTables -
[-        ] minimap_pipeline:makeReport    -

executor >  local (32)
[6b/680c4f] fastcat (4)                    | 24 of 24 ✔
[skipped  ] pre…s:download_unpack_taxonomy | 1 of 1, stored: 1 ✔
[skipped  ] pre…wnload_reference_ref2taxid | 1 of 1, stored: 1 ✔
[74/7cf9c2] min…ine:run_common:getVersions | 1 of 1 ✔
[13/e54571] min…eline:run_common:getParams | 1 of 1 ✔
[79/ae3e30] min…:minimap (HER-53-MGE-S146) | 5 of 24
[-        ] min…pipeline:getAlignmentStats | 0 of 5
[-        ] min…line:createAbundanceTables -
[-        ] minimap_pipeline:makeReport    -

executor >  local (33)
[6b/680c4f] fastcat (4)                    | 24 of 24 ✔
[skipped  ] pre…s:download_unpack_taxonomy | 1 of 1, stored: 1 ✔
[skipped  ] pre…wnload_reference_ref2taxid | 1 of 1, stored: 1 ✔
[74/7cf9c2] min…ine:run_common:getVersions | 1 of 1 ✔
[13/e54571] min…eline:run_common:getParams | 1 of 1 ✔
[fe/bc6c98] min…:minimap (CHA-55-MGE-S150) | 6 of 24
[-        ] min…pipeline:getAlignmentStats | 0 of 6
[-        ] min…line:createAbundanceTables -
[-        ] minimap_pipeline:makeReport    -

executor >  local (34)
[6b/680c4f] fastcat (4)                    | 24 of 24 ✔
[skipped  ] pre…s:download_unpack_taxonomy | 1 of 1, stored: 1 ✔
[skipped  ] pre…wnload_reference_ref2taxid | 1 of 1, stored: 1 ✔
[74/7cf9c2] min…ine:run_common:getVersions | 1 of 1 ✔
[13/e54571] min…eline:run_common:getParams | 1 of 1 ✔
[e8/f6c34e] min…:minimap (GOO-22-MGE-S139) | 7 of 24
[-        ] min…pipeline:getAlignmentStats | 0 of 7
[-        ] min…line:createAbundanceTables -
[-        ] minimap_pipeline:makeReport    -

executor >  local (35)
[6b/680c4f] fastcat (4)                    | 24 of 24 ✔
[skipped  ] pre…s:download_unpack_taxonomy | 1 of 1, stored: 1 ✔
[skipped  ] pre…wnload_reference_ref2taxid | 1 of 1, stored: 1 ✔
[74/7cf9c2] min…ine:run_common:getVersions | 1 of 1 ✔
[13/e54571] min…eline:run_common:getParams | 1 of 1 ✔
[01/1414f9] min…:minimap (LAM-17-MGE-S156) | 8 of 24
[-        ] min…pipeline:getAlignmentStats | 0 of 8
[-        ] min…line:createAbundanceTables -
[-        ] minimap_pipeline:makeReport    -

executor >  local (35)
[6b/680c4f] fastcat (4)                    | 24 of 24 ✔
[skipped  ] pre…s:download_unpack_taxonomy | 1 of 1, stored: 1 ✔
[skipped  ] pre…wnload_reference_ref2taxid | 1 of 1, stored: 1 ✔
[74/7cf9c2] min…ine:run_common:getVersions | 1 of 1 ✔
[13/e54571] min…eline:run_common:getParams | 1 of 1 ✔
[01/1414f9] min…:minimap (LAM-17-MGE-S156) | 8 of 24
[-        ] min…pipeline:getAlignmentStats | 0 of 8
[-        ] min…line:createAbundanceTables -
[-        ] minimap_pipeline:makeReport    -

executor >  local (36)
[6b/680c4f] fastcat (4)                    | 24 of 24 ✔
[skipped  ] pre…s:download_unpack_taxonomy | 1 of 1, stored: 1 ✔
[skipped  ] pre…wnload_reference_ref2taxid | 1 of 1, stored: 1 ✔
[74/7cf9c2] min…ine:run_common:getVersions | 1 of 1 ✔
[13/e54571] min…eline:run_common:getParams | 1 of 1 ✔
[8a/ac3079] min…:minimap (LAM-55-MGE-S149) | 9 of 24
[-        ] min…pipeline:getAlignmentStats | 0 of 9
[-        ] min…line:createAbundanceTables -
[-        ] minimap_pipeline:makeReport    -

executor >  local (37)
[6b/680c4f] fastcat (4)                    | 24 of 24 ✔
[skipped  ] pre…s:download_unpack_taxonomy | 1 of 1, stored: 1 ✔
[skipped  ] pre…wnload_reference_ref2taxid | 1 of 1, stored: 1 ✔
[74/7cf9c2] min…ine:run_common:getVersions | 1 of 1 ✔
[13/e54571] min…eline:run_common:getParams | 1 of 1 ✔
[08/5532c0] min…:minimap (OPH-19-MGE-S159) | 9 of 24
[-        ] min…pipeline:getAlignmentStats | 0 of 9
[-        ] min…line:createAbundanceTables -
[-        ] minimap_pipeline:makeReport    -

executor >  local (37)
[6b/680c4f] fastcat (4)                    | 24 of 24 ✔
[skipped  ] pre…s:download_unpack_taxonomy | 1 of 1, stored: 1 ✔
[skipped  ] pre…wnload_reference_ref2taxid | 1 of 1, stored: 1 ✔
[74/7cf9c2] min…ine:run_common:getVersions | 1 of 1 ✔
[13/e54571] min…eline:run_common:getParams | 1 of 1 ✔
[d3/764790] min…:minimap (HAM-23-MGE-S140) | 10 of 24
[-        ] min…pipeline:getAlignmentStats | 0 of 10
[-        ] min…line:createAbundanceTables -
[-        ] minimap_pipeline:makeReport    -

executor >  local (38)
[6b/680c4f] fastcat (4)                    | 24 of 24 ✔
[skipped  ] pre…s:download_unpack_taxonomy | 1 of 1, stored: 1 ✔
[skipped  ] pre…wnload_reference_ref2taxid | 1 of 1, stored: 1 ✔
[74/7cf9c2] min…ine:run_common:getVersions | 1 of 1 ✔
[13/e54571] min…eline:run_common:getParams | 1 of 1 ✔
[08/5532c0] min…:minimap (OPH-19-MGE-S159) | 11 of 24
[-        ] min…pipeline:getAlignmentStats | 0 of 11
[-        ] min…line:createAbundanceTables -
[-        ] minimap_pipeline:makeReport    -

executor >  local (39)
[6b/680c4f] fastcat (4)                    | 24 of 24 ✔
[skipped  ] pre…s:download_unpack_taxonomy | 1 of 1, stored: 1 ✔
[skipped  ] pre…wnload_reference_ref2taxid | 1 of 1, stored: 1 ✔
[74/7cf9c2] min…ine:run_common:getVersions | 1 of 1 ✔
[13/e54571] min…eline:run_common:getParams | 1 of 1 ✔
[87/d4d2e5] min…:minimap (FRA-53-MGE-S147) | 12 of 24
[-        ] min…pipeline:getAlignmentStats | 0 of 12
[-        ] min…line:createAbundanceTables -
[-        ] minimap_pipeline:makeReport    -

executor >  local (40)
[6b/680c4f] fastcat (4)                    | 24 of 24 ✔
[skipped  ] pre…s:download_unpack_taxonomy | 1 of 1, stored: 1 ✔
[skipped  ] pre…wnload_reference_ref2taxid | 1 of 1, stored: 1 ✔
[74/7cf9c2] min…ine:run_common:getVersions | 1 of 1 ✔
[13/e54571] min…eline:run_common:getParams | 1 of 1 ✔
[3d/932350] min…:minimap (FRA-19-MGE-S160) | 13 of 24
[-        ] min…pipeline:getAlignmentStats | 0 of 13
[-        ] min…line:createAbundanceTables -
[-        ] minimap_pipeline:makeReport    -

executor >  local (41)
[6b/680c4f] fastcat (4)                    | 24 of 24 ✔
[skipped  ] pre…s:download_unpack_taxonomy | 1 of 1, stored: 1 ✔
[skipped  ] pre…wnload_reference_ref2taxid | 1 of 1, stored: 1 ✔
[74/7cf9c2] min…ine:run_common:getVersions | 1 of 1 ✔
[13/e54571] min…eline:run_common:getParams | 1 of 1 ✔
[07/dfa310] min…:minimap (GIN-52-MGE-S145) | 14 of 24
[-        ] min…pipeline:getAlignmentStats | 0 of 14
[-        ] min…line:createAbundanceTables -
[-        ] minimap_pipeline:makeReport    -

executor >  local (41)
[6b/680c4f] fastcat (4)                    | 24 of 24 ✔
[skipped  ] pre…s:download_unpack_taxonomy | 1 of 1, stored: 1 ✔
[skipped  ] pre…wnload_reference_ref2taxid | 1 of 1, stored: 1 ✔
[74/7cf9c2] min…ine:run_common:getVersions | 1 of 1 ✔
[13/e54571] min…eline:run_common:getParams | 1 of 1 ✔
[07/dfa310] min…:minimap (GIN-52-MGE-S145) | 14 of 24
[-        ] min…pipeline:getAlignmentStats | 0 of 14
[-        ] min…line:createAbundanceTables -
[-        ] minimap_pipeline:makeReport    -

executor >  local (42)
[6b/680c4f] fastcat (4)                    | 24 of 24 ✔
[skipped  ] pre…s:download_unpack_taxonomy | 1 of 1, stored: 1 ✔
[skipped  ] pre…wnload_reference_ref2taxid | 1 of 1, stored: 1 ✔
[74/7cf9c2] min…ine:run_common:getVersions | 1 of 1 ✔
[13/e54571] min…eline:run_common:getParams | 1 of 1 ✔
[8a/07773a] min…:minimap (JOA-24-MGE-S143) | 15 of 24
[-        ] min…pipeline:getAlignmentStats | 0 of 15
[-        ] min…line:createAbundanceTables -
[-        ] minimap_pipeline:makeReport    -

executor >  local (43)
[6b/680c4f] fastcat (4)                    | 24 of 24 ✔
[skipped  ] pre…s:download_unpack_taxonomy | 1 of 1, stored: 1 ✔
[skipped  ] pre…wnload_reference_ref2taxid | 1 of 1, stored: 1 ✔
[74/7cf9c2] min…ine:run_common:getVersions | 1 of 1 ✔
[13/e54571] min…eline:run_common:getParams | 1 of 1 ✔
[86/cd6097] min…eline:minimap (CM-NTC-008) | 16 of 24
[-        ] min…pipeline:getAlignmentStats | 0 of 16
[-        ] min…line:createAbundanceTables -
[-        ] minimap_pipeline:makeReport    -

executor >  local (44)
[6b/680c4f] fastcat (4)                    | 24 of 24 ✔
[skipped  ] pre…s:download_unpack_taxonomy | 1 of 1, stored: 1 ✔
[skipped  ] pre…wnload_reference_ref2taxid | 1 of 1, stored: 1 ✔
[74/7cf9c2] min…ine:run_common:getVersions | 1 of 1 ✔
[13/e54571] min…eline:run_common:getParams | 1 of 1 ✔
[81/ec908d] min…:minimap (MAR-53-MGE-S148) | 17 of 24
[-        ] min…pipeline:getAlignmentStats | 0 of 17
[-        ] min…line:createAbundanceTables -
[-        ] minimap_pipeline:makeReport    -

executor >  local (44)
[6b/680c4f] fastcat (4)                    | 24 of 24 ✔
[skipped  ] pre…s:download_unpack_taxonomy | 1 of 1, stored: 1 ✔
[skipped  ] pre…wnload_reference_ref2taxid | 1 of 1, stored: 1 ✔
[74/7cf9c2] min…ine:run_common:getVersions | 1 of 1 ✔
[13/e54571] min…eline:run_common:getParams | 1 of 1 ✔
[81/ec908d] min…:minimap (MAR-53-MGE-S148) | 17 of 24
[-        ] min…pipeline:getAlignmentStats | 0 of 17
[-        ] min…line:createAbundanceTables -
[-        ] minimap_pipeline:makeReport    -

executor >  local (45)
[6b/680c4f] fastcat (4)                    | 24 of 24 ✔
[skipped  ] pre…s:download_unpack_taxonomy | 1 of 1, stored: 1 ✔
[skipped  ] pre…wnload_reference_ref2taxid | 1 of 1, stored: 1 ✔
[74/7cf9c2] min…ine:run_common:getVersions | 1 of 1 ✔
[13/e54571] min…eline:run_common:getParams | 1 of 1 ✔
[37/9e5f4d] min…:minimap (IRI-23-MGE-S141) | 18 of 24
[-        ] min…pipeline:getAlignmentStats | 0 of 18
[-        ] min…line:createAbundanceTables -
[-        ] minimap_pipeline:makeReport    -

executor >  local (46)
[6b/680c4f] fastcat (4)                    | 24 of 24 ✔
[skipped  ] pre…s:download_unpack_taxonomy | 1 of 1, stored: 1 ✔
[skipped  ] pre…wnload_reference_ref2taxid | 1 of 1, stored: 1 ✔
[74/7cf9c2] min…ine:run_common:getVersions | 1 of 1 ✔
[13/e54571] min…eline:run_common:getParams | 1 of 1 ✔
[8b/c24bb8] min…:minimap (GOO-20-MGE-S161) | 19 of 24
[-        ] min…pipeline:getAlignmentStats | 0 of 19
[-        ] min…line:createAbundanceTables -
[-        ] minimap_pipeline:makeReport    -

executor >  local (46)
[6b/680c4f] fastcat (4)                    | 24 of 24 ✔
[skipped  ] pre…s:download_unpack_taxonomy | 1 of 1, stored: 1 ✔
[skipped  ] pre…wnload_reference_ref2taxid | 1 of 1, stored: 1 ✔
[74/7cf9c2] min…ine:run_common:getVersions | 1 of 1 ✔
[13/e54571] min…eline:run_common:getParams | 1 of 1 ✔
[8b/c24bb8] min…:minimap (GOO-20-MGE-S161) | 19 of 24
[-        ] min…pipeline:getAlignmentStats | 0 of 19
[-        ] min…line:createAbundanceTables -
[-        ] minimap_pipeline:makeReport    -

executor >  local (47)
[6b/680c4f] fastcat (4)                    | 24 of 24 ✔
[skipped  ] pre…s:download_unpack_taxonomy | 1 of 1, stored: 1 ✔
[skipped  ] pre…wnload_reference_ref2taxid | 1 of 1, stored: 1 ✔
[74/7cf9c2] min…ine:run_common:getVersions | 1 of 1 ✔
[13/e54571] min…eline:run_common:getParams | 1 of 1 ✔
[ce/587019] min…:minimap (IRI-17-MGE-S155) | 20 of 24
[-        ] min…pipeline:getAlignmentStats | 0 of 20
[-        ] min…line:createAbundanceTables -
[-        ] minimap_pipeline:makeReport    -

executor >  local (48)
[6b/680c4f] fastcat (4)                    | 24 of 24 ✔
[skipped  ] pre…s:download_unpack_taxonomy | 1 of 1, stored: 1 ✔
[skipped  ] pre…wnload_reference_ref2taxid | 1 of 1, stored: 1 ✔
[74/7cf9c2] min…ine:run_common:getVersions | 1 of 1 ✔
[13/e54571] min…eline:run_common:getParams | 1 of 1 ✔
[df/aa5b06] min…:minimap (GRO-56-MGE-S151) | 21 of 24
[-        ] min…pipeline:getAlignmentStats | 0 of 21
[-        ] min…line:createAbundanceTables -
[-        ] minimap_pipeline:makeReport    -

executor >  local (48)
[6b/680c4f] fastcat (4)                    | 24 of 24 ✔
[skipped  ] pre…s:download_unpack_taxonomy | 1 of 1, stored: 1 ✔
[skipped  ] pre…wnload_reference_ref2taxid | 1 of 1, stored: 1 ✔
[74/7cf9c2] min…ine:run_common:getVersions | 1 of 1 ✔
[13/e54571] min…eline:run_common:getParams | 1 of 1 ✔
[df/aa5b06] min…:minimap (GRO-56-MGE-S151) | 21 of 24
[-        ] min…pipeline:getAlignmentStats | 0 of 21
[-        ] min…line:createAbundanceTables -
[-        ] minimap_pipeline:makeReport    -

executor >  local (49)
[6b/680c4f] fastcat (4)                    | 24 of 24 ✔
[skipped  ] pre…s:download_unpack_taxonomy | 1 of 1, stored: 1 ✔
[skipped  ] pre…wnload_reference_ref2taxid | 1 of 1, stored: 1 ✔
[74/7cf9c2] min…ine:run_common:getVersions | 1 of 1 ✔
[13/e54571] min…eline:run_common:getParams | 1 of 1 ✔
[ba/e41b59] min…:minimap (WOL-18-MGE-S158) | 22 of 24
[-        ] min…pipeline:getAlignmentStats | 0 of 22
[-        ] min…line:createAbundanceTables -
[-        ] minimap_pipeline:makeReport    -

executor >  local (50)
[6b/680c4f] fastcat (4)                    | 24 of 24 ✔
[skipped  ] pre…s:download_unpack_taxonomy | 1 of 1, stored: 1 ✔
[skipped  ] pre…wnload_reference_ref2taxid | 1 of 1, stored: 1 ✔
[74/7cf9c2] min…ine:run_common:getVersions | 1 of 1 ✔
[13/e54571] min…eline:run_common:getParams | 1 of 1 ✔
[3d/66d065] min…:minimap (JOA-56-MGE-S152) | 23 of 24
[-        ] min…pipeline:getAlignmentStats | 0 of 23
[-        ] min…line:createAbundanceTables -
[-        ] minimap_pipeline:makeReport    -

executor >  local (51)
[6b/680c4f] fastcat (4)                    | 24 of 24 ✔
[skipped  ] pre…s:download_unpack_taxonomy | 1 of 1, stored: 1 ✔
[skipped  ] pre…wnload_reference_ref2taxid | 1 of 1, stored: 1 ✔
[74/7cf9c2] min…ine:run_common:getVersions | 1 of 1 ✔
[13/e54571] min…eline:run_common:getParams | 1 of 1 ✔
[24/a644da] min…:minimap (HER-24-MGE-S142) | 24 of 24 ✔
[f2/cfc0d9] min…entStats (JOA-60-MGE-S154) | 0 of 24
[-        ] min…line:createAbundanceTables | 0 of 1
[-        ] minimap_pipeline:makeReport    -

executor >  local (51)
[6b/680c4f] fastcat (4)                    | 24 of 24 ✔
[skipped  ] pre…s:download_unpack_taxonomy | 1 of 1, stored: 1 ✔
[skipped  ] pre…wnload_reference_ref2taxid | 1 of 1, stored: 1 ✔
[74/7cf9c2] min…ine:run_common:getVersions | 1 of 1 ✔
[13/e54571] min…eline:run_common:getParams | 1 of 1 ✔
[24/a644da] min…:minimap (HER-24-MGE-S142) | 24 of 24 ✔
[f2/cfc0d9] min…entStats (JOA-60-MGE-S154) | 0 of 24
[-        ] min…line:createAbundanceTables | 0 of 1
[-        ] minimap_pipeline:makeReport    -

executor >  local (52)
[6b/680c4f] fastcat (4)                    | 24 of 24 ✔
[skipped  ] pre…s:download_unpack_taxonomy | 1 of 1, stored: 1 ✔
[skipped  ] pre…wnload_reference_ref2taxid | 1 of 1, stored: 1 ✔
[74/7cf9c2] min…ine:run_common:getVersions | 1 of 1 ✔
[13/e54571] min…eline:run_common:getParams | 1 of 1 ✔
[24/a644da] min…:minimap (HER-24-MGE-S142) | 24 of 24 ✔
[4f/aa5063] min…entStats (WOL-58-MGE-S153) | 1 of 24
[-        ] min…line:createAbundanceTables | 0 of 1
[-        ] minimap_pipeline:makeReport    -

executor >  local (53)
[6b/680c4f] fastcat (4)                    | 24 of 24 ✔
[skipped  ] pre…s:download_unpack_taxonomy | 1 of 1, stored: 1 ✔
[skipped  ] pre…wnload_reference_ref2taxid | 1 of 1, stored: 1 ✔
[74/7cf9c2] min…ine:run_common:getVersions | 1 of 1 ✔
[13/e54571] min…eline:run_common:getParams | 1 of 1 ✔
[24/a644da] min…:minimap (HER-24-MGE-S142) | 24 of 24 ✔
[06/c6f999] min…entStats (BUD-52-MGE-S144) | 2 of 24
[-        ] min…line:createAbundanceTables | 0 of 1
[-        ] minimap_pipeline:makeReport    -

executor >  local (54)
[6b/680c4f] fastcat (4)                    | 24 of 24 ✔
[skipped  ] pre…s:download_unpack_taxonomy | 1 of 1, stored: 1 ✔
[skipped  ] pre…wnload_reference_ref2taxid | 1 of 1, stored: 1 ✔
[74/7cf9c2] min…ine:run_common:getVersions | 1 of 1 ✔
[13/e54571] min…eline:run_common:getParams | 1 of 1 ✔
[24/a644da] min…:minimap (HER-24-MGE-S142) | 24 of 24 ✔
[7a/431231] min…entStats (HAM-18-MGE-S157) | 3 of 24
[-        ] min…line:createAbundanceTables | 0 of 1
[-        ] minimap_pipeline:makeReport    -

executor >  local (55)
[6b/680c4f] fastcat (4)                    | 24 of 24 ✔
[skipped  ] pre…s:download_unpack_taxonomy | 1 of 1, stored: 1 ✔
[skipped  ] pre…wnload_reference_ref2taxid | 1 of 1, stored: 1 ✔
[74/7cf9c2] min…ine:run_common:getVersions | 1 of 1 ✔
[13/e54571] min…eline:run_common:getParams | 1 of 1 ✔
[24/a644da] min…:minimap (HER-24-MGE-S142) | 24 of 24 ✔
[db/b37630] min…entStats (HER-53-MGE-S146) | 4 of 24
[-        ] min…line:createAbundanceTables | 0 of 1
[-        ] minimap_pipeline:makeReport    -

executor >  local (56)
[6b/680c4f] fastcat (4)                    | 24 of 24 ✔
[skipped  ] pre…s:download_unpack_taxonomy | 1 of 1, stored: 1 ✔
[skipped  ] pre…wnload_reference_ref2taxid | 1 of 1, stored: 1 ✔
[74/7cf9c2] min…ine:run_common:getVersions | 1 of 1 ✔
[13/e54571] min…eline:run_common:getParams | 1 of 1 ✔
[24/a644da] min…:minimap (HER-24-MGE-S142) | 24 of 24 ✔
[2a/18acb4] min…entStats (CHA-55-MGE-S150) | 5 of 24
[-        ] min…line:createAbundanceTables | 0 of 1
[-        ] minimap_pipeline:makeReport    -

executor >  local (57)
[6b/680c4f] fastcat (4)                    | 24 of 24 ✔
[skipped  ] pre…s:download_unpack_taxonomy | 1 of 1, stored: 1 ✔
[skipped  ] pre…wnload_reference_ref2taxid | 1 of 1, stored: 1 ✔
[74/7cf9c2] min…ine:run_common:getVersions | 1 of 1 ✔
[13/e54571] min…eline:run_common:getParams | 1 of 1 ✔
[24/a644da] min…:minimap (HER-24-MGE-S142) | 24 of 24 ✔
[08/a416c2] min…entStats (GOO-22-MGE-S139) | 6 of 24
[-        ] min…line:createAbundanceTables | 0 of 1
[-        ] minimap_pipeline:makeReport    -

executor >  local (58)
[6b/680c4f] fastcat (4)                    | 24 of 24 ✔
[skipped  ] pre…s:download_unpack_taxonomy | 1 of 1, stored: 1 ✔
[skipped  ] pre…wnload_reference_ref2taxid | 1 of 1, stored: 1 ✔
[74/7cf9c2] min…ine:run_common:getVersions | 1 of 1 ✔
[13/e54571] min…eline:run_common:getParams | 1 of 1 ✔
[24/a644da] min…:minimap (HER-24-MGE-S142) | 24 of 24 ✔
[08/a416c2] min…entStats (GOO-22-MGE-S139) | 7 of 24
[-        ] min…line:createAbundanceTables | 0 of 1
[-        ] minimap_pipeline:makeReport    -

executor >  local (59)
[6b/680c4f] fastcat (4)                    | 24 of 24 ✔
[skipped  ] pre…s:download_unpack_taxonomy | 1 of 1, stored: 1 ✔
[skipped  ] pre…wnload_reference_ref2taxid | 1 of 1, stored: 1 ✔
[74/7cf9c2] min…ine:run_common:getVersions | 1 of 1 ✔
[13/e54571] min…eline:run_common:getParams | 1 of 1 ✔
[24/a644da] min…:minimap (HER-24-MGE-S142) | 24 of 24 ✔
[69/1bfd76] min…entStats (LAM-55-MGE-S149) | 8 of 24
[-        ] min…line:createAbundanceTables | 0 of 1
[-        ] minimap_pipeline:makeReport    -

executor >  local (60)
[6b/680c4f] fastcat (4)                    | 24 of 24 ✔
[skipped  ] pre…s:download_unpack_taxonomy | 1 of 1, stored: 1 ✔
[skipped  ] pre…wnload_reference_ref2taxid | 1 of 1, stored: 1 ✔
[74/7cf9c2] min…ine:run_common:getVersions | 1 of 1 ✔
[13/e54571] min…eline:run_common:getParams | 1 of 1 ✔
[24/a644da] min…:minimap (HER-24-MGE-S142) | 24 of 24 ✔
[69/1bfd76] min…entStats (LAM-55-MGE-S149) | 9 of 24
[-        ] min…line:createAbundanceTables | 0 of 1
[-        ] minimap_pipeline:makeReport    -

executor >  local (61)
[6b/680c4f] fastcat (4)                    | 24 of 24 ✔
[skipped  ] pre…s:download_unpack_taxonomy | 1 of 1, stored: 1 ✔
[skipped  ] pre…wnload_reference_ref2taxid | 1 of 1, stored: 1 ✔
[74/7cf9c2] min…ine:run_common:getVersions | 1 of 1 ✔
[13/e54571] min…eline:run_common:getParams | 1 of 1 ✔
[24/a644da] min…:minimap (HER-24-MGE-S142) | 24 of 24 ✔
[e9/48c65f] min…entStats (HAM-23-MGE-S140) | 10 of 24
[-        ] min…line:createAbundanceTables | 0 of 1
[-        ] minimap_pipeline:makeReport    -

executor >  local (62)
[6b/680c4f] fastcat (4)                    | 24 of 24 ✔
[skipped  ] pre…s:download_unpack_taxonomy | 1 of 1, stored: 1 ✔
[skipped  ] pre…wnload_reference_ref2taxid | 1 of 1, stored: 1 ✔
[74/7cf9c2] min…ine:run_common:getVersions | 1 of 1 ✔
[13/e54571] min…eline:run_common:getParams | 1 of 1 ✔
[24/a644da] min…:minimap (HER-24-MGE-S142) | 24 of 24 ✔
[55/7f4200] min…entStats (FRA-53-MGE-S147) | 11 of 24
[-        ] min…line:createAbundanceTables | 0 of 1
[-        ] minimap_pipeline:makeReport    -

executor >  local (63)
[6b/680c4f] fastcat (4)                    | 24 of 24 ✔
[skipped  ] pre…s:download_unpack_taxonomy | 1 of 1, stored: 1 ✔
[skipped  ] pre…wnload_reference_ref2taxid | 1 of 1, stored: 1 ✔
[74/7cf9c2] min…ine:run_common:getVersions | 1 of 1 ✔
[13/e54571] min…eline:run_common:getParams | 1 of 1 ✔
[24/a644da] min…:minimap (HER-24-MGE-S142) | 24 of 24 ✔
[55/7f4200] min…entStats (FRA-53-MGE-S147) | 12 of 24
[-        ] min…line:createAbundanceTables | 0 of 1
[-        ] minimap_pipeline:makeReport    -

executor >  local (63)
[6b/680c4f] fastcat (4)                    | 24 of 24 ✔
[skipped  ] pre…s:download_unpack_taxonomy | 1 of 1, stored: 1 ✔
[skipped  ] pre…wnload_reference_ref2taxid | 1 of 1, stored: 1 ✔
[74/7cf9c2] min…ine:run_common:getVersions | 1 of 1 ✔
[13/e54571] min…eline:run_common:getParams | 1 of 1 ✔
[24/a644da] min…:minimap (HER-24-MGE-S142) | 24 of 24 ✔
[55/7f4200] min…entStats (FRA-53-MGE-S147) | 12 of 24
[-        ] min…line:createAbundanceTables | 0 of 1
[-        ] minimap_pipeline:makeReport    -

executor >  local (64)
[6b/680c4f] fastcat (4)                    | 24 of 24 ✔
[skipped  ] pre…s:download_unpack_taxonomy | 1 of 1, stored: 1 ✔
[skipped  ] pre…wnload_reference_ref2taxid | 1 of 1, stored: 1 ✔
[74/7cf9c2] min…ine:run_common:getVersions | 1 of 1 ✔
[13/e54571] min…eline:run_common:getParams | 1 of 1 ✔
[24/a644da] min…:minimap (HER-24-MGE-S142) | 24 of 24 ✔
[dd/a38445] min…entStats (GIN-52-MGE-S145) | 13 of 24
[-        ] min…line:createAbundanceTables | 0 of 1
[-        ] minimap_pipeline:makeReport    -

executor >  local (65)
[6b/680c4f] fastcat (4)                    | 24 of 24 ✔
[skipped  ] pre…s:download_unpack_taxonomy | 1 of 1, stored: 1 ✔
[skipped  ] pre…wnload_reference_ref2taxid | 1 of 1, stored: 1 ✔
[74/7cf9c2] min…ine:run_common:getVersions | 1 of 1 ✔
[13/e54571] min…eline:run_common:getParams | 1 of 1 ✔
[24/a644da] min…:minimap (HER-24-MGE-S142) | 24 of 24 ✔
[1d/bc976b] min…entStats (JOA-24-MGE-S143) | 14 of 24
[-        ] min…line:createAbundanceTables | 0 of 1
[-        ] minimap_pipeline:makeReport    -

executor >  local (65)
[6b/680c4f] fastcat (4)                    | 24 of 24 ✔
[skipped  ] pre…s:download_unpack_taxonomy | 1 of 1, stored: 1 ✔
[skipped  ] pre…wnload_reference_ref2taxid | 1 of 1, stored: 1 ✔
[74/7cf9c2] min…ine:run_common:getVersions | 1 of 1 ✔
[13/e54571] min…eline:run_common:getParams | 1 of 1 ✔
[24/a644da] min…:minimap (HER-24-MGE-S142) | 24 of 24 ✔
[1d/bc976b] min…entStats (JOA-24-MGE-S143) | 14 of 24
[-        ] min…line:createAbundanceTables | 0 of 1
[-        ] minimap_pipeline:makeReport    -

executor >  local (66)
[6b/680c4f] fastcat (4)                    | 24 of 24 ✔
[skipped  ] pre…s:download_unpack_taxonomy | 1 of 1, stored: 1 ✔
[skipped  ] pre…wnload_reference_ref2taxid | 1 of 1, stored: 1 ✔
[74/7cf9c2] min…ine:run_common:getVersions | 1 of 1 ✔
[13/e54571] min…eline:run_common:getParams | 1 of 1 ✔
[24/a644da] min…:minimap (HER-24-MGE-S142) | 24 of 24 ✔
[c8/18c6c5] min…lignmentStats (CM-NTC-008) | 15 of 24
[-        ] min…line:createAbundanceTables | 0 of 1
[-        ] minimap_pipeline:makeReport    -

executor >  local (66)
[6b/680c4f] fastcat (4)                    | 24 of 24 ✔
[skipped  ] pre…s:download_unpack_taxonomy | 1 of 1, stored: 1 ✔
[skipped  ] pre…wnload_reference_ref2taxid | 1 of 1, stored: 1 ✔
[74/7cf9c2] min…ine:run_common:getVersions | 1 of 1 ✔
[13/e54571] min…eline:run_common:getParams | 1 of 1 ✔
[24/a644da] min…:minimap (HER-24-MGE-S142) | 24 of 24 ✔
[c8/18c6c5] min…lignmentStats (CM-NTC-008) | 15 of 24
[-        ] min…line:createAbundanceTables | 0 of 1
[-        ] minimap_pipeline:makeReport    -

executor >  local (67)
[6b/680c4f] fastcat (4)                    | 24 of 24 ✔
[skipped  ] pre…s:download_unpack_taxonomy | 1 of 1, stored: 1 ✔
[skipped  ] pre…wnload_reference_ref2taxid | 1 of 1, stored: 1 ✔
[74/7cf9c2] min…ine:run_common:getVersions | 1 of 1 ✔
[13/e54571] min…eline:run_common:getParams | 1 of 1 ✔
[24/a644da] min…:minimap (HER-24-MGE-S142) | 24 of 24 ✔
[53/796fcf] min…entStats (MAR-53-MGE-S148) | 16 of 24
[-        ] min…line:createAbundanceTables | 0 of 1
[-        ] minimap_pipeline:makeReport    -

executor >  local (68)
[6b/680c4f] fastcat (4)                    | 24 of 24 ✔
[skipped  ] pre…s:download_unpack_taxonomy | 1 of 1, stored: 1 ✔
[skipped  ] pre…wnload_reference_ref2taxid | 1 of 1, stored: 1 ✔
[74/7cf9c2] min…ine:run_common:getVersions | 1 of 1 ✔
[13/e54571] min…eline:run_common:getParams | 1 of 1 ✔
[24/a644da] min…:minimap (HER-24-MGE-S142) | 24 of 24 ✔
[8c/cb4950] min…entStats (IRI-23-MGE-S141) | 17 of 24
[-        ] min…line:createAbundanceTables | 0 of 1
[-        ] minimap_pipeline:makeReport    -

executor >  local (69)
[6b/680c4f] fastcat (4)                    | 24 of 24 ✔
[skipped  ] pre…s:download_unpack_taxonomy | 1 of 1, stored: 1 ✔
[skipped  ] pre…wnload_reference_ref2taxid | 1 of 1, stored: 1 ✔
[74/7cf9c2] min…ine:run_common:getVersions | 1 of 1 ✔
[13/e54571] min…eline:run_common:getParams | 1 of 1 ✔
[24/a644da] min…:minimap (HER-24-MGE-S142) | 24 of 24 ✔
[8c/cb4950] min…entStats (IRI-23-MGE-S141) | 18 of 24
[-        ] min…line:createAbundanceTables | 0 of 1
[-        ] minimap_pipeline:makeReport    -

executor >  local (70)
[6b/680c4f] fastcat (4)                    | 24 of 24 ✔
[skipped  ] pre…s:download_unpack_taxonomy | 1 of 1, stored: 1 ✔
[skipped  ] pre…wnload_reference_ref2taxid | 1 of 1, stored: 1 ✔
[74/7cf9c2] min…ine:run_common:getVersions | 1 of 1 ✔
[13/e54571] min…eline:run_common:getParams | 1 of 1 ✔
[24/a644da] min…:minimap (HER-24-MGE-S142) | 24 of 24 ✔
[d6/e9eb3b] min…entStats (IRI-17-MGE-S155) | 19 of 24
[-        ] min…line:createAbundanceTables | 0 of 1
[-        ] minimap_pipeline:makeReport    -

executor >  local (71)
[6b/680c4f] fastcat (4)                    | 24 of 24 ✔
[skipped  ] pre…s:download_unpack_taxonomy | 1 of 1, stored: 1 ✔
[skipped  ] pre…wnload_reference_ref2taxid | 1 of 1, stored: 1 ✔
[74/7cf9c2] min…ine:run_common:getVersions | 1 of 1 ✔
[13/e54571] min…eline:run_common:getParams | 1 of 1 ✔
[24/a644da] min…:minimap (HER-24-MGE-S142) | 24 of 24 ✔
[45/afa9ab] min…entStats (GRO-56-MGE-S151) | 20 of 24
[-        ] min…line:createAbundanceTables | 0 of 1
[-        ] minimap_pipeline:makeReport    -

executor >  local (72)
[6b/680c4f] fastcat (4)                    | 24 of 24 ✔
[skipped  ] pre…s:download_unpack_taxonomy | 1 of 1, stored: 1 ✔
[skipped  ] pre…wnload_reference_ref2taxid | 1 of 1, stored: 1 ✔
[74/7cf9c2] min…ine:run_common:getVersions | 1 of 1 ✔
[13/e54571] min…eline:run_common:getParams | 1 of 1 ✔
[24/a644da] min…:minimap (HER-24-MGE-S142) | 24 of 24 ✔
[45/afa9ab] min…entStats (GRO-56-MGE-S151) | 21 of 24
[-        ] min…line:createAbundanceTables | 0 of 1
[-        ] minimap_pipeline:makeReport    -

executor >  local (73)
[6b/680c4f] fastcat (4)                    | 24 of 24 ✔
[skipped  ] pre…s:download_unpack_taxonomy | 1 of 1, stored: 1 ✔
[skipped  ] pre…wnload_reference_ref2taxid | 1 of 1, stored: 1 ✔
[74/7cf9c2] min…ine:run_common:getVersions | 1 of 1 ✔
[13/e54571] min…eline:run_common:getParams | 1 of 1 ✔
[24/a644da] min…:minimap (HER-24-MGE-S142) | 24 of 24 ✔
[30/b963ec] min…entStats (WOL-18-MGE-S158) | 22 of 24
[-        ] min…line:createAbundanceTables | 0 of 1
[-        ] minimap_pipeline:makeReport    -

executor >  local (74)
[6b/680c4f] fastcat (4)                    | 24 of 24 ✔
[skipped  ] pre…s:download_unpack_taxonomy | 1 of 1, stored: 1 ✔
[skipped  ] pre…wnload_reference_ref2taxid | 1 of 1, stored: 1 ✔
[74/7cf9c2] min…ine:run_common:getVersions | 1 of 1 ✔
[13/e54571] min…eline:run_common:getParams | 1 of 1 ✔
[24/a644da] min…:minimap (HER-24-MGE-S142) | 24 of 24 ✔
[a6/a6d09a] min…entStats (HER-24-MGE-S142) | 23 of 24
[-        ] min…line:createAbundanceTables | 0 of 1
[-        ] minimap_pipeline:makeReport    -

executor >  local (75)
[6b/680c4f] fastcat (4)                    | 24 of 24 ✔
[skipped  ] pre…s:download_unpack_taxonomy | 1 of 1, stored: 1 ✔
[skipped  ] pre…wnload_reference_ref2taxid | 1 of 1, stored: 1 ✔
[74/7cf9c2] min…ine:run_common:getVersions | 1 of 1 ✔
[13/e54571] min…eline:run_common:getParams | 1 of 1 ✔
[24/a644da] min…:minimap (HER-24-MGE-S142) | 24 of 24 ✔
[a6/a6d09a] min…entStats (HER-24-MGE-S142) | 24 of 24 ✔
[92/6ceee1] min…line:createAbundanceTables | 0 of 1
[-        ] minimap_pipeline:makeReport    -

executor >  local (76)
[6b/680c4f] fastcat (4)                    | 24 of 24 ✔
[skipped  ] pre…s:download_unpack_taxonomy | 1 of 1, stored: 1 ✔
[skipped  ] pre…wnload_reference_ref2taxid | 1 of 1, stored: 1 ✔
[74/7cf9c2] min…ine:run_common:getVersions | 1 of 1 ✔
[13/e54571] min…eline:run_common:getParams | 1 of 1 ✔
[24/a644da] min…:minimap (HER-24-MGE-S142) | 24 of 24 ✔
[a6/a6d09a] min…entStats (HER-24-MGE-S142) | 24 of 24 ✔
[92/6ceee1] min…line:createAbundanceTables | 1 of 1 ✔
[85/7e2327] min…ap_pipeline:makeReport (1) | 0 of 1

executor >  local (76)
[6b/680c4f] fastcat (4)                    | 24 of 24 ✔
[skipped  ] pre…s:download_unpack_taxonomy | 1 of 1, stored: 1 ✔
[skipped  ] pre…wnload_reference_ref2taxid | 1 of 1, stored: 1 ✔
[74/7cf9c2] min…ine:run_common:getVersions | 1 of 1 ✔
[13/e54571] min…eline:run_common:getParams | 1 of 1 ✔
[24/a644da] min…:minimap (HER-24-MGE-S142) | 24 of 24 ✔
[a6/a6d09a] min…entStats (HER-24-MGE-S142) | 24 of 24 ✔
[92/6ceee1] min…line:createAbundanceTables | 1 of 1 ✔
[85/7e2327] min…ap_pipeline:makeReport (1) | 0 of 1

executor >  local (76)
[6b/680c4f] fastcat (4)                    | 24 of 24 ✔
[skipped  ] pre…s:download_unpack_taxonomy | 1 of 1, stored: 1 ✔
[skipped  ] pre…wnload_reference_ref2taxid | 1 of 1, stored: 1 ✔
[74/7cf9c2] min…ine:run_common:getVersions | 1 of 1 ✔
[13/e54571] min…eline:run_common:getParams | 1 of 1 ✔
[24/a644da] min…:minimap (HER-24-MGE-S142) | 24 of 24 ✔
[a6/a6d09a] min…entStats (HER-24-MGE-S142) | 24 of 24 ✔
[92/6ceee1] min…line:createAbundanceTables | 1 of 1 ✔
[85/7e2327] min…ap_pipeline:makeReport (1) | 1 of 1 ✔

executor >  local (76)
[6b/680c4f] fastcat (4)                    | 24 of 24 ✔
[skipped  ] pre…s:download_unpack_taxonomy | 1 of 1, stored: 1 ✔
[skipped  ] pre…wnload_reference_ref2taxid | 1 of 1, stored: 1 ✔
[74/7cf9c2] min…ine:run_common:getVersions | 1 of 1 ✔
[13/e54571] min…eline:run_common:getParams | 1 of 1 ✔
[24/a644da] min…:minimap (HER-24-MGE-S142) | 24 of 24 ✔
[a6/a6d09a] min…entStats (HER-24-MGE-S142) | 24 of 24 ✔
[92/6ceee1] min…line:createAbundanceTables | 1 of 1 ✔
[85/7e2327] min…ap_pipeline:makeReport (1) | 1 of 1 ✔

executor >  local (76)
[6b/680c4f] fastcat (4)                    | 24 of 24 ✔
[skipped  ] pre…s:download_unpack_taxonomy | 1 of 1, stored: 1 ✔
[skipped  ] pre…wnload_reference_ref2taxid | 1 of 1, stored: 1 ✔
[74/7cf9c2] min…ine:run_common:getVersions | 1 of 1 ✔
[13/e54571] min…eline:run_common:getParams | 1 of 1 ✔
[24/a644da] min…:minimap (HER-24-MGE-S142) | 24 of 24 ✔
[a6/a6d09a] min…entStats (HER-24-MGE-S142) | 24 of 24 ✔
[92/6ceee1] min…line:createAbundanceTables | 1 of 1 ✔
[85/7e2327] min…ap_pipeline:makeReport (1) | 1 of 1 ✔
Completed at: 24-Mar-2025 13:19:31
Duration    : 14m 30s
CPU hours   : 4.8
Succeeded   : 76


