
 N E X T F L O W   ~  version 24.04.3

Launching `https://github.com/epi2me-labs/wf-16s` [stupefied_allen] DSL2 - revision: a20a5156b9 [master]

WARN: NEXTFLOW RECURSION IS A PREVIEW FEATURE - SYNTAX AND FUNCTIONALITY CAN CHANGE IN FUTURE RELEASES

||||||||||   _____ ____ ___ ____  __  __ _____      _       _
||||||||||  | ____|  _ \_ _|___ \|  \/  | ____|    | | __ _| |__  ___
|||||       |  _| | |_) | |  __) | |\/| |  _| _____| |/ _` | '_ \/ __|
|||||       | |___|  __/| | / __/| |  | | |__|_____| | (_| | |_) \__ \
||||||||||  |_____|_|  |___|_____|_|  |_|_____|    |_|\__,_|_.__/|___/
||||||||||  wf-16s v1.4.0-ga20a515
--------------------------------------------------------------------------------
Core Nextflow options
  revision             : master
  runName              : stupefied_allen
  containerEngine      : singularity
  container            : [withLabel:wfmetagenomics:ontresearch/wf-metagenomics:sha1adcb94088d2397b0d61c0393035f51b1013226a, withLabel:wf_common:ontresearch/wf-common:shabadd33adae761be6f2d59c6ecfb44b19cf472cfc]
  launchDir            : /lustre/work/richlab/azadmanesh/marm_bioinfo
  workDir              : /lustre/work/richlab/azadmanesh/marm_bioinfo/work
  projectDir           : /work/richlab/azadmanesh/assets/epi2me-labs/wf-16s
  userName             : azadmanesh
  profile              : singularity
  configFiles          : /work/richlab/azadmanesh/assets/epi2me-labs/wf-16s/nextflow.config

Input Options
  fastq                : /work/richlab/azadmanesh/marm_bioinfo/ont_reads/filtered/cm010/

Reference Options
  taxonomic_rank       : S

Minimap2 Options
  keep_bam             : true
  minimap2_by_reference: true
  min_percent_identity : 85
  min_ref_coverage     : 80

Report Options
  abundance_threshold  : 0
  n_taxa_barplot       : 12

Output Options
  out_dir              : ../marm_bioinfo/data/outputs_wf16s/cm010/

Advanced Options
  min_len              : 1000
  min_read_qual        : 7
  threads              : 32

!! Only displaying parameters that differ from the pipeline defaults !!
--------------------------------------------------------------------------------
If you use epi2me-labs/wf-16s for your analysis please cite:

* The nf-core framework
  https://doi.org/10.1038/s41587-020-0439-x


--------------------------------------------------------------------------------
This is epi2me-labs/wf-16s v1.4.0-ga20a515.
--------------------------------------------------------------------------------
Checking inputs.
Searching input for [.fastq, .fastq.gz, .fq, .fq.gz] files.
[-        ] fastcat                        -
[-        ] pre…s:download_unpack_taxonomy -
[-        ] pre…wnload_reference_ref2taxid -
[-        ] min…ine:run_common:getVersions -
[-        ] min…eline:run_common:getParams -
[-        ] minimap_pipeline:minimap       -
[-        ] min…pipeline:getAlignmentStats -
[-        ] min…line:createAbundanceTables -
Note: Empty files or those files whose reads have been discarded after filtering based on read length and/or read quality will not appear in the report and will be excluded from subsequent analysis.
Minimap2 pipeline.
Preparing databases.
Using default taxonomy database.
Using a default database.

[-        ] fastcat                        | 0 of 24
[skipped  ] pre…s:download_unpack_taxonomy | 1 of 1, stored: 1 ✔
[skipped  ] pre…wnload_reference_ref2taxid | 1 of 1, stored: 1 ✔
[-        ] min…ine:run_common:getVersions | 0 of 1
[-        ] min…eline:run_common:getParams | 0 of 1
[-        ] minimap_pipeline:minimap       -
[-        ] min…pipeline:getAlignmentStats -
[-        ] min…line:createAbundanceTables -
[-        ] minimap_pipeline:makeReport    -
Note: Empty files or those files whose reads have been discarded after filtering based on read length and/or read quality will not appear in the report and will be excluded from subsequent analysis.
Minimap2 pipeline.
Preparing databases.
Using default taxonomy database.
Using a default database.

executor >  local (8)
[0e/c03a3c] fastcat (9)                    | 0 of 24
[skipped  ] pre…s:download_unpack_taxonomy | 1 of 1, stored: 1 ✔
[skipped  ] pre…wnload_reference_ref2taxid | 1 of 1, stored: 1 ✔
[-        ] min…ine:run_common:getVersions | 0 of 1
[-        ] min…eline:run_common:getParams | 0 of 1
[-        ] minimap_pipeline:minimap       -
[-        ] min…pipeline:getAlignmentStats -
[-        ] min…line:createAbundanceTables -
[-        ] minimap_pipeline:makeReport    -
Note: Empty files or those files whose reads have been discarded after filtering based on read length and/or read quality will not appear in the report and will be excluded from subsequent analysis.
Minimap2 pipeline.
Preparing databases.
Using default taxonomy database.
Using a default database.

executor >  local (16)
[c7/7e7edb] fastcat (7)                    | 7 of 24
[skipped  ] pre…s:download_unpack_taxonomy | 1 of 1, stored: 1 ✔
[skipped  ] pre…wnload_reference_ref2taxid | 1 of 1, stored: 1 ✔
[9b/fc8070] min…ine:run_common:getVersions | 0 of 1
[88/62fd6b] min…eline:run_common:getParams | 0 of 1
[-        ] minimap_pipeline:minimap       | 0 of 7
[-        ] min…pipeline:getAlignmentStats -
[-        ] min…line:createAbundanceTables -
[-        ] minimap_pipeline:makeReport    -
Note: Empty files or those files whose reads have been discarded after filtering based on read length and/or read quality will not appear in the report and will be excluded from subsequent analysis.
Minimap2 pipeline.
Preparing databases.
Using default taxonomy database.
Using a default database.

executor >  local (17)
[39/a03d3b] fastcat (5)                    | 8 of 24
[skipped  ] pre…s:download_unpack_taxonomy | 1 of 1, stored: 1 ✔
[skipped  ] pre…wnload_reference_ref2taxid | 1 of 1, stored: 1 ✔
[9b/fc8070] min…ine:run_common:getVersions | 0 of 1
[88/62fd6b] min…eline:run_common:getParams | 0 of 1
[-        ] minimap_pipeline:minimap       | 0 of 8
[-        ] min…pipeline:getAlignmentStats -
[-        ] min…line:createAbundanceTables -
[-        ] minimap_pipeline:makeReport    -
Note: Empty files or those files whose reads have been discarded after filtering based on read length and/or read quality will not appear in the report and will be excluded from subsequent analysis.
Minimap2 pipeline.
Preparing databases.
Using default taxonomy database.
Using a default database.

executor >  local (17)
[39/a03d3b] fastcat (5)                    | 8 of 24
[skipped  ] pre…s:download_unpack_taxonomy | 1 of 1, stored: 1 ✔
[skipped  ] pre…wnload_reference_ref2taxid | 1 of 1, stored: 1 ✔
[9b/fc8070] min…ine:run_common:getVersions | 0 of 1
[88/62fd6b] min…eline:run_common:getParams | 1 of 1 ✔
[-        ] minimap_pipeline:minimap       | 0 of 8
[-        ] min…pipeline:getAlignmentStats -
[-        ] min…line:createAbundanceTables -
[-        ] minimap_pipeline:makeReport    -
Note: Empty files or those files whose reads have been discarded after filtering based on read length and/or read quality will not appear in the report and will be excluded from subsequent analysis.
Minimap2 pipeline.
Preparing databases.
Using default taxonomy database.
Using a default database.

executor >  local (18)
[43/446ce1] fastcat (17)                   | 9 of 24
[skipped  ] pre…s:download_unpack_taxonomy | 1 of 1, stored: 1 ✔
[skipped  ] pre…wnload_reference_ref2taxid | 1 of 1, stored: 1 ✔
[9b/fc8070] min…ine:run_common:getVersions | 0 of 1
[88/62fd6b] min…eline:run_common:getParams | 1 of 1 ✔
[-        ] minimap_pipeline:minimap       | 0 of 9
[-        ] min…pipeline:getAlignmentStats -
[-        ] min…line:createAbundanceTables -
[-        ] minimap_pipeline:makeReport    -
Note: Empty files or those files whose reads have been discarded after filtering based on read length and/or read quality will not appear in the report and will be excluded from subsequent analysis.
Minimap2 pipeline.
Preparing databases.
Using default taxonomy database.
Using a default database.

executor >  local (24)
[2a/552f44] fastcat (8)                    | 15 of 24
[skipped  ] pre…s:download_unpack_taxonomy | 1 of 1, stored: 1 ✔
[skipped  ] pre…wnload_reference_ref2taxid | 1 of 1, stored: 1 ✔
[9b/fc8070] min…ine:run_common:getVersions | 0 of 1
[88/62fd6b] min…eline:run_common:getParams | 1 of 1 ✔
[-        ] minimap_pipeline:minimap       | 0 of 15
[-        ] min…pipeline:getAlignmentStats -
[-        ] min…line:createAbundanceTables -
[-        ] minimap_pipeline:makeReport    -
Note: Empty files or those files whose reads have been discarded after filtering based on read length and/or read quality will not appear in the report and will be excluded from subsequent analysis.
Minimap2 pipeline.
Preparing databases.
Using default taxonomy database.
Using a default database.

executor >  local (26)
[43/446ce1] fastcat (17)                   | 18 of 24
[skipped  ] pre…s:download_unpack_taxonomy | 1 of 1, stored: 1 ✔
[skipped  ] pre…wnload_reference_ref2taxid | 1 of 1, stored: 1 ✔
[9b/fc8070] min…ine:run_common:getVersions | 0 of 1
[88/62fd6b] min…eline:run_common:getParams | 1 of 1 ✔
[-        ] minimap_pipeline:minimap       | 0 of 18
[-        ] min…pipeline:getAlignmentStats -
[-        ] min…line:createAbundanceTables -
[-        ] minimap_pipeline:makeReport    -
Note: Empty files or those files whose reads have been discarded after filtering based on read length and/or read quality will not appear in the report and will be excluded from subsequent analysis.
Minimap2 pipeline.
Preparing databases.
Using default taxonomy database.
Using a default database.

executor >  local (26)
[31/1db8ef] fastcat (12)                   | 22 of 24
[skipped  ] pre…s:download_unpack_taxonomy | 1 of 1, stored: 1 ✔
[skipped  ] pre…wnload_reference_ref2taxid | 1 of 1, stored: 1 ✔
[9b/fc8070] min…ine:run_common:getVersions | 0 of 1
[88/62fd6b] min…eline:run_common:getParams | 1 of 1 ✔
[-        ] minimap_pipeline:minimap       | 0 of 22
[-        ] min…pipeline:getAlignmentStats -
[-        ] min…line:createAbundanceTables -
[-        ] minimap_pipeline:makeReport    -
Note: Empty files or those files whose reads have been discarded after filtering based on read length and/or read quality will not appear in the report and will be excluded from subsequent analysis.
Minimap2 pipeline.
Preparing databases.
Using default taxonomy database.
Using a default database.

executor >  local (26)
[fd/4cd44e] fastcat (16)                   | 24 of 24 ✔
[skipped  ] pre…s:download_unpack_taxonomy | 1 of 1, stored: 1 ✔
[skipped  ] pre…wnload_reference_ref2taxid | 1 of 1, stored: 1 ✔
[9b/fc8070] min…ine:run_common:getVersions | 0 of 1
[88/62fd6b] min…eline:run_common:getParams | 1 of 1 ✔
[-        ] minimap_pipeline:minimap       | 0 of 24
[-        ] min…pipeline:getAlignmentStats -
[-        ] min…line:createAbundanceTables -
[-        ] minimap_pipeline:makeReport    -
Note: Empty files or those files whose reads have been discarded after filtering based on read length and/or read quality will not appear in the report and will be excluded from subsequent analysis.
Minimap2 pipeline.
Preparing databases.
Using default taxonomy database.
Using a default database.

executor >  local (27)
[fd/4cd44e] fastcat (16)                   | 24 of 24 ✔
[skipped  ] pre…s:download_unpack_taxonomy | 1 of 1, stored: 1 ✔
[skipped  ] pre…wnload_reference_ref2taxid | 1 of 1, stored: 1 ✔
[9b/fc8070] min…ine:run_common:getVersions | 1 of 1 ✔
[88/62fd6b] min…eline:run_common:getParams | 1 of 1 ✔
[53/df6b07] min…:minimap (BUD-44-MGE-S192) | 0 of 24
[-        ] min…pipeline:getAlignmentStats -
[-        ] min…line:createAbundanceTables -
[-        ] minimap_pipeline:makeReport    -
Note: Empty files or those files whose reads have been discarded after filtering based on read length and/or read quality will not appear in the report and will be excluded from subsequent analysis.
Minimap2 pipeline.
Preparing databases.
Using default taxonomy database.
Using a default database.

executor >  local (28)
[fd/4cd44e] fastcat (16)                   | 24 of 24 ✔
[skipped  ] pre…s:download_unpack_taxonomy | 1 of 1, stored: 1 ✔
[skipped  ] pre…wnload_reference_ref2taxid | 1 of 1, stored: 1 ✔
[9b/fc8070] min…ine:run_common:getVersions | 1 of 1 ✔
[88/62fd6b] min…eline:run_common:getParams | 1 of 1 ✔
[53/df6b07] min…:minimap (BUD-44-MGE-S192) | 1 of 24
[-        ] min…pipeline:getAlignmentStats | 0 of 1
[-        ] min…line:createAbundanceTables -
[-        ] minimap_pipeline:makeReport    -
Note: Empty files or those files whose reads have been discarded after filtering based on read length and/or read quality will not appear in the report and will be excluded from subsequent analysis.
Minimap2 pipeline.
Preparing databases.
Using default taxonomy database.
Using a default database.

executor >  local (29)
[fd/4cd44e] fastcat (16)                   | 24 of 24 ✔
[skipped  ] pre…s:download_unpack_taxonomy | 1 of 1, stored: 1 ✔
[skipped  ] pre…wnload_reference_ref2taxid | 1 of 1, stored: 1 ✔
[9b/fc8070] min…ine:run_common:getVersions | 1 of 1 ✔
[88/62fd6b] min…eline:run_common:getParams | 1 of 1 ✔
[0f/7d4f9d] min…:minimap (FRA-47-MGE-S195) | 2 of 24
[-        ] min…pipeline:getAlignmentStats | 0 of 2
[-        ] min…line:createAbundanceTables -
[-        ] minimap_pipeline:makeReport    -






executor >  local (30)
[fd/4cd44e] fastcat (16)                   | 24 of 24 ✔
[skipped  ] pre…s:download_unpack_taxonomy | 1 of 1, stored: 1 ✔
[skipped  ] pre…wnload_reference_ref2taxid | 1 of 1, stored: 1 ✔
[9b/fc8070] min…ine:run_common:getVersions | 1 of 1 ✔
[88/62fd6b] min…eline:run_common:getParams | 1 of 1 ✔
[2e/ffbd51] min…:minimap (GIN-50-MGE-S202) | 3 of 24
[-        ] min…pipeline:getAlignmentStats | 0 of 3
[-        ] min…line:createAbundanceTables -
[-        ] minimap_pipeline:makeReport    -






executor >  local (30)
[fd/4cd44e] fastcat (16)                   | 24 of 24 ✔
[skipped  ] pre…s:download_unpack_taxonomy | 1 of 1, stored: 1 ✔
[skipped  ] pre…wnload_reference_ref2taxid | 1 of 1, stored: 1 ✔
[9b/fc8070] min…ine:run_common:getVersions | 1 of 1 ✔
[88/62fd6b] min…eline:run_common:getParams | 1 of 1 ✔
[2e/ffbd51] min…:minimap (GIN-50-MGE-S202) | 3 of 24
[-        ] min…pipeline:getAlignmentStats | 0 of 3
[-        ] min…line:createAbundanceTables -
[-        ] minimap_pipeline:makeReport    -

executor >  local (31)
[fd/4cd44e] fastcat (16)                   | 24 of 24 ✔
[skipped  ] pre…s:download_unpack_taxonomy | 1 of 1, stored: 1 ✔
[skipped  ] pre…wnload_reference_ref2taxid | 1 of 1, stored: 1 ✔
[9b/fc8070] min…ine:run_common:getVersions | 1 of 1 ✔
[88/62fd6b] min…eline:run_common:getParams | 1 of 1 ✔
[71/e7b3f3] min…:minimap (MAR-49-MGE-S199) | 3 of 24
[-        ] min…pipeline:getAlignmentStats | 0 of 3
[-        ] min…line:createAbundanceTables -
[-        ] minimap_pipeline:makeReport    -

executor >  local (31)
[fd/4cd44e] fastcat (16)                   | 24 of 24 ✔
[skipped  ] pre…s:download_unpack_taxonomy | 1 of 1, stored: 1 ✔
[skipped  ] pre…wnload_reference_ref2taxid | 1 of 1, stored: 1 ✔
[9b/fc8070] min…ine:run_common:getVersions | 1 of 1 ✔
[88/62fd6b] min…eline:run_common:getParams | 1 of 1 ✔
[c6/e485b7] min…:minimap (GRO-22-MGE-S189) | 4 of 24
[-        ] min…pipeline:getAlignmentStats | 0 of 4
[-        ] min…line:createAbundanceTables -
[-        ] minimap_pipeline:makeReport    -

executor >  local (32)
[fd/4cd44e] fastcat (16)                   | 24 of 24 ✔
[skipped  ] pre…s:download_unpack_taxonomy | 1 of 1, stored: 1 ✔
[skipped  ] pre…wnload_reference_ref2taxid | 1 of 1, stored: 1 ✔
[9b/fc8070] min…ine:run_common:getVersions | 1 of 1 ✔
[88/62fd6b] min…eline:run_common:getParams | 1 of 1 ✔
[b5/f9120d] min…:minimap (JAR-14-MGE-S207) | 5 of 24
[-        ] min…pipeline:getAlignmentStats | 0 of 5
[-        ] min…line:createAbundanceTables -
[-        ] minimap_pipeline:makeReport    -

executor >  local (33)
[fd/4cd44e] fastcat (16)                   | 24 of 24 ✔
[skipped  ] pre…s:download_unpack_taxonomy | 1 of 1, stored: 1 ✔
[skipped  ] pre…wnload_reference_ref2taxid | 1 of 1, stored: 1 ✔
[9b/fc8070] min…ine:run_common:getVersions | 1 of 1 ✔
[88/62fd6b] min…eline:run_common:getParams | 1 of 1 ✔
[b5/f9120d] min…:minimap (JAR-14-MGE-S207) | 6 of 24
[-        ] min…pipeline:getAlignmentStats | 0 of 6
[-        ] min…line:createAbundanceTables -
[-        ] minimap_pipeline:makeReport    -

executor >  local (34)
[fd/4cd44e] fastcat (16)                   | 24 of 24 ✔
[skipped  ] pre…s:download_unpack_taxonomy | 1 of 1, stored: 1 ✔
[skipped  ] pre…wnload_reference_ref2taxid | 1 of 1, stored: 1 ✔
[9b/fc8070] min…ine:run_common:getVersions | 1 of 1 ✔
[88/62fd6b] min…eline:run_common:getParams | 1 of 1 ✔
[63/7d265c] min…:minimap (LAM-25-MGE-S191) | 7 of 24
[-        ] min…pipeline:getAlignmentStats | 0 of 7
[-        ] min…line:createAbundanceTables -
[-        ] minimap_pipeline:makeReport    -

executor >  local (35)
[fd/4cd44e] fastcat (16)                   | 24 of 24 ✔
[skipped  ] pre…s:download_unpack_taxonomy | 1 of 1, stored: 1 ✔
[skipped  ] pre…wnload_reference_ref2taxid | 1 of 1, stored: 1 ✔
[9b/fc8070] min…ine:run_common:getVersions | 1 of 1 ✔
[88/62fd6b] min…eline:run_common:getParams | 1 of 1 ✔
[9f/c1885f] min…:minimap (GIN-46-MGE-S194) | 8 of 24
[-        ] min…pipeline:getAlignmentStats | 0 of 8
[-        ] min…line:createAbundanceTables -
[-        ] minimap_pipeline:makeReport    -

executor >  local (36)
[fd/4cd44e] fastcat (16)                   | 24 of 24 ✔
[skipped  ] pre…s:download_unpack_taxonomy | 1 of 1, stored: 1 ✔
[skipped  ] pre…wnload_reference_ref2taxid | 1 of 1, stored: 1 ✔
[9b/fc8070] min…ine:run_common:getVersions | 1 of 1 ✔
[88/62fd6b] min…eline:run_common:getParams | 1 of 1 ✔
[92/eb9368] min…e:minimap (OPH-9-MGE-S203) | 9 of 24
[-        ] min…pipeline:getAlignmentStats | 0 of 9
[-        ] min…line:createAbundanceTables -
[-        ] minimap_pipeline:makeReport    -

executor >  local (36)
[fd/4cd44e] fastcat (16)                   | 24 of 24 ✔
[skipped  ] pre…s:download_unpack_taxonomy | 1 of 1, stored: 1 ✔
[skipped  ] pre…wnload_reference_ref2taxid | 1 of 1, stored: 1 ✔
[9b/fc8070] min…ine:run_common:getVersions | 1 of 1 ✔
[88/62fd6b] min…eline:run_common:getParams | 1 of 1 ✔
[92/eb9368] min…e:minimap (OPH-9-MGE-S203) | 9 of 24
[-        ] min…pipeline:getAlignmentStats | 0 of 9
[-        ] min…line:createAbundanceTables -
[-        ] minimap_pipeline:makeReport    -

executor >  local (37)
[fd/4cd44e] fastcat (16)                   | 24 of 24 ✔
[skipped  ] pre…s:download_unpack_taxonomy | 1 of 1, stored: 1 ✔
[skipped  ] pre…wnload_reference_ref2taxid | 1 of 1, stored: 1 ✔
[9b/fc8070] min…ine:run_common:getVersions | 1 of 1 ✔
[88/62fd6b] min…eline:run_common:getParams | 1 of 1 ✔
[25/398f36] min…:minimap (HEN-48-MGE-S198) | 9 of 24
[-        ] min…pipeline:getAlignmentStats | 0 of 9
[-        ] min…line:createAbundanceTables -
[-        ] minimap_pipeline:makeReport    -

executor >  local (37)
[fd/4cd44e] fastcat (16)                   | 24 of 24 ✔
[skipped  ] pre…s:download_unpack_taxonomy | 1 of 1, stored: 1 ✔
[skipped  ] pre…wnload_reference_ref2taxid | 1 of 1, stored: 1 ✔
[9b/fc8070] min…ine:run_common:getVersions | 1 of 1 ✔
[88/62fd6b] min…eline:run_common:getParams | 1 of 1 ✔
[52/639c98] min…:minimap (IVY-47-MGE-S196) | 10 of 24
[-        ] min…pipeline:getAlignmentStats | 0 of 10
[-        ] min…line:createAbundanceTables -
[-        ] minimap_pipeline:makeReport    -

executor >  local (38)
[fd/4cd44e] fastcat (16)                   | 24 of 24 ✔
[skipped  ] pre…s:download_unpack_taxonomy | 1 of 1, stored: 1 ✔
[skipped  ] pre…wnload_reference_ref2taxid | 1 of 1, stored: 1 ✔
[9b/fc8070] min…ine:run_common:getVersions | 1 of 1 ✔
[88/62fd6b] min…eline:run_common:getParams | 1 of 1 ✔
[25/398f36] min…:minimap (HEN-48-MGE-S198) | 11 of 24
[-        ] min…pipeline:getAlignmentStats | 0 of 11
[-        ] min…line:createAbundanceTables -
[-        ] minimap_pipeline:makeReport    -

executor >  local (39)
[fd/4cd44e] fastcat (16)                   | 24 of 24 ✔
[skipped  ] pre…s:download_unpack_taxonomy | 1 of 1, stored: 1 ✔
[skipped  ] pre…wnload_reference_ref2taxid | 1 of 1, stored: 1 ✔
[9b/fc8070] min…ine:run_common:getVersions | 1 of 1 ✔
[88/62fd6b] min…eline:run_common:getParams | 1 of 1 ✔
[90/9bdeb5] min…:minimap (HAM-25-MGE-S190) | 12 of 24
[-        ] min…pipeline:getAlignmentStats | 0 of 12
[-        ] min…line:createAbundanceTables -
[-        ] minimap_pipeline:makeReport    -

executor >  local (39)
[fd/4cd44e] fastcat (16)                   | 24 of 24 ✔
[skipped  ] pre…s:download_unpack_taxonomy | 1 of 1, stored: 1 ✔
[skipped  ] pre…wnload_reference_ref2taxid | 1 of 1, stored: 1 ✔
[9b/fc8070] min…ine:run_common:getVersions | 1 of 1 ✔
[88/62fd6b] min…eline:run_common:getParams | 1 of 1 ✔
[90/9bdeb5] min…:minimap (HAM-25-MGE-S190) | 12 of 24
[-        ] min…pipeline:getAlignmentStats | 0 of 12
[-        ] min…line:createAbundanceTables -
[-        ] minimap_pipeline:makeReport    -

executor >  local (40)
[fd/4cd44e] fastcat (16)                   | 24 of 24 ✔
[skipped  ] pre…s:download_unpack_taxonomy | 1 of 1, stored: 1 ✔
[skipped  ] pre…wnload_reference_ref2taxid | 1 of 1, stored: 1 ✔
[9b/fc8070] min…ine:run_common:getVersions | 1 of 1 ✔
[88/62fd6b] min…eline:run_common:getParams | 1 of 1 ✔
[4a/07eca3] min…:minimap (KUB-21-MGE-S186) | 13 of 24
[-        ] min…pipeline:getAlignmentStats | 0 of 13
[-        ] min…line:createAbundanceTables -
[-        ] minimap_pipeline:makeReport    -

executor >  local (41)
[fd/4cd44e] fastcat (16)                   | 24 of 24 ✔
[skipped  ] pre…s:download_unpack_taxonomy | 1 of 1, stored: 1 ✔
[skipped  ] pre…wnload_reference_ref2taxid | 1 of 1, stored: 1 ✔
[9b/fc8070] min…ine:run_common:getVersions | 1 of 1 ✔
[88/62fd6b] min…eline:run_common:getParams | 1 of 1 ✔
[c5/90308f] min…:minimap (JOA-49-MGE-S200) | 14 of 24
[-        ] min…pipeline:getAlignmentStats | 0 of 14
[-        ] min…line:createAbundanceTables -
[-        ] minimap_pipeline:makeReport    -

executor >  local (41)
[fd/4cd44e] fastcat (16)                   | 24 of 24 ✔
[skipped  ] pre…s:download_unpack_taxonomy | 1 of 1, stored: 1 ✔
[skipped  ] pre…wnload_reference_ref2taxid | 1 of 1, stored: 1 ✔
[9b/fc8070] min…ine:run_common:getVersions | 1 of 1 ✔
[88/62fd6b] min…eline:run_common:getParams | 1 of 1 ✔
[c5/90308f] min…:minimap (JOA-49-MGE-S200) | 14 of 24
[-        ] min…pipeline:getAlignmentStats | 0 of 14
[-        ] min…line:createAbundanceTables -
[-        ] minimap_pipeline:makeReport    -

executor >  local (42)
[fd/4cd44e] fastcat (16)                   | 24 of 24 ✔
[skipped  ] pre…s:download_unpack_taxonomy | 1 of 1, stored: 1 ✔
[skipped  ] pre…wnload_reference_ref2taxid | 1 of 1, stored: 1 ✔
[9b/fc8070] min…ine:run_common:getVersions | 1 of 1 ✔
[88/62fd6b] min…eline:run_common:getParams | 1 of 1 ✔
[2f/98803f] min…:minimap (KOR-21-MGE-S187) | 15 of 24
[-        ] min…pipeline:getAlignmentStats | 0 of 15
[-        ] min…line:createAbundanceTables -
[-        ] minimap_pipeline:makeReport    -

executor >  local (43)
[fd/4cd44e] fastcat (16)                   | 24 of 24 ✔
[skipped  ] pre…s:download_unpack_taxonomy | 1 of 1, stored: 1 ✔
[skipped  ] pre…wnload_reference_ref2taxid | 1 of 1, stored: 1 ✔
[9b/fc8070] min…ine:run_common:getVersions | 1 of 1 ✔
[88/62fd6b] min…eline:run_common:getParams | 1 of 1 ✔
[54/a6e454] min…eline:minimap (CM-NTC-010) | 16 of 24
[-        ] min…pipeline:getAlignmentStats | 0 of 16
[-        ] min…line:createAbundanceTables -
[-        ] minimap_pipeline:makeReport    -

executor >  local (44)
[fd/4cd44e] fastcat (16)                   | 24 of 24 ✔
[skipped  ] pre…s:download_unpack_taxonomy | 1 of 1, stored: 1 ✔
[skipped  ] pre…wnload_reference_ref2taxid | 1 of 1, stored: 1 ✔
[9b/fc8070] min…ine:run_common:getVersions | 1 of 1 ✔
[88/62fd6b] min…eline:run_common:getParams | 1 of 1 ✔
[9f/f838b5] min…:minimap (WOL-17-MGE-S193) | 17 of 24
[-        ] min…pipeline:getAlignmentStats | 0 of 17
[-        ] min…line:createAbundanceTables -
[-        ] minimap_pipeline:makeReport    -

executor >  local (45)
[fd/4cd44e] fastcat (16)                   | 24 of 24 ✔
[skipped  ] pre…s:download_unpack_taxonomy | 1 of 1, stored: 1 ✔
[skipped  ] pre…wnload_reference_ref2taxid | 1 of 1, stored: 1 ✔
[9b/fc8070] min…ine:run_common:getVersions | 1 of 1 ✔
[88/62fd6b] min…eline:run_common:getParams | 1 of 1 ✔
[13/c353fb] min…:minimap (JAR-21-MGE-S185) | 18 of 24
[-        ] min…pipeline:getAlignmentStats | 0 of 18
[-        ] min…line:createAbundanceTables -
[-        ] minimap_pipeline:makeReport    -

executor >  local (46)
[fd/4cd44e] fastcat (16)                   | 24 of 24 ✔
[skipped  ] pre…s:download_unpack_taxonomy | 1 of 1, stored: 1 ✔
[skipped  ] pre…wnload_reference_ref2taxid | 1 of 1, stored: 1 ✔
[9b/fc8070] min…ine:run_common:getVersions | 1 of 1 ✔
[88/62fd6b] min…eline:run_common:getParams | 1 of 1 ✔
[33/22afb9] min…:minimap (HAM-11-MGE-S205) | 19 of 24
[-        ] min…pipeline:getAlignmentStats | 0 of 19
[-        ] min…line:createAbundanceTables -
[-        ] minimap_pipeline:makeReport    -

executor >  local (47)
[fd/4cd44e] fastcat (16)                   | 24 of 24 ✔
[skipped  ] pre…s:download_unpack_taxonomy | 1 of 1, stored: 1 ✔
[skipped  ] pre…wnload_reference_ref2taxid | 1 of 1, stored: 1 ✔
[9b/fc8070] min…ine:run_common:getVersions | 1 of 1 ✔
[88/62fd6b] min…eline:run_common:getParams | 1 of 1 ✔
[a8/629086] min…:minimap (BUD-11-MGE-S206) | 20 of 24
[-        ] min…pipeline:getAlignmentStats | 0 of 20
[-        ] min…line:createAbundanceTables -
[-        ] minimap_pipeline:makeReport    -

executor >  local (48)
[fd/4cd44e] fastcat (16)                   | 24 of 24 ✔
[skipped  ] pre…s:download_unpack_taxonomy | 1 of 1, stored: 1 ✔
[skipped  ] pre…wnload_reference_ref2taxid | 1 of 1, stored: 1 ✔
[9b/fc8070] min…ine:run_common:getVersions | 1 of 1 ✔
[88/62fd6b] min…eline:run_common:getParams | 1 of 1 ✔
[2a/956cd7] min…:minimap (GRO-50-MGE-S201) | 21 of 24
[-        ] min…pipeline:getAlignmentStats | 0 of 21
[-        ] min…line:createAbundanceTables -
[-        ] minimap_pipeline:makeReport    -

executor >  local (49)
[fd/4cd44e] fastcat (16)                   | 24 of 24 ✔
[skipped  ] pre…s:download_unpack_taxonomy | 1 of 1, stored: 1 ✔
[skipped  ] pre…wnload_reference_ref2taxid | 1 of 1, stored: 1 ✔
[9b/fc8070] min…ine:run_common:getVersions | 1 of 1 ✔
[88/62fd6b] min…eline:run_common:getParams | 1 of 1 ✔
[45/d2e5b3] min…e:minimap (CHA-9-MGE-S204) | 22 of 24
[-        ] min…pipeline:getAlignmentStats | 0 of 22
[-        ] min…line:createAbundanceTables -
[-        ] minimap_pipeline:makeReport    -

executor >  local (49)
[fd/4cd44e] fastcat (16)                   | 24 of 24 ✔
[skipped  ] pre…s:download_unpack_taxonomy | 1 of 1, stored: 1 ✔
[skipped  ] pre…wnload_reference_ref2taxid | 1 of 1, stored: 1 ✔
[9b/fc8070] min…ine:run_common:getVersions | 1 of 1 ✔
[88/62fd6b] min…eline:run_common:getParams | 1 of 1 ✔
[45/d2e5b3] min…e:minimap (CHA-9-MGE-S204) | 22 of 24
[-        ] min…pipeline:getAlignmentStats | 0 of 22
[-        ] min…line:createAbundanceTables -
[-        ] minimap_pipeline:makeReport    -

executor >  local (50)
[fd/4cd44e] fastcat (16)                   | 24 of 24 ✔
[skipped  ] pre…s:download_unpack_taxonomy | 1 of 1, stored: 1 ✔
[skipped  ] pre…wnload_reference_ref2taxid | 1 of 1, stored: 1 ✔
[9b/fc8070] min…ine:run_common:getVersions | 1 of 1 ✔
[88/62fd6b] min…eline:run_common:getParams | 1 of 1 ✔
[e4/0a4f0b] min…:minimap (KOR-48-MGE-S197) | 23 of 24
[-        ] min…pipeline:getAlignmentStats | 0 of 23
[-        ] min…line:createAbundanceTables -
[-        ] minimap_pipeline:makeReport    -

executor >  local (50)
[fd/4cd44e] fastcat (16)                   | 24 of 24 ✔
[skipped  ] pre…s:download_unpack_taxonomy | 1 of 1, stored: 1 ✔
[skipped  ] pre…wnload_reference_ref2taxid | 1 of 1, stored: 1 ✔
[9b/fc8070] min…ine:run_common:getVersions | 1 of 1 ✔
[88/62fd6b] min…eline:run_common:getParams | 1 of 1 ✔
[e4/0a4f0b] min…:minimap (KOR-48-MGE-S197) | 23 of 24
[-        ] min…pipeline:getAlignmentStats | 0 of 23
[-        ] min…line:createAbundanceTables -
[-        ] minimap_pipeline:makeReport    -

executor >  local (51)
[fd/4cd44e] fastcat (16)                   | 24 of 24 ✔
[skipped  ] pre…s:download_unpack_taxonomy | 1 of 1, stored: 1 ✔
[skipped  ] pre…wnload_reference_ref2taxid | 1 of 1, stored: 1 ✔
[9b/fc8070] min…ine:run_common:getVersions | 1 of 1 ✔
[88/62fd6b] min…eline:run_common:getParams | 1 of 1 ✔
[c0/c38f10] min…:minimap (IRI-22-MGE-S188) | 24 of 24 ✔
[21/269367] min…entStats (BUD-44-MGE-S192) | 0 of 24
[-        ] min…line:createAbundanceTables | 0 of 1
[-        ] minimap_pipeline:makeReport    -

executor >  local (52)
[fd/4cd44e] fastcat (16)                   | 24 of 24 ✔
[skipped  ] pre…s:download_unpack_taxonomy | 1 of 1, stored: 1 ✔
[skipped  ] pre…wnload_reference_ref2taxid | 1 of 1, stored: 1 ✔
[9b/fc8070] min…ine:run_common:getVersions | 1 of 1 ✔
[88/62fd6b] min…eline:run_common:getParams | 1 of 1 ✔
[c0/c38f10] min…:minimap (IRI-22-MGE-S188) | 24 of 24 ✔
[58/4314fa] min…entStats (FRA-47-MGE-S195) | 1 of 24
[-        ] min…line:createAbundanceTables | 0 of 1
[-        ] minimap_pipeline:makeReport    -

executor >  local (52)
[fd/4cd44e] fastcat (16)                   | 24 of 24 ✔
[skipped  ] pre…s:download_unpack_taxonomy | 1 of 1, stored: 1 ✔
[skipped  ] pre…wnload_reference_ref2taxid | 1 of 1, stored: 1 ✔
[9b/fc8070] min…ine:run_common:getVersions | 1 of 1 ✔
[88/62fd6b] min…eline:run_common:getParams | 1 of 1 ✔
[c0/c38f10] min…:minimap (IRI-22-MGE-S188) | 24 of 24 ✔
[58/4314fa] min…entStats (FRA-47-MGE-S195) | 1 of 24
[-        ] min…line:createAbundanceTables | 0 of 1
[-        ] minimap_pipeline:makeReport    -

executor >  local (53)
[fd/4cd44e] fastcat (16)                   | 24 of 24 ✔
[skipped  ] pre…s:download_unpack_taxonomy | 1 of 1, stored: 1 ✔
[skipped  ] pre…wnload_reference_ref2taxid | 1 of 1, stored: 1 ✔
[9b/fc8070] min…ine:run_common:getVersions | 1 of 1 ✔
[88/62fd6b] min…eline:run_common:getParams | 1 of 1 ✔
[c0/c38f10] min…:minimap (IRI-22-MGE-S188) | 24 of 24 ✔
[3f/9b656e] min…entStats (GIN-50-MGE-S202) | 2 of 24
[-        ] min…line:createAbundanceTables | 0 of 1
[-        ] minimap_pipeline:makeReport    -

executor >  local (53)
[fd/4cd44e] fastcat (16)                   | 24 of 24 ✔
[skipped  ] pre…s:download_unpack_taxonomy | 1 of 1, stored: 1 ✔
[skipped  ] pre…wnload_reference_ref2taxid | 1 of 1, stored: 1 ✔
[9b/fc8070] min…ine:run_common:getVersions | 1 of 1 ✔
[88/62fd6b] min…eline:run_common:getParams | 1 of 1 ✔
[c0/c38f10] min…:minimap (IRI-22-MGE-S188) | 24 of 24 ✔
[3f/9b656e] min…entStats (GIN-50-MGE-S202) | 2 of 24
[-        ] min…line:createAbundanceTables | 0 of 1
[-        ] minimap_pipeline:makeReport    -

executor >  local (54)
[fd/4cd44e] fastcat (16)                   | 24 of 24 ✔
[skipped  ] pre…s:download_unpack_taxonomy | 1 of 1, stored: 1 ✔
[skipped  ] pre…wnload_reference_ref2taxid | 1 of 1, stored: 1 ✔
[9b/fc8070] min…ine:run_common:getVersions | 1 of 1 ✔
[88/62fd6b] min…eline:run_common:getParams | 1 of 1 ✔
[c0/c38f10] min…:minimap (IRI-22-MGE-S188) | 24 of 24 ✔
[5b/32ae26] min…entStats (GRO-22-MGE-S189) | 3 of 24
[-        ] min…line:createAbundanceTables | 0 of 1
[-        ] minimap_pipeline:makeReport    -

executor >  local (55)
[fd/4cd44e] fastcat (16)                   | 24 of 24 ✔
[skipped  ] pre…s:download_unpack_taxonomy | 1 of 1, stored: 1 ✔
[skipped  ] pre…wnload_reference_ref2taxid | 1 of 1, stored: 1 ✔
[9b/fc8070] min…ine:run_common:getVersions | 1 of 1 ✔
[88/62fd6b] min…eline:run_common:getParams | 1 of 1 ✔
[c0/c38f10] min…:minimap (IRI-22-MGE-S188) | 24 of 24 ✔
[5b/32ae26] min…entStats (GRO-22-MGE-S189) | 4 of 24
[-        ] min…line:createAbundanceTables | 0 of 1
[-        ] minimap_pipeline:makeReport    -

executor >  local (55)
[fd/4cd44e] fastcat (16)                   | 24 of 24 ✔
[skipped  ] pre…s:download_unpack_taxonomy | 1 of 1, stored: 1 ✔
[skipped  ] pre…wnload_reference_ref2taxid | 1 of 1, stored: 1 ✔
[9b/fc8070] min…ine:run_common:getVersions | 1 of 1 ✔
[88/62fd6b] min…eline:run_common:getParams | 1 of 1 ✔
[c0/c38f10] min…:minimap (IRI-22-MGE-S188) | 24 of 24 ✔
[5b/32ae26] min…entStats (GRO-22-MGE-S189) | 4 of 24
[-        ] min…line:createAbundanceTables | 0 of 1
[-        ] minimap_pipeline:makeReport    -

executor >  local (56)
[fd/4cd44e] fastcat (16)                   | 24 of 24 ✔
[skipped  ] pre…s:download_unpack_taxonomy | 1 of 1, stored: 1 ✔
[skipped  ] pre…wnload_reference_ref2taxid | 1 of 1, stored: 1 ✔
[9b/fc8070] min…ine:run_common:getVersions | 1 of 1 ✔
[88/62fd6b] min…eline:run_common:getParams | 1 of 1 ✔
[c0/c38f10] min…:minimap (IRI-22-MGE-S188) | 24 of 24 ✔
[22/1d142e] min…entStats (MAR-49-MGE-S199) | 5 of 24
[-        ] min…line:createAbundanceTables | 0 of 1
[-        ] minimap_pipeline:makeReport    -

executor >  local (57)
[fd/4cd44e] fastcat (16)                   | 24 of 24 ✔
[skipped  ] pre…s:download_unpack_taxonomy | 1 of 1, stored: 1 ✔
[skipped  ] pre…wnload_reference_ref2taxid | 1 of 1, stored: 1 ✔
[9b/fc8070] min…ine:run_common:getVersions | 1 of 1 ✔
[88/62fd6b] min…eline:run_common:getParams | 1 of 1 ✔
[c0/c38f10] min…:minimap (IRI-22-MGE-S188) | 24 of 24 ✔
[bc/d43b5b] min…entStats (JAR-14-MGE-S207) | 6 of 24
[-        ] min…line:createAbundanceTables | 0 of 1
[-        ] minimap_pipeline:makeReport    -

executor >  local (58)
[fd/4cd44e] fastcat (16)                   | 24 of 24 ✔
[skipped  ] pre…s:download_unpack_taxonomy | 1 of 1, stored: 1 ✔
[skipped  ] pre…wnload_reference_ref2taxid | 1 of 1, stored: 1 ✔
[9b/fc8070] min…ine:run_common:getVersions | 1 of 1 ✔
[88/62fd6b] min…eline:run_common:getParams | 1 of 1 ✔
[c0/c38f10] min…:minimap (IRI-22-MGE-S188) | 24 of 24 ✔
[af/e13bdd] min…entStats (GIN-46-MGE-S194) | 7 of 24
[-        ] min…line:createAbundanceTables | 0 of 1
[-        ] minimap_pipeline:makeReport    -

executor >  local (58)
[fd/4cd44e] fastcat (16)                   | 24 of 24 ✔
[skipped  ] pre…s:download_unpack_taxonomy | 1 of 1, stored: 1 ✔
[skipped  ] pre…wnload_reference_ref2taxid | 1 of 1, stored: 1 ✔
[9b/fc8070] min…ine:run_common:getVersions | 1 of 1 ✔
[88/62fd6b] min…eline:run_common:getParams | 1 of 1 ✔
[c0/c38f10] min…:minimap (IRI-22-MGE-S188) | 24 of 24 ✔
[af/e13bdd] min…entStats (GIN-46-MGE-S194) | 7 of 24
[-        ] min…line:createAbundanceTables | 0 of 1
[-        ] minimap_pipeline:makeReport    -

executor >  local (59)
[fd/4cd44e] fastcat (16)                   | 24 of 24 ✔
[skipped  ] pre…s:download_unpack_taxonomy | 1 of 1, stored: 1 ✔
[skipped  ] pre…wnload_reference_ref2taxid | 1 of 1, stored: 1 ✔
[9b/fc8070] min…ine:run_common:getVersions | 1 of 1 ✔
[88/62fd6b] min…eline:run_common:getParams | 1 of 1 ✔
[c0/c38f10] min…:minimap (IRI-22-MGE-S188) | 24 of 24 ✔
[af/e13bdd] min…entStats (GIN-46-MGE-S194) | 8 of 24
[-        ] min…line:createAbundanceTables | 0 of 1
[-        ] minimap_pipeline:makeReport    -

executor >  local (60)
[fd/4cd44e] fastcat (16)                   | 24 of 24 ✔
[skipped  ] pre…s:download_unpack_taxonomy | 1 of 1, stored: 1 ✔
[skipped  ] pre…wnload_reference_ref2taxid | 1 of 1, stored: 1 ✔
[9b/fc8070] min…ine:run_common:getVersions | 1 of 1 ✔
[88/62fd6b] min…eline:run_common:getParams | 1 of 1 ✔
[c0/c38f10] min…:minimap (IRI-22-MGE-S188) | 24 of 24 ✔
[53/dd57a7] min…entStats (IVY-47-MGE-S196) | 9 of 24
[-        ] min…line:createAbundanceTables | 0 of 1
[-        ] minimap_pipeline:makeReport    -

executor >  local (61)
[fd/4cd44e] fastcat (16)                   | 24 of 24 ✔
[skipped  ] pre…s:download_unpack_taxonomy | 1 of 1, stored: 1 ✔
[skipped  ] pre…wnload_reference_ref2taxid | 1 of 1, stored: 1 ✔
[9b/fc8070] min…ine:run_common:getVersions | 1 of 1 ✔
[88/62fd6b] min…eline:run_common:getParams | 1 of 1 ✔
[c0/c38f10] min…:minimap (IRI-22-MGE-S188) | 24 of 24 ✔
[76/0c5977] min…entStats (HEN-48-MGE-S198) | 10 of 24
[-        ] min…line:createAbundanceTables | 0 of 1
[-        ] minimap_pipeline:makeReport    -

executor >  local (61)
[fd/4cd44e] fastcat (16)                   | 24 of 24 ✔
[skipped  ] pre…s:download_unpack_taxonomy | 1 of 1, stored: 1 ✔
[skipped  ] pre…wnload_reference_ref2taxid | 1 of 1, stored: 1 ✔
[9b/fc8070] min…ine:run_common:getVersions | 1 of 1 ✔
[88/62fd6b] min…eline:run_common:getParams | 1 of 1 ✔
[c0/c38f10] min…:minimap (IRI-22-MGE-S188) | 24 of 24 ✔
[76/0c5977] min…entStats (HEN-48-MGE-S198) | 10 of 24
[-        ] min…line:createAbundanceTables | 0 of 1
[-        ] minimap_pipeline:makeReport    -

executor >  local (62)
[fd/4cd44e] fastcat (16)                   | 24 of 24 ✔
[skipped  ] pre…s:download_unpack_taxonomy | 1 of 1, stored: 1 ✔
[skipped  ] pre…wnload_reference_ref2taxid | 1 of 1, stored: 1 ✔
[9b/fc8070] min…ine:run_common:getVersions | 1 of 1 ✔
[88/62fd6b] min…eline:run_common:getParams | 1 of 1 ✔
[c0/c38f10] min…:minimap (IRI-22-MGE-S188) | 24 of 24 ✔
[76/0c5977] min…entStats (HEN-48-MGE-S198) | 11 of 24
[-        ] min…line:createAbundanceTables | 0 of 1
[-        ] minimap_pipeline:makeReport    -

executor >  local (62)
[fd/4cd44e] fastcat (16)                   | 24 of 24 ✔
[skipped  ] pre…s:download_unpack_taxonomy | 1 of 1, stored: 1 ✔
[skipped  ] pre…wnload_reference_ref2taxid | 1 of 1, stored: 1 ✔
[9b/fc8070] min…ine:run_common:getVersions | 1 of 1 ✔
[88/62fd6b] min…eline:run_common:getParams | 1 of 1 ✔
[c0/c38f10] min…:minimap (IRI-22-MGE-S188) | 24 of 24 ✔
[76/0c5977] min…entStats (HEN-48-MGE-S198) | 11 of 24
[-        ] min…line:createAbundanceTables | 0 of 1
[-        ] minimap_pipeline:makeReport    -

executor >  local (63)
[fd/4cd44e] fastcat (16)                   | 24 of 24 ✔
[skipped  ] pre…s:download_unpack_taxonomy | 1 of 1, stored: 1 ✔
[skipped  ] pre…wnload_reference_ref2taxid | 1 of 1, stored: 1 ✔
[9b/fc8070] min…ine:run_common:getVersions | 1 of 1 ✔
[88/62fd6b] min…eline:run_common:getParams | 1 of 1 ✔
[c0/c38f10] min…:minimap (IRI-22-MGE-S188) | 24 of 24 ✔
[1b/45e5db] min…entStats (KUB-21-MGE-S186) | 11 of 24
[-        ] min…line:createAbundanceTables | 0 of 1
[-        ] minimap_pipeline:makeReport    -

executor >  local (63)
[fd/4cd44e] fastcat (16)                   | 24 of 24 ✔
[skipped  ] pre…s:download_unpack_taxonomy | 1 of 1, stored: 1 ✔
[skipped  ] pre…wnload_reference_ref2taxid | 1 of 1, stored: 1 ✔
[9b/fc8070] min…ine:run_common:getVersions | 1 of 1 ✔
[88/62fd6b] min…eline:run_common:getParams | 1 of 1 ✔
[c0/c38f10] min…:minimap (IRI-22-MGE-S188) | 24 of 24 ✔
[1b/45e5db] min…entStats (KUB-21-MGE-S186) | 11 of 24
[-        ] min…line:createAbundanceTables | 0 of 1
[-        ] minimap_pipeline:makeReport    -

executor >  local (63)
[fd/4cd44e] fastcat (16)                   | 24 of 24 ✔
[skipped  ] pre…s:download_unpack_taxonomy | 1 of 1, stored: 1 ✔
[skipped  ] pre…wnload_reference_ref2taxid | 1 of 1, stored: 1 ✔
[9b/fc8070] min…ine:run_common:getVersions | 1 of 1 ✔
[88/62fd6b] min…eline:run_common:getParams | 1 of 1 ✔
[c0/c38f10] min…:minimap (IRI-22-MGE-S188) | 24 of 24 ✔
[6b/669918] min…entStats (HAM-25-MGE-S190) | 12 of 24
[-        ] min…line:createAbundanceTables | 0 of 1
[-        ] minimap_pipeline:makeReport    -

executor >  local (64)
[fd/4cd44e] fastcat (16)                   | 24 of 24 ✔
[skipped  ] pre…s:download_unpack_taxonomy | 1 of 1, stored: 1 ✔
[skipped  ] pre…wnload_reference_ref2taxid | 1 of 1, stored: 1 ✔
[9b/fc8070] min…ine:run_common:getVersions | 1 of 1 ✔
[88/62fd6b] min…eline:run_common:getParams | 1 of 1 ✔
[c0/c38f10] min…:minimap (IRI-22-MGE-S188) | 24 of 24 ✔
[72/ace8b9] min…entStats (JOA-49-MGE-S200) | 13 of 24
[-        ] min…line:createAbundanceTables | 0 of 1
[-        ] minimap_pipeline:makeReport    -

executor >  local (65)
[fd/4cd44e] fastcat (16)                   | 24 of 24 ✔
[skipped  ] pre…s:download_unpack_taxonomy | 1 of 1, stored: 1 ✔
[skipped  ] pre…wnload_reference_ref2taxid | 1 of 1, stored: 1 ✔
[9b/fc8070] min…ine:run_common:getVersions | 1 of 1 ✔
[88/62fd6b] min…eline:run_common:getParams | 1 of 1 ✔
[c0/c38f10] min…:minimap (IRI-22-MGE-S188) | 24 of 24 ✔
[6b/34a4fd] min…entStats (KOR-21-MGE-S187) | 14 of 24
[-        ] min…line:createAbundanceTables | 0 of 1
[-        ] minimap_pipeline:makeReport    -

executor >  local (65)
[fd/4cd44e] fastcat (16)                   | 24 of 24 ✔
[skipped  ] pre…s:download_unpack_taxonomy | 1 of 1, stored: 1 ✔
[skipped  ] pre…wnload_reference_ref2taxid | 1 of 1, stored: 1 ✔
[9b/fc8070] min…ine:run_common:getVersions | 1 of 1 ✔
[88/62fd6b] min…eline:run_common:getParams | 1 of 1 ✔
[c0/c38f10] min…:minimap (IRI-22-MGE-S188) | 24 of 24 ✔
[6b/34a4fd] min…entStats (KOR-21-MGE-S187) | 14 of 24
[-        ] min…line:createAbundanceTables | 0 of 1
[-        ] minimap_pipeline:makeReport    -

executor >  local (66)
[fd/4cd44e] fastcat (16)                   | 24 of 24 ✔
[skipped  ] pre…s:download_unpack_taxonomy | 1 of 1, stored: 1 ✔
[skipped  ] pre…wnload_reference_ref2taxid | 1 of 1, stored: 1 ✔
[9b/fc8070] min…ine:run_common:getVersions | 1 of 1 ✔
[88/62fd6b] min…eline:run_common:getParams | 1 of 1 ✔
[c0/c38f10] min…:minimap (IRI-22-MGE-S188) | 24 of 24 ✔
[6b/34a4fd] min…entStats (KOR-21-MGE-S187) | 15 of 24
[-        ] min…line:createAbundanceTables | 0 of 1
[-        ] minimap_pipeline:makeReport    -

executor >  local (67)
[fd/4cd44e] fastcat (16)                   | 24 of 24 ✔
[skipped  ] pre…s:download_unpack_taxonomy | 1 of 1, stored: 1 ✔
[skipped  ] pre…wnload_reference_ref2taxid | 1 of 1, stored: 1 ✔
[9b/fc8070] min…ine:run_common:getVersions | 1 of 1 ✔
[88/62fd6b] min…eline:run_common:getParams | 1 of 1 ✔
[c0/c38f10] min…:minimap (IRI-22-MGE-S188) | 24 of 24 ✔
[48/2f76d9] min…entStats (WOL-17-MGE-S193) | 16 of 24
[-        ] min…line:createAbundanceTables | 0 of 1
[-        ] minimap_pipeline:makeReport    -

executor >  local (68)
[fd/4cd44e] fastcat (16)                   | 24 of 24 ✔
[skipped  ] pre…s:download_unpack_taxonomy | 1 of 1, stored: 1 ✔
[skipped  ] pre…wnload_reference_ref2taxid | 1 of 1, stored: 1 ✔
[9b/fc8070] min…ine:run_common:getVersions | 1 of 1 ✔
[88/62fd6b] min…eline:run_common:getParams | 1 of 1 ✔
[c0/c38f10] min…:minimap (IRI-22-MGE-S188) | 24 of 24 ✔
[48/2f76d9] min…entStats (WOL-17-MGE-S193) | 17 of 24
[-        ] min…line:createAbundanceTables | 0 of 1
[-        ] minimap_pipeline:makeReport    -

executor >  local (69)
[fd/4cd44e] fastcat (16)                   | 24 of 24 ✔
[skipped  ] pre…s:download_unpack_taxonomy | 1 of 1, stored: 1 ✔
[skipped  ] pre…wnload_reference_ref2taxid | 1 of 1, stored: 1 ✔
[9b/fc8070] min…ine:run_common:getVersions | 1 of 1 ✔
[88/62fd6b] min…eline:run_common:getParams | 1 of 1 ✔
[c0/c38f10] min…:minimap (IRI-22-MGE-S188) | 24 of 24 ✔
[3b/d53d64] min…entStats (HAM-11-MGE-S205) | 18 of 24
[-        ] min…line:createAbundanceTables | 0 of 1
[-        ] minimap_pipeline:makeReport    -

executor >  local (69)
[fd/4cd44e] fastcat (16)                   | 24 of 24 ✔
[skipped  ] pre…s:download_unpack_taxonomy | 1 of 1, stored: 1 ✔
[skipped  ] pre…wnload_reference_ref2taxid | 1 of 1, stored: 1 ✔
[9b/fc8070] min…ine:run_common:getVersions | 1 of 1 ✔
[88/62fd6b] min…eline:run_common:getParams | 1 of 1 ✔
[c0/c38f10] min…:minimap (IRI-22-MGE-S188) | 24 of 24 ✔
[3b/d53d64] min…entStats (HAM-11-MGE-S205) | 18 of 24
[-        ] min…line:createAbundanceTables | 0 of 1
[-        ] minimap_pipeline:makeReport    -

executor >  local (70)
[fd/4cd44e] fastcat (16)                   | 24 of 24 ✔
[skipped  ] pre…s:download_unpack_taxonomy | 1 of 1, stored: 1 ✔
[skipped  ] pre…wnload_reference_ref2taxid | 1 of 1, stored: 1 ✔
[9b/fc8070] min…ine:run_common:getVersions | 1 of 1 ✔
[88/62fd6b] min…eline:run_common:getParams | 1 of 1 ✔
[c0/c38f10] min…:minimap (IRI-22-MGE-S188) | 24 of 24 ✔
[33/8e3bb2] min…entStats (BUD-11-MGE-S206) | 19 of 24
[-        ] min…line:createAbundanceTables | 0 of 1
[-        ] minimap_pipeline:makeReport    -

executor >  local (71)
[fd/4cd44e] fastcat (16)                   | 24 of 24 ✔
[skipped  ] pre…s:download_unpack_taxonomy | 1 of 1, stored: 1 ✔
[skipped  ] pre…wnload_reference_ref2taxid | 1 of 1, stored: 1 ✔
[9b/fc8070] min…ine:run_common:getVersions | 1 of 1 ✔
[88/62fd6b] min…eline:run_common:getParams | 1 of 1 ✔
[c0/c38f10] min…:minimap (IRI-22-MGE-S188) | 24 of 24 ✔
[33/8e3bb2] min…entStats (BUD-11-MGE-S206) | 20 of 24
[-        ] min…line:createAbundanceTables | 0 of 1
[-        ] minimap_pipeline:makeReport    -

executor >  local (72)
[fd/4cd44e] fastcat (16)                   | 24 of 24 ✔
[skipped  ] pre…s:download_unpack_taxonomy | 1 of 1, stored: 1 ✔
[skipped  ] pre…wnload_reference_ref2taxid | 1 of 1, stored: 1 ✔
[9b/fc8070] min…ine:run_common:getVersions | 1 of 1 ✔
[88/62fd6b] min…eline:run_common:getParams | 1 of 1 ✔
[c0/c38f10] min…:minimap (IRI-22-MGE-S188) | 24 of 24 ✔
[c2/ff4e51] min…entStats (GRO-50-MGE-S201) | 21 of 24
[-        ] min…line:createAbundanceTables | 0 of 1
[-        ] minimap_pipeline:makeReport    -

executor >  local (73)
[fd/4cd44e] fastcat (16)                   | 24 of 24 ✔
[skipped  ] pre…s:download_unpack_taxonomy | 1 of 1, stored: 1 ✔
[skipped  ] pre…wnload_reference_ref2taxid | 1 of 1, stored: 1 ✔
[9b/fc8070] min…ine:run_common:getVersions | 1 of 1 ✔
[88/62fd6b] min…eline:run_common:getParams | 1 of 1 ✔
[c0/c38f10] min…:minimap (IRI-22-MGE-S188) | 24 of 24 ✔
[08/ffa525] min…mentStats (CHA-9-MGE-S204) | 22 of 24
[-        ] min…line:createAbundanceTables | 0 of 1
[-        ] minimap_pipeline:makeReport    -

executor >  local (74)
[fd/4cd44e] fastcat (16)                   | 24 of 24 ✔
[skipped  ] pre…s:download_unpack_taxonomy | 1 of 1, stored: 1 ✔
[skipped  ] pre…wnload_reference_ref2taxid | 1 of 1, stored: 1 ✔
[9b/fc8070] min…ine:run_common:getVersions | 1 of 1 ✔
[88/62fd6b] min…eline:run_common:getParams | 1 of 1 ✔
[c0/c38f10] min…:minimap (IRI-22-MGE-S188) | 24 of 24 ✔
[9e/930f5e] min…entStats (IRI-22-MGE-S188) | 23 of 24
[-        ] min…line:createAbundanceTables | 0 of 1
[-        ] minimap_pipeline:makeReport    -

executor >  local (75)
[fd/4cd44e] fastcat (16)                   | 24 of 24 ✔
[skipped  ] pre…s:download_unpack_taxonomy | 1 of 1, stored: 1 ✔
[skipped  ] pre…wnload_reference_ref2taxid | 1 of 1, stored: 1 ✔
[9b/fc8070] min…ine:run_common:getVersions | 1 of 1 ✔
[88/62fd6b] min…eline:run_common:getParams | 1 of 1 ✔
[c0/c38f10] min…:minimap (IRI-22-MGE-S188) | 24 of 24 ✔
[9e/930f5e] min…entStats (IRI-22-MGE-S188) | 24 of 24 ✔
[6d/588333] min…line:createAbundanceTables | 0 of 1
[-        ] minimap_pipeline:makeReport    -

executor >  local (76)
[fd/4cd44e] fastcat (16)                   | 24 of 24 ✔
[skipped  ] pre…s:download_unpack_taxonomy | 1 of 1, stored: 1 ✔
[skipped  ] pre…wnload_reference_ref2taxid | 1 of 1, stored: 1 ✔
[9b/fc8070] min…ine:run_common:getVersions | 1 of 1 ✔
[88/62fd6b] min…eline:run_common:getParams | 1 of 1 ✔
[c0/c38f10] min…:minimap (IRI-22-MGE-S188) | 24 of 24 ✔
[9e/930f5e] min…entStats (IRI-22-MGE-S188) | 24 of 24 ✔
[6d/588333] min…line:createAbundanceTables | 1 of 1 ✔
[f1/813b5d] min…ap_pipeline:makeReport (1) | 0 of 1

executor >  local (76)
[fd/4cd44e] fastcat (16)                   | 24 of 24 ✔
[skipped  ] pre…s:download_unpack_taxonomy | 1 of 1, stored: 1 ✔
[skipped  ] pre…wnload_reference_ref2taxid | 1 of 1, stored: 1 ✔
[9b/fc8070] min…ine:run_common:getVersions | 1 of 1 ✔
[88/62fd6b] min…eline:run_common:getParams | 1 of 1 ✔
[c0/c38f10] min…:minimap (IRI-22-MGE-S188) | 24 of 24 ✔
[9e/930f5e] min…entStats (IRI-22-MGE-S188) | 24 of 24 ✔
[6d/588333] min…line:createAbundanceTables | 1 of 1 ✔
[f1/813b5d] min…ap_pipeline:makeReport (1) | 0 of 1

executor >  local (76)
[fd/4cd44e] fastcat (16)                   | 24 of 24 ✔
[skipped  ] pre…s:download_unpack_taxonomy | 1 of 1, stored: 1 ✔
[skipped  ] pre…wnload_reference_ref2taxid | 1 of 1, stored: 1 ✔
[9b/fc8070] min…ine:run_common:getVersions | 1 of 1 ✔
[88/62fd6b] min…eline:run_common:getParams | 1 of 1 ✔
[c0/c38f10] min…:minimap (IRI-22-MGE-S188) | 24 of 24 ✔
[9e/930f5e] min…entStats (IRI-22-MGE-S188) | 24 of 24 ✔
[6d/588333] min…line:createAbundanceTables | 1 of 1 ✔
[f1/813b5d] min…ap_pipeline:makeReport (1) | 1 of 1 ✔

executor >  local (76)
[fd/4cd44e] fastcat (16)                   | 24 of 24 ✔
[skipped  ] pre…s:download_unpack_taxonomy | 1 of 1, stored: 1 ✔
[skipped  ] pre…wnload_reference_ref2taxid | 1 of 1, stored: 1 ✔
[9b/fc8070] min…ine:run_common:getVersions | 1 of 1 ✔
[88/62fd6b] min…eline:run_common:getParams | 1 of 1 ✔
[c0/c38f10] min…:minimap (IRI-22-MGE-S188) | 24 of 24 ✔
[9e/930f5e] min…entStats (IRI-22-MGE-S188) | 24 of 24 ✔
[6d/588333] min…line:createAbundanceTables | 1 of 1 ✔
[f1/813b5d] min…ap_pipeline:makeReport (1) | 1 of 1 ✔
Completed at: 24-Mar-2025 13:20:05
Duration    : 13m 24s
CPU hours   : 4.1
Succeeded   : 76


