
 N E X T F L O W   ~  version 24.04.3

Launching `https://github.com/epi2me-labs/wf-16s` [cheesy_khorana] DSL2 - revision: a20a5156b9 [master]

WARN: NEXTFLOW RECURSION IS A PREVIEW FEATURE - SYNTAX AND FUNCTIONALITY CAN CHANGE IN FUTURE RELEASES

||||||||||   _____ ____ ___ ____  __  __ _____      _       _
||||||||||  | ____|  _ \_ _|___ \|  \/  | ____|    | | __ _| |__  ___
|||||       |  _| | |_) | |  __) | |\/| |  _| _____| |/ _` | '_ \/ __|
|||||       | |___|  __/| | / __/| |  | | |__|_____| | (_| | |_) \__ \
||||||||||  |_____|_|  |___|_____|_|  |_|_____|    |_|\__,_|_.__/|___/
||||||||||  wf-16s v1.4.0-ga20a515
--------------------------------------------------------------------------------
Core Nextflow options
  revision             : master
  runName              : cheesy_khorana
  containerEngine      : singularity
  container            : [withLabel:wfmetagenomics:ontresearch/wf-metagenomics:sha1adcb94088d2397b0d61c0393035f51b1013226a, withLabel:wf_common:ontresearch/wf-common:shabadd33adae761be6f2d59c6ecfb44b19cf472cfc]
  launchDir            : /lustre/work/richlab/azadmanesh/marm_bioinfo
  workDir              : /lustre/work/richlab/azadmanesh/marm_bioinfo/work
  projectDir           : /work/richlab/azadmanesh/assets/epi2me-labs/wf-16s
  userName             : azadmanesh
  profile              : singularity
  configFiles          : /work/richlab/azadmanesh/assets/epi2me-labs/wf-16s/nextflow.config

Input Options
  fastq                : /work/richlab/azadmanesh/marm_bioinfo/ont_reads/filtered/cm007/

Reference Options
  taxonomic_rank       : S

Minimap2 Options
  keep_bam             : true
  minimap2_by_reference: true
  min_percent_identity : 85
  min_ref_coverage     : 80

Report Options
  abundance_threshold  : 0
  n_taxa_barplot       : 12

Output Options
  out_dir              : ../marm_bioinfo/data/outputs_wf16s/cm007/

Advanced Options
  min_len              : 1000
  min_read_qual        : 7
  threads              : 32

!! Only displaying parameters that differ from the pipeline defaults !!
--------------------------------------------------------------------------------
If you use epi2me-labs/wf-16s for your analysis please cite:

* The nf-core framework
  https://doi.org/10.1038/s41587-020-0439-x


--------------------------------------------------------------------------------
This is epi2me-labs/wf-16s v1.4.0-ga20a515.
--------------------------------------------------------------------------------
Checking inputs.
Searching input for [.fastq, .fastq.gz, .fq, .fq.gz] files.
[-        ] fastcat                        -
[-        ] pre…s:download_unpack_taxonomy -
[-        ] pre…wnload_reference_ref2taxid -
Note: Empty files or those files whose reads have been discarded after filtering based on read length and/or read quality will not appear in the report and will be excluded from subsequent analysis.
Minimap2 pipeline.
Preparing databases.
Using default taxonomy database.
Using a default database.

[-        ] fastcat                        -
[-        ] pre…s:download_unpack_taxonomy -
[-        ] pre…wnload_reference_ref2taxid -
[-        ] min…ine:run_common:getVersions -
[-        ] min…eline:run_common:getParams -
[-        ] minimap_pipeline:minimap       -
[-        ] min…pipeline:getAlignmentStats -
[-        ] min…line:createAbundanceTables -
[-        ] minimap_pipeline:makeReport    -
Note: Empty files or those files whose reads have been discarded after filtering based on read length and/or read quality will not appear in the report and will be excluded from subsequent analysis.
Minimap2 pipeline.
Preparing databases.
Using default taxonomy database.
Using a default database.

executor >  local (5)
[0d/2b5b0e] fastcat (9)                    | 0 of 23
[skipped  ] pre…s:download_unpack_taxonomy | 1 of 1, stored: 1 ✔
[skipped  ] pre…wnload_reference_ref2taxid | 1 of 1, stored: 1 ✔
[-        ] min…ine:run_common:getVersions | 0 of 1
[3b/52b06f] min…eline:run_common:getParams | 0 of 1
[-        ] minimap_pipeline:minimap       -
[-        ] min…pipeline:getAlignmentStats -
[-        ] min…line:createAbundanceTables -
[-        ] minimap_pipeline:makeReport    -
Note: Empty files or those files whose reads have been discarded after filtering based on read length and/or read quality will not appear in the report and will be excluded from subsequent analysis.
Minimap2 pipeline.
Preparing databases.
Using default taxonomy database.
Using a default database.

executor >  local (9)
[2a/cf2adf] fastcat (16)                   | 0 of 23
[skipped  ] pre…s:download_unpack_taxonomy | 1 of 1, stored: 1 ✔
[skipped  ] pre…wnload_reference_ref2taxid | 1 of 1, stored: 1 ✔
[32/21d7fd] min…ine:run_common:getVersions | 0 of 1
[3b/52b06f] min…eline:run_common:getParams | 0 of 1
[-        ] minimap_pipeline:minimap       -
[-        ] min…pipeline:getAlignmentStats -
[-        ] min…line:createAbundanceTables -
[-        ] minimap_pipeline:makeReport    -
Note: Empty files or those files whose reads have been discarded after filtering based on read length and/or read quality will not appear in the report and will be excluded from subsequent analysis.
Minimap2 pipeline.
Preparing databases.
Using default taxonomy database.
Using a default database.

executor >  local (9)
[2a/cf2adf] fastcat (16)                   | 0 of 23
[skipped  ] pre…s:download_unpack_taxonomy | 1 of 1, stored: 1 ✔
[skipped  ] pre…wnload_reference_ref2taxid | 1 of 1, stored: 1 ✔
[32/21d7fd] min…ine:run_common:getVersions | 0 of 1
[3b/52b06f] min…eline:run_common:getParams | 1 of 1 ✔
[-        ] minimap_pipeline:minimap       -
[-        ] min…pipeline:getAlignmentStats -
[-        ] min…line:createAbundanceTables -
[-        ] minimap_pipeline:makeReport    -
Note: Empty files or those files whose reads have been discarded after filtering based on read length and/or read quality will not appear in the report and will be excluded from subsequent analysis.
Minimap2 pipeline.
Preparing databases.
Using default taxonomy database.
Using a default database.

executor >  local (15)
[45/c53777] fastcat (8)                    | 6 of 23
[skipped  ] pre…s:download_unpack_taxonomy | 1 of 1, stored: 1 ✔
[skipped  ] pre…wnload_reference_ref2taxid | 1 of 1, stored: 1 ✔
[32/21d7fd] min…ine:run_common:getVersions | 0 of 1
[3b/52b06f] min…eline:run_common:getParams | 1 of 1 ✔
[-        ] minimap_pipeline:minimap       | 0 of 5
[-        ] min…pipeline:getAlignmentStats -
[-        ] min…line:createAbundanceTables -
[-        ] minimap_pipeline:makeReport    -
Note: Empty files or those files whose reads have been discarded after filtering based on read length and/or read quality will not appear in the report and will be excluded from subsequent analysis.
Minimap2 pipeline.
Preparing databases.
Using default taxonomy database.
Using a default database.

executor >  local (16)
[9c/21915d] fastcat (21)                   | 7 of 23
[skipped  ] pre…s:download_unpack_taxonomy | 1 of 1, stored: 1 ✔
[skipped  ] pre…wnload_reference_ref2taxid | 1 of 1, stored: 1 ✔
[32/21d7fd] min…ine:run_common:getVersions | 0 of 1
[3b/52b06f] min…eline:run_common:getParams | 1 of 1 ✔
[-        ] minimap_pipeline:minimap       | 0 of 7
[-        ] min…pipeline:getAlignmentStats -
[-        ] min…line:createAbundanceTables -
[-        ] minimap_pipeline:makeReport    -
Note: Empty files or those files whose reads have been discarded after filtering based on read length and/or read quality will not appear in the report and will be excluded from subsequent analysis.
Minimap2 pipeline.
Preparing databases.
Using default taxonomy database.
Using a default database.

executor >  local (19)
[d2/585458] fastcat (10)                   | 10 of 23
[skipped  ] pre…s:download_unpack_taxonomy | 1 of 1, stored: 1 ✔
[skipped  ] pre…wnload_reference_ref2taxid | 1 of 1, stored: 1 ✔
[32/21d7fd] min…ine:run_common:getVersions | 0 of 1
[3b/52b06f] min…eline:run_common:getParams | 1 of 1 ✔
[-        ] minimap_pipeline:minimap       | 0 of 8
[-        ] min…pipeline:getAlignmentStats -
[-        ] min…line:createAbundanceTables -
[-        ] minimap_pipeline:makeReport    -
Note: Empty files or those files whose reads have been discarded after filtering based on read length and/or read quality will not appear in the report and will be excluded from subsequent analysis.
Minimap2 pipeline.
Preparing databases.
Using default taxonomy database.
Using a default database.

executor >  local (23)
[3f/a97c49] fastcat (18)                   | 14 of 23
[skipped  ] pre…s:download_unpack_taxonomy | 1 of 1, stored: 1 ✔
[skipped  ] pre…wnload_reference_ref2taxid | 1 of 1, stored: 1 ✔
[32/21d7fd] min…ine:run_common:getVersions | 0 of 1
[3b/52b06f] min…eline:run_common:getParams | 1 of 1 ✔
[-        ] minimap_pipeline:minimap       | 0 of 14
[-        ] min…pipeline:getAlignmentStats -
[-        ] min…line:createAbundanceTables -
[-        ] minimap_pipeline:makeReport    -
Note: Empty files or those files whose reads have been discarded after filtering based on read length and/or read quality will not appear in the report and will be excluded from subsequent analysis.
Minimap2 pipeline.
Preparing databases.
Using default taxonomy database.
Using a default database.

executor >  local (25)
[83/73979a] fastcat (13)                   | 19 of 23
[skipped  ] pre…s:download_unpack_taxonomy | 1 of 1, stored: 1 ✔
[skipped  ] pre…wnload_reference_ref2taxid | 1 of 1, stored: 1 ✔
[32/21d7fd] min…ine:run_common:getVersions | 0 of 1
[3b/52b06f] min…eline:run_common:getParams | 1 of 1 ✔
[-        ] minimap_pipeline:minimap       | 0 of 18
[-        ] min…pipeline:getAlignmentStats -
[-        ] min…line:createAbundanceTables -
[-        ] minimap_pipeline:makeReport    -
Note: Empty files or those files whose reads have been discarded after filtering based on read length and/or read quality will not appear in the report and will be excluded from subsequent analysis.
Minimap2 pipeline.
Preparing databases.
Using default taxonomy database.
Using a default database.

executor >  local (25)
[3f/a97c49] fastcat (18)                   | 21 of 23
[skipped  ] pre…s:download_unpack_taxonomy | 1 of 1, stored: 1 ✔
[skipped  ] pre…wnload_reference_ref2taxid | 1 of 1, stored: 1 ✔
[32/21d7fd] min…ine:run_common:getVersions | 0 of 1
[3b/52b06f] min…eline:run_common:getParams | 1 of 1 ✔
[-        ] minimap_pipeline:minimap       | 0 of 21
[-        ] min…pipeline:getAlignmentStats -
[-        ] min…line:createAbundanceTables -
[-        ] minimap_pipeline:makeReport    -
Note: Empty files or those files whose reads have been discarded after filtering based on read length and/or read quality will not appear in the report and will be excluded from subsequent analysis.
Minimap2 pipeline.
Preparing databases.
Using default taxonomy database.
Using a default database.

executor >  local (25)
[2f/a2e46f] fastcat (17)                   | 22 of 23
[skipped  ] pre…s:download_unpack_taxonomy | 1 of 1, stored: 1 ✔
[skipped  ] pre…wnload_reference_ref2taxid | 1 of 1, stored: 1 ✔
[32/21d7fd] min…ine:run_common:getVersions | 0 of 1
[3b/52b06f] min…eline:run_common:getParams | 1 of 1 ✔
[-        ] minimap_pipeline:minimap       | 0 of 22
[-        ] min…pipeline:getAlignmentStats -
[-        ] min…line:createAbundanceTables -
[-        ] minimap_pipeline:makeReport    -
Note: Empty files or those files whose reads have been discarded after filtering based on read length and/or read quality will not appear in the report and will be excluded from subsequent analysis.
Minimap2 pipeline.
Preparing databases.
Using default taxonomy database.
Using a default database.

executor >  local (25)
[79/451307] fastcat (19)                   | 23 of 23 ✔
[skipped  ] pre…s:download_unpack_taxonomy | 1 of 1, stored: 1 ✔
[skipped  ] pre…wnload_reference_ref2taxid | 1 of 1, stored: 1 ✔
[32/21d7fd] min…ine:run_common:getVersions | 0 of 1
[3b/52b06f] min…eline:run_common:getParams | 1 of 1 ✔
[-        ] minimap_pipeline:minimap       | 0 of 23
[-        ] min…pipeline:getAlignmentStats -
[-        ] min…line:createAbundanceTables -
[-        ] minimap_pipeline:makeReport    -
Note: Empty files or those files whose reads have been discarded after filtering based on read length and/or read quality will not appear in the report and will be excluded from subsequent analysis.
Minimap2 pipeline.
Preparing databases.
Using default taxonomy database.
Using a default database.

executor >  local (26)
[79/451307] fastcat (19)                   | 23 of 23 ✔
[skipped  ] pre…s:download_unpack_taxonomy | 1 of 1, stored: 1 ✔
[skipped  ] pre…wnload_reference_ref2taxid | 1 of 1, stored: 1 ✔
[32/21d7fd] min…ine:run_common:getVersions | 1 of 1 ✔
[3b/52b06f] min…eline:run_common:getParams | 1 of 1 ✔
[96/6ed024] min…:minimap (KUB-48-MGE-S124) | 0 of 23
[-        ] min…pipeline:getAlignmentStats -
[-        ] min…line:createAbundanceTables -
[-        ] minimap_pipeline:makeReport    -
Note: Empty files or those files whose reads have been discarded after filtering based on read length and/or read quality will not appear in the report and will be excluded from subsequent analysis.
Minimap2 pipeline.
Preparing databases.
Using default taxonomy database.
Using a default database.

executor >  local (26)
[79/451307] fastcat (19)                   | 23 of 23 ✔
[skipped  ] pre…s:download_unpack_taxonomy | 1 of 1, stored: 1 ✔
[skipped  ] pre…wnload_reference_ref2taxid | 1 of 1, stored: 1 ✔
[32/21d7fd] min…ine:run_common:getVersions | 1 of 1 ✔
[3b/52b06f] min…eline:run_common:getParams | 1 of 1 ✔
[96/6ed024] min…:minimap (KUB-48-MGE-S124) | 0 of 23
[-        ] min…pipeline:getAlignmentStats -
[-        ] min…line:createAbundanceTables -
[-        ] minimap_pipeline:makeReport    -
Note: Empty files or those files whose reads have been discarded after filtering based on read length and/or read quality will not appear in the report and will be excluded from subsequent analysis.
Minimap2 pipeline.
Preparing databases.
Using default taxonomy database.
Using a default database.

executor >  local (27)
[79/451307] fastcat (19)                   | 23 of 23 ✔
[skipped  ] pre…s:download_unpack_taxonomy | 1 of 1, stored: 1 ✔
[skipped  ] pre…wnload_reference_ref2taxid | 1 of 1, stored: 1 ✔
[32/21d7fd] min…ine:run_common:getVersions | 1 of 1 ✔
[3b/52b06f] min…eline:run_common:getParams | 1 of 1 ✔
[96/6ed024] min…:minimap (KUB-48-MGE-S124) | 1 of 23
[-        ] min…pipeline:getAlignmentStats | 0 of 1
[-        ] min…line:createAbundanceTables -
[-        ] minimap_pipeline:makeReport    -
Note: Empty files or those files whose reads have been discarded after filtering based on read length and/or read quality will not appear in the report and will be excluded from subsequent analysis.
Minimap2 pipeline.
Preparing databases.
Using default taxonomy database.
Using a default database.

executor >  local (27)
[79/451307] fastcat (19)                   | 23 of 23 ✔
[skipped  ] pre…s:download_unpack_taxonomy | 1 of 1, stored: 1 ✔
[skipped  ] pre…wnload_reference_ref2taxid | 1 of 1, stored: 1 ✔
[32/21d7fd] min…ine:run_common:getVersions | 1 of 1 ✔
[3b/52b06f] min…eline:run_common:getParams | 1 of 1 ✔
[96/6ed024] min…:minimap (KUB-48-MGE-S124) | 1 of 23
[-        ] min…pipeline:getAlignmentStats | 0 of 1
[-        ] min…line:createAbundanceTables -
[-        ] minimap_pipeline:makeReport    -
Note: Empty files or those files whose reads have been discarded after filtering based on read length and/or read quality will not appear in the report and will be excluded from subsequent analysis.
Minimap2 pipeline.
Preparing databases.
Using default taxonomy database.
Using a default database.

executor >  local (28)
[79/451307] fastcat (19)                   | 23 of 23 ✔
[skipped  ] pre…s:download_unpack_taxonomy | 1 of 1, stored: 1 ✔
[skipped  ] pre…wnload_reference_ref2taxid | 1 of 1, stored: 1 ✔
[32/21d7fd] min…ine:run_common:getVersions | 1 of 1 ✔
[3b/52b06f] min…eline:run_common:getParams | 1 of 1 ✔
[f0/47a1db] min…:minimap (HEN-59-MGE-S135) | 2 of 23
[-        ] min…pipeline:getAlignmentStats | 0 of 2
[-        ] min…line:createAbundanceTables -
[-        ] minimap_pipeline:makeReport    -






executor >  local (28)
[79/451307] fastcat (19)                   | 23 of 23 ✔
[skipped  ] pre…s:download_unpack_taxonomy | 1 of 1, stored: 1 ✔
[skipped  ] pre…wnload_reference_ref2taxid | 1 of 1, stored: 1 ✔
[32/21d7fd] min…ine:run_common:getVersions | 1 of 1 ✔
[3b/52b06f] min…eline:run_common:getParams | 1 of 1 ✔
[f0/47a1db] min…:minimap (HEN-59-MGE-S135) | 2 of 23
[-        ] min…pipeline:getAlignmentStats | 0 of 2
[-        ] min…line:createAbundanceTables -
[-        ] minimap_pipeline:makeReport    -






executor >  local (29)
[79/451307] fastcat (19)                   | 23 of 23 ✔
[skipped  ] pre…s:download_unpack_taxonomy | 1 of 1, stored: 1 ✔
[skipped  ] pre…wnload_reference_ref2taxid | 1 of 1, stored: 1 ✔
[32/21d7fd] min…ine:run_common:getVersions | 1 of 1 ✔
[3b/52b06f] min…eline:run_common:getParams | 1 of 1 ✔
[7d/bf9ccb] min…:minimap (GRO-45-MGE-S128) | 3 of 23
[-        ] min…pipeline:getAlignmentStats | 0 of 3
[-        ] min…line:createAbundanceTables -
[-        ] minimap_pipeline:makeReport    -

executor >  local (30)
[79/451307] fastcat (19)                   | 23 of 23 ✔
[skipped  ] pre…s:download_unpack_taxonomy | 1 of 1, stored: 1 ✔
[skipped  ] pre…wnload_reference_ref2taxid | 1 of 1, stored: 1 ✔
[32/21d7fd] min…ine:run_common:getVersions | 1 of 1 ✔
[3b/52b06f] min…eline:run_common:getParams | 1 of 1 ✔
[f3/6cd88e] min…:minimap (KOR-49-MGE-S134) | 4 of 23
[-        ] min…pipeline:getAlignmentStats | 0 of 4
[-        ] min…line:createAbundanceTables -
[-        ] minimap_pipeline:makeReport    -

executor >  local (31)
[79/451307] fastcat (19)                   | 23 of 23 ✔
[skipped  ] pre…s:download_unpack_taxonomy | 1 of 1, stored: 1 ✔
[skipped  ] pre…wnload_reference_ref2taxid | 1 of 1, stored: 1 ✔
[32/21d7fd] min…ine:run_common:getVersions | 1 of 1 ✔
[3b/52b06f] min…eline:run_common:getParams | 1 of 1 ✔
[3d/cc5381] min…:minimap (LAM-50-MGE-S117) | 5 of 23
[-        ] min…pipeline:getAlignmentStats | 0 of 5
[-        ] min…line:createAbundanceTables -
[-        ] minimap_pipeline:makeReport    -

executor >  local (31)
[79/451307] fastcat (19)                   | 23 of 23 ✔
[skipped  ] pre…s:download_unpack_taxonomy | 1 of 1, stored: 1 ✔
[skipped  ] pre…wnload_reference_ref2taxid | 1 of 1, stored: 1 ✔
[32/21d7fd] min…ine:run_common:getVersions | 1 of 1 ✔
[3b/52b06f] min…eline:run_common:getParams | 1 of 1 ✔
[3d/cc5381] min…:minimap (LAM-50-MGE-S117) | 5 of 23
[-        ] min…pipeline:getAlignmentStats | 0 of 5
[-        ] min…line:createAbundanceTables -
[-        ] minimap_pipeline:makeReport    -

executor >  local (32)
[79/451307] fastcat (19)                   | 23 of 23 ✔
[skipped  ] pre…s:download_unpack_taxonomy | 1 of 1, stored: 1 ✔
[skipped  ] pre…wnload_reference_ref2taxid | 1 of 1, stored: 1 ✔
[32/21d7fd] min…ine:run_common:getVersions | 1 of 1 ✔
[3b/52b06f] min…eline:run_common:getParams | 1 of 1 ✔
[ab/cc5aa2] min…:minimap (HER-45-MGE-S127) | 6 of 23
[-        ] min…pipeline:getAlignmentStats | 0 of 6
[-        ] min…line:createAbundanceTables -
[-        ] minimap_pipeline:makeReport    -

executor >  local (33)
[79/451307] fastcat (19)                   | 23 of 23 ✔
[skipped  ] pre…s:download_unpack_taxonomy | 1 of 1, stored: 1 ✔
[skipped  ] pre…wnload_reference_ref2taxid | 1 of 1, stored: 1 ✔
[32/21d7fd] min…ine:run_common:getVersions | 1 of 1 ✔
[3b/52b06f] min…eline:run_common:getParams | 1 of 1 ✔
[8a/41cbfb] min…:minimap (GIN-49-MGE-S130) | 7 of 23
[-        ] min…pipeline:getAlignmentStats | 0 of 7
[-        ] min…line:createAbundanceTables -
[-        ] minimap_pipeline:makeReport    -

executor >  local (34)
[79/451307] fastcat (19)                   | 23 of 23 ✔
[skipped  ] pre…s:download_unpack_taxonomy | 1 of 1, stored: 1 ✔
[skipped  ] pre…wnload_reference_ref2taxid | 1 of 1, stored: 1 ✔
[32/21d7fd] min…ine:run_common:getVersions | 1 of 1 ✔
[3b/52b06f] min…eline:run_common:getParams | 1 of 1 ✔
[3b/2570bd] min…:minimap (GIN-47-MGE-S133) | 8 of 23
[-        ] min…pipeline:getAlignmentStats | 0 of 8
[-        ] min…line:createAbundanceTables -
[-        ] minimap_pipeline:makeReport    -

executor >  local (35)
[79/451307] fastcat (19)                   | 23 of 23 ✔
[skipped  ] pre…s:download_unpack_taxonomy | 1 of 1, stored: 1 ✔
[skipped  ] pre…wnload_reference_ref2taxid | 1 of 1, stored: 1 ✔
[32/21d7fd] min…ine:run_common:getVersions | 1 of 1 ✔
[3b/52b06f] min…eline:run_common:getParams | 1 of 1 ✔
[8d/bcc673] min…:minimap (JOA-51-MGE-S119) | 9 of 23
[-        ] min…pipeline:getAlignmentStats | 0 of 9
[-        ] min…line:createAbundanceTables -
[-        ] minimap_pipeline:makeReport    -

executor >  local (36)
[79/451307] fastcat (19)                   | 23 of 23 ✔
[skipped  ] pre…s:download_unpack_taxonomy | 1 of 1, stored: 1 ✔
[skipped  ] pre…wnload_reference_ref2taxid | 1 of 1, stored: 1 ✔
[32/21d7fd] min…ine:run_common:getVersions | 1 of 1 ✔
[3b/52b06f] min…eline:run_common:getParams | 1 of 1 ✔
[bd/c343a3] min…:minimap (CHA-49-MGE-S116) | 10 of 23
[-        ] min…pipeline:getAlignmentStats | 0 of 10
[-        ] min…line:createAbundanceTables -
[-        ] minimap_pipeline:makeReport    -

executor >  local (36)
[79/451307] fastcat (19)                   | 23 of 23 ✔
[skipped  ] pre…s:download_unpack_taxonomy | 1 of 1, stored: 1 ✔
[skipped  ] pre…wnload_reference_ref2taxid | 1 of 1, stored: 1 ✔
[32/21d7fd] min…ine:run_common:getVersions | 1 of 1 ✔
[3b/52b06f] min…eline:run_common:getParams | 1 of 1 ✔
[bd/c343a3] min…:minimap (CHA-49-MGE-S116) | 10 of 23
[-        ] min…pipeline:getAlignmentStats | 0 of 10
[-        ] min…line:createAbundanceTables -
[-        ] minimap_pipeline:makeReport    -

executor >  local (37)
[79/451307] fastcat (19)                   | 23 of 23 ✔
[skipped  ] pre…s:download_unpack_taxonomy | 1 of 1, stored: 1 ✔
[skipped  ] pre…wnload_reference_ref2taxid | 1 of 1, stored: 1 ✔
[32/21d7fd] min…ine:run_common:getVersions | 1 of 1 ✔
[3b/52b06f] min…eline:run_common:getParams | 1 of 1 ✔
[f5/0aafcd] min…:minimap (HEN-42-MGE-S126) | 11 of 23
[-        ] min…pipeline:getAlignmentStats | 0 of 11
[-        ] min…line:createAbundanceTables -
[-        ] minimap_pipeline:makeReport    -

executor >  local (38)
[79/451307] fastcat (19)                   | 23 of 23 ✔
[skipped  ] pre…s:download_unpack_taxonomy | 1 of 1, stored: 1 ✔
[skipped  ] pre…wnload_reference_ref2taxid | 1 of 1, stored: 1 ✔
[32/21d7fd] min…ine:run_common:getVersions | 1 of 1 ✔
[3b/52b06f] min…eline:run_common:getParams | 1 of 1 ✔
[43/dd25e4] min…:minimap (FRA-22-MGE-S138) | 12 of 23
[-        ] min…pipeline:getAlignmentStats | 0 of 12
[-        ] min…line:createAbundanceTables -
[-        ] minimap_pipeline:makeReport    -

executor >  local (39)
[79/451307] fastcat (19)                   | 23 of 23 ✔
[skipped  ] pre…s:download_unpack_taxonomy | 1 of 1, stored: 1 ✔
[skipped  ] pre…wnload_reference_ref2taxid | 1 of 1, stored: 1 ✔
[32/21d7fd] min…ine:run_common:getVersions | 1 of 1 ✔
[3b/52b06f] min…eline:run_common:getParams | 1 of 1 ✔
[c8/c11639] min…:minimap (JOA-44-MGE-S122) | 13 of 23
[-        ] min…pipeline:getAlignmentStats | 0 of 13
[-        ] min…line:createAbundanceTables -
[-        ] minimap_pipeline:makeReport    -

executor >  local (40)
[79/451307] fastcat (19)                   | 23 of 23 ✔
[skipped  ] pre…s:download_unpack_taxonomy | 1 of 1, stored: 1 ✔
[skipped  ] pre…wnload_reference_ref2taxid | 1 of 1, stored: 1 ✔
[32/21d7fd] min…ine:run_common:getVersions | 1 of 1 ✔
[3b/52b06f] min…eline:run_common:getParams | 1 of 1 ✔
[db/3d7056] min…:minimap (FRA-49-MGE-S125) | 14 of 23
[-        ] min…pipeline:getAlignmentStats | 0 of 14
[-        ] min…line:createAbundanceTables -
[-        ] minimap_pipeline:makeReport    -

executor >  local (41)
[79/451307] fastcat (19)                   | 23 of 23 ✔
[skipped  ] pre…s:download_unpack_taxonomy | 1 of 1, stored: 1 ✔
[skipped  ] pre…wnload_reference_ref2taxid | 1 of 1, stored: 1 ✔
[32/21d7fd] min…ine:run_common:getVersions | 1 of 1 ✔
[3b/52b06f] min…eline:run_common:getParams | 1 of 1 ✔
[13/49e035] min…:minimap (IVY-46-MGE-S123) | 15 of 23
[-        ] min…pipeline:getAlignmentStats | 0 of 15
[-        ] min…line:createAbundanceTables -
[-        ] minimap_pipeline:makeReport    -

executor >  local (42)
[79/451307] fastcat (19)                   | 23 of 23 ✔
[skipped  ] pre…s:download_unpack_taxonomy | 1 of 1, stored: 1 ✔
[skipped  ] pre…wnload_reference_ref2taxid | 1 of 1, stored: 1 ✔
[32/21d7fd] min…ine:run_common:getVersions | 1 of 1 ✔
[3b/52b06f] min…eline:run_common:getParams | 1 of 1 ✔
[c6/567b5b] min…:minimap (JOA-62-MGE-S137) | 16 of 23
[-        ] min…pipeline:getAlignmentStats | 0 of 16
[-        ] min…line:createAbundanceTables -
[-        ] minimap_pipeline:makeReport    -

executor >  local (43)
[79/451307] fastcat (19)                   | 23 of 23 ✔
[skipped  ] pre…s:download_unpack_taxonomy | 1 of 1, stored: 1 ✔
[skipped  ] pre…wnload_reference_ref2taxid | 1 of 1, stored: 1 ✔
[32/21d7fd] min…ine:run_common:getVersions | 1 of 1 ✔
[3b/52b06f] min…eline:run_common:getParams | 1 of 1 ✔
[25/fd0bf0] min…:minimap (OPH-49-MGE-S129) | 17 of 23
[-        ] min…pipeline:getAlignmentStats | 0 of 17
[-        ] min…line:createAbundanceTables -
[-        ] minimap_pipeline:makeReport    -

executor >  local (43)
[79/451307] fastcat (19)                   | 23 of 23 ✔
[skipped  ] pre…s:download_unpack_taxonomy | 1 of 1, stored: 1 ✔
[skipped  ] pre…wnload_reference_ref2taxid | 1 of 1, stored: 1 ✔
[32/21d7fd] min…ine:run_common:getVersions | 1 of 1 ✔
[3b/52b06f] min…eline:run_common:getParams | 1 of 1 ✔
[25/fd0bf0] min…:minimap (OPH-49-MGE-S129) | 17 of 23
[-        ] min…pipeline:getAlignmentStats | 0 of 17
[-        ] min…line:createAbundanceTables -
[-        ] minimap_pipeline:makeReport    -

executor >  local (44)
[79/451307] fastcat (19)                   | 23 of 23 ✔
[skipped  ] pre…s:download_unpack_taxonomy | 1 of 1, stored: 1 ✔
[skipped  ] pre…wnload_reference_ref2taxid | 1 of 1, stored: 1 ✔
[32/21d7fd] min…ine:run_common:getVersions | 1 of 1 ✔
[3b/52b06f] min…eline:run_common:getParams | 1 of 1 ✔
[ef/423f1f] min…:minimap (GOO-44-MGE-S121) | 18 of 23
[-        ] min…pipeline:getAlignmentStats | 0 of 18
[-        ] min…line:createAbundanceTables -
[-        ] minimap_pipeline:makeReport    -

executor >  local (44)
[79/451307] fastcat (19)                   | 23 of 23 ✔
[skipped  ] pre…s:download_unpack_taxonomy | 1 of 1, stored: 1 ✔
[skipped  ] pre…wnload_reference_ref2taxid | 1 of 1, stored: 1 ✔
[32/21d7fd] min…ine:run_common:getVersions | 1 of 1 ✔
[3b/52b06f] min…eline:run_common:getParams | 1 of 1 ✔
[ef/423f1f] min…:minimap (GOO-44-MGE-S121) | 18 of 23
[-        ] min…pipeline:getAlignmentStats | 0 of 18
[-        ] min…line:createAbundanceTables -
[-        ] minimap_pipeline:makeReport    -

executor >  local (45)
[79/451307] fastcat (19)                   | 23 of 23 ✔
[skipped  ] pre…s:download_unpack_taxonomy | 1 of 1, stored: 1 ✔
[skipped  ] pre…wnload_reference_ref2taxid | 1 of 1, stored: 1 ✔
[32/21d7fd] min…ine:run_common:getVersions | 1 of 1 ✔
[3b/52b06f] min…eline:run_common:getParams | 1 of 1 ✔
[89/0ab3fa] min…:minimap (BUD-50-MGE-S118) | 19 of 23
[-        ] min…pipeline:getAlignmentStats | 0 of 18
[-        ] min…line:createAbundanceTables -
[-        ] minimap_pipeline:makeReport    -

executor >  local (45)
[79/451307] fastcat (19)                   | 23 of 23 ✔
[skipped  ] pre…s:download_unpack_taxonomy | 1 of 1, stored: 1 ✔
[skipped  ] pre…wnload_reference_ref2taxid | 1 of 1, stored: 1 ✔
[32/21d7fd] min…ine:run_common:getVersions | 1 of 1 ✔
[3b/52b06f] min…eline:run_common:getParams | 1 of 1 ✔
[89/0ab3fa] min…:minimap (BUD-50-MGE-S118) | 19 of 23
[-        ] min…pipeline:getAlignmentStats | 0 of 19
[-        ] min…line:createAbundanceTables -
[-        ] minimap_pipeline:makeReport    -

executor >  local (46)
[79/451307] fastcat (19)                   | 23 of 23 ✔
[skipped  ] pre…s:download_unpack_taxonomy | 1 of 1, stored: 1 ✔
[skipped  ] pre…wnload_reference_ref2taxid | 1 of 1, stored: 1 ✔
[32/21d7fd] min…ine:run_common:getVersions | 1 of 1 ✔
[3b/52b06f] min…eline:run_common:getParams | 1 of 1 ✔
[be/1cc033] min…:minimap (WOL-60-MGE-S136) | 20 of 23
[-        ] min…pipeline:getAlignmentStats | 0 of 20
[-        ] min…line:createAbundanceTables -
[-        ] minimap_pipeline:makeReport    -

executor >  local (46)
[79/451307] fastcat (19)                   | 23 of 23 ✔
[skipped  ] pre…s:download_unpack_taxonomy | 1 of 1, stored: 1 ✔
[skipped  ] pre…wnload_reference_ref2taxid | 1 of 1, stored: 1 ✔
[32/21d7fd] min…ine:run_common:getVersions | 1 of 1 ✔
[3b/52b06f] min…eline:run_common:getParams | 1 of 1 ✔
[be/1cc033] min…:minimap (WOL-60-MGE-S136) | 20 of 23
[-        ] min…pipeline:getAlignmentStats | 0 of 20
[-        ] min…line:createAbundanceTables -
[-        ] minimap_pipeline:makeReport    -

executor >  local (47)
[79/451307] fastcat (19)                   | 23 of 23 ✔
[skipped  ] pre…s:download_unpack_taxonomy | 1 of 1, stored: 1 ✔
[skipped  ] pre…wnload_reference_ref2taxid | 1 of 1, stored: 1 ✔
[32/21d7fd] min…ine:run_common:getVersions | 1 of 1 ✔
[3b/52b06f] min…eline:run_common:getParams | 1 of 1 ✔
[40/40f8fc] min…:minimap (LAM-37-MGE-S120) | 21 of 23
[-        ] min…pipeline:getAlignmentStats | 0 of 21
[-        ] min…line:createAbundanceTables -
[-        ] minimap_pipeline:makeReport    -

executor >  local (47)
[79/451307] fastcat (19)                   | 23 of 23 ✔
[skipped  ] pre…s:download_unpack_taxonomy | 1 of 1, stored: 1 ✔
[skipped  ] pre…wnload_reference_ref2taxid | 1 of 1, stored: 1 ✔
[32/21d7fd] min…ine:run_common:getVersions | 1 of 1 ✔
[3b/52b06f] min…eline:run_common:getParams | 1 of 1 ✔
[40/40f8fc] min…:minimap (LAM-37-MGE-S120) | 21 of 23
[-        ] min…pipeline:getAlignmentStats | 0 of 21
[-        ] min…line:createAbundanceTables -
[-        ] minimap_pipeline:makeReport    -

executor >  local (48)
[79/451307] fastcat (19)                   | 23 of 23 ✔
[skipped  ] pre…s:download_unpack_taxonomy | 1 of 1, stored: 1 ✔
[skipped  ] pre…wnload_reference_ref2taxid | 1 of 1, stored: 1 ✔
[32/21d7fd] min…ine:run_common:getVersions | 1 of 1 ✔
[3b/52b06f] min…eline:run_common:getParams | 1 of 1 ✔
[1d/f92133] min…:minimap (KUB-30-MGE-S132) | 22 of 23
[-        ] min…pipeline:getAlignmentStats | 0 of 22
[-        ] min…line:createAbundanceTables -
[-        ] minimap_pipeline:makeReport    -

executor >  local (49)
[79/451307] fastcat (19)                   | 23 of 23 ✔
[skipped  ] pre…s:download_unpack_taxonomy | 1 of 1, stored: 1 ✔
[skipped  ] pre…wnload_reference_ref2taxid | 1 of 1, stored: 1 ✔
[32/21d7fd] min…ine:run_common:getVersions | 1 of 1 ✔
[3b/52b06f] min…eline:run_common:getParams | 1 of 1 ✔
[ca/a32121] min…:minimap (CHA-51-MGE-S131) | 23 of 23 ✔
[c4/f8ae8c] min…entStats (KUB-48-MGE-S124) | 0 of 23
[-        ] min…line:createAbundanceTables | 0 of 1
[-        ] minimap_pipeline:makeReport    -

executor >  local (50)
[79/451307] fastcat (19)                   | 23 of 23 ✔
[skipped  ] pre…s:download_unpack_taxonomy | 1 of 1, stored: 1 ✔
[skipped  ] pre…wnload_reference_ref2taxid | 1 of 1, stored: 1 ✔
[32/21d7fd] min…ine:run_common:getVersions | 1 of 1 ✔
[3b/52b06f] min…eline:run_common:getParams | 1 of 1 ✔
[ca/a32121] min…:minimap (CHA-51-MGE-S131) | 23 of 23 ✔
[78/20887d] min…entStats (HEN-59-MGE-S135) | 1 of 23
[-        ] min…line:createAbundanceTables | 0 of 1
[-        ] minimap_pipeline:makeReport    -

executor >  local (51)
[79/451307] fastcat (19)                   | 23 of 23 ✔
[skipped  ] pre…s:download_unpack_taxonomy | 1 of 1, stored: 1 ✔
[skipped  ] pre…wnload_reference_ref2taxid | 1 of 1, stored: 1 ✔
[32/21d7fd] min…ine:run_common:getVersions | 1 of 1 ✔
[3b/52b06f] min…eline:run_common:getParams | 1 of 1 ✔
[ca/a32121] min…:minimap (CHA-51-MGE-S131) | 23 of 23 ✔
[15/c0c6e3] min…entStats (GRO-45-MGE-S128) | 2 of 23
[-        ] min…line:createAbundanceTables | 0 of 1
[-        ] minimap_pipeline:makeReport    -

executor >  local (52)
[79/451307] fastcat (19)                   | 23 of 23 ✔
[skipped  ] pre…s:download_unpack_taxonomy | 1 of 1, stored: 1 ✔
[skipped  ] pre…wnload_reference_ref2taxid | 1 of 1, stored: 1 ✔
[32/21d7fd] min…ine:run_common:getVersions | 1 of 1 ✔
[3b/52b06f] min…eline:run_common:getParams | 1 of 1 ✔
[ca/a32121] min…:minimap (CHA-51-MGE-S131) | 23 of 23 ✔
[35/159194] min…entStats (KOR-49-MGE-S134) | 3 of 23
[-        ] min…line:createAbundanceTables | 0 of 1
[-        ] minimap_pipeline:makeReport    -

executor >  local (53)
[79/451307] fastcat (19)                   | 23 of 23 ✔
[skipped  ] pre…s:download_unpack_taxonomy | 1 of 1, stored: 1 ✔
[skipped  ] pre…wnload_reference_ref2taxid | 1 of 1, stored: 1 ✔
[32/21d7fd] min…ine:run_common:getVersions | 1 of 1 ✔
[3b/52b06f] min…eline:run_common:getParams | 1 of 1 ✔
[ca/a32121] min…:minimap (CHA-51-MGE-S131) | 23 of 23 ✔
[35/159194] min…entStats (KOR-49-MGE-S134) | 4 of 23
[-        ] min…line:createAbundanceTables | 0 of 1
[-        ] minimap_pipeline:makeReport    -

executor >  local (53)
[79/451307] fastcat (19)                   | 23 of 23 ✔
[skipped  ] pre…s:download_unpack_taxonomy | 1 of 1, stored: 1 ✔
[skipped  ] pre…wnload_reference_ref2taxid | 1 of 1, stored: 1 ✔
[32/21d7fd] min…ine:run_common:getVersions | 1 of 1 ✔
[3b/52b06f] min…eline:run_common:getParams | 1 of 1 ✔
[ca/a32121] min…:minimap (CHA-51-MGE-S131) | 23 of 23 ✔
[35/159194] min…entStats (KOR-49-MGE-S134) | 4 of 23
[-        ] min…line:createAbundanceTables | 0 of 1
[-        ] minimap_pipeline:makeReport    -

executor >  local (54)
[79/451307] fastcat (19)                   | 23 of 23 ✔
[skipped  ] pre…s:download_unpack_taxonomy | 1 of 1, stored: 1 ✔
[skipped  ] pre…wnload_reference_ref2taxid | 1 of 1, stored: 1 ✔
[32/21d7fd] min…ine:run_common:getVersions | 1 of 1 ✔
[3b/52b06f] min…eline:run_common:getParams | 1 of 1 ✔
[ca/a32121] min…:minimap (CHA-51-MGE-S131) | 23 of 23 ✔
[30/2478c8] min…entStats (HER-45-MGE-S127) | 5 of 23
[-        ] min…line:createAbundanceTables | 0 of 1
[-        ] minimap_pipeline:makeReport    -

executor >  local (55)
[79/451307] fastcat (19)                   | 23 of 23 ✔
[skipped  ] pre…s:download_unpack_taxonomy | 1 of 1, stored: 1 ✔
[skipped  ] pre…wnload_reference_ref2taxid | 1 of 1, stored: 1 ✔
[32/21d7fd] min…ine:run_common:getVersions | 1 of 1 ✔
[3b/52b06f] min…eline:run_common:getParams | 1 of 1 ✔
[ca/a32121] min…:minimap (CHA-51-MGE-S131) | 23 of 23 ✔
[30/2478c8] min…entStats (HER-45-MGE-S127) | 6 of 23
[-        ] min…line:createAbundanceTables | 0 of 1
[-        ] minimap_pipeline:makeReport    -

executor >  local (56)
[79/451307] fastcat (19)                   | 23 of 23 ✔
[skipped  ] pre…s:download_unpack_taxonomy | 1 of 1, stored: 1 ✔
[skipped  ] pre…wnload_reference_ref2taxid | 1 of 1, stored: 1 ✔
[32/21d7fd] min…ine:run_common:getVersions | 1 of 1 ✔
[3b/52b06f] min…eline:run_common:getParams | 1 of 1 ✔
[ca/a32121] min…:minimap (CHA-51-MGE-S131) | 23 of 23 ✔
[f6/4b5eb7] min…entStats (GIN-47-MGE-S133) | 7 of 23
[-        ] min…line:createAbundanceTables | 0 of 1
[-        ] minimap_pipeline:makeReport    -

executor >  local (57)
[79/451307] fastcat (19)                   | 23 of 23 ✔
[skipped  ] pre…s:download_unpack_taxonomy | 1 of 1, stored: 1 ✔
[skipped  ] pre…wnload_reference_ref2taxid | 1 of 1, stored: 1 ✔
[32/21d7fd] min…ine:run_common:getVersions | 1 of 1 ✔
[3b/52b06f] min…eline:run_common:getParams | 1 of 1 ✔
[ca/a32121] min…:minimap (CHA-51-MGE-S131) | 23 of 23 ✔
[b5/463f29] min…entStats (JOA-51-MGE-S119) | 8 of 23
[-        ] min…line:createAbundanceTables | 0 of 1
[-        ] minimap_pipeline:makeReport    -

executor >  local (58)
[79/451307] fastcat (19)                   | 23 of 23 ✔
[skipped  ] pre…s:download_unpack_taxonomy | 1 of 1, stored: 1 ✔
[skipped  ] pre…wnload_reference_ref2taxid | 1 of 1, stored: 1 ✔
[32/21d7fd] min…ine:run_common:getVersions | 1 of 1 ✔
[3b/52b06f] min…eline:run_common:getParams | 1 of 1 ✔
[ca/a32121] min…:minimap (CHA-51-MGE-S131) | 23 of 23 ✔
[b5/463f29] min…entStats (JOA-51-MGE-S119) | 9 of 23
[-        ] min…line:createAbundanceTables | 0 of 1
[-        ] minimap_pipeline:makeReport    -

executor >  local (59)
[79/451307] fastcat (19)                   | 23 of 23 ✔
[skipped  ] pre…s:download_unpack_taxonomy | 1 of 1, stored: 1 ✔
[skipped  ] pre…wnload_reference_ref2taxid | 1 of 1, stored: 1 ✔
[32/21d7fd] min…ine:run_common:getVersions | 1 of 1 ✔
[3b/52b06f] min…eline:run_common:getParams | 1 of 1 ✔
[ca/a32121] min…:minimap (CHA-51-MGE-S131) | 23 of 23 ✔
[60/316c17] min…entStats (CHA-49-MGE-S116) | 10 of 23
[-        ] min…line:createAbundanceTables | 0 of 1
[-        ] minimap_pipeline:makeReport    -

executor >  local (60)
[79/451307] fastcat (19)                   | 23 of 23 ✔
[skipped  ] pre…s:download_unpack_taxonomy | 1 of 1, stored: 1 ✔
[skipped  ] pre…wnload_reference_ref2taxid | 1 of 1, stored: 1 ✔
[32/21d7fd] min…ine:run_common:getVersions | 1 of 1 ✔
[3b/52b06f] min…eline:run_common:getParams | 1 of 1 ✔
[ca/a32121] min…:minimap (CHA-51-MGE-S131) | 23 of 23 ✔
[89/aa1799] min…entStats (FRA-22-MGE-S138) | 11 of 23
[-        ] min…line:createAbundanceTables | 0 of 1
[-        ] minimap_pipeline:makeReport    -

executor >  local (61)
[79/451307] fastcat (19)                   | 23 of 23 ✔
[skipped  ] pre…s:download_unpack_taxonomy | 1 of 1, stored: 1 ✔
[skipped  ] pre…wnload_reference_ref2taxid | 1 of 1, stored: 1 ✔
[32/21d7fd] min…ine:run_common:getVersions | 1 of 1 ✔
[3b/52b06f] min…eline:run_common:getParams | 1 of 1 ✔
[ca/a32121] min…:minimap (CHA-51-MGE-S131) | 23 of 23 ✔
[89/aa1799] min…entStats (FRA-22-MGE-S138) | 12 of 23
[-        ] min…line:createAbundanceTables | 0 of 1
[-        ] minimap_pipeline:makeReport    -

executor >  local (61)
[79/451307] fastcat (19)                   | 23 of 23 ✔
[skipped  ] pre…s:download_unpack_taxonomy | 1 of 1, stored: 1 ✔
[skipped  ] pre…wnload_reference_ref2taxid | 1 of 1, stored: 1 ✔
[32/21d7fd] min…ine:run_common:getVersions | 1 of 1 ✔
[3b/52b06f] min…eline:run_common:getParams | 1 of 1 ✔
[ca/a32121] min…:minimap (CHA-51-MGE-S131) | 23 of 23 ✔
[89/aa1799] min…entStats (FRA-22-MGE-S138) | 12 of 23
[-        ] min…line:createAbundanceTables | 0 of 1
[-        ] minimap_pipeline:makeReport    -

executor >  local (62)
[79/451307] fastcat (19)                   | 23 of 23 ✔
[skipped  ] pre…s:download_unpack_taxonomy | 1 of 1, stored: 1 ✔
[skipped  ] pre…wnload_reference_ref2taxid | 1 of 1, stored: 1 ✔
[32/21d7fd] min…ine:run_common:getVersions | 1 of 1 ✔
[3b/52b06f] min…eline:run_common:getParams | 1 of 1 ✔
[ca/a32121] min…:minimap (CHA-51-MGE-S131) | 23 of 23 ✔
[cf/c82001] min…entStats (JOA-44-MGE-S122) | 13 of 23
[-        ] min…line:createAbundanceTables | 0 of 1
[-        ] minimap_pipeline:makeReport    -

executor >  local (62)
[79/451307] fastcat (19)                   | 23 of 23 ✔
[skipped  ] pre…s:download_unpack_taxonomy | 1 of 1, stored: 1 ✔
[skipped  ] pre…wnload_reference_ref2taxid | 1 of 1, stored: 1 ✔
[32/21d7fd] min…ine:run_common:getVersions | 1 of 1 ✔
[3b/52b06f] min…eline:run_common:getParams | 1 of 1 ✔
[ca/a32121] min…:minimap (CHA-51-MGE-S131) | 23 of 23 ✔
[cf/c82001] min…entStats (JOA-44-MGE-S122) | 13 of 23
[-        ] min…line:createAbundanceTables | 0 of 1
[-        ] minimap_pipeline:makeReport    -

executor >  local (63)
[79/451307] fastcat (19)                   | 23 of 23 ✔
[skipped  ] pre…s:download_unpack_taxonomy | 1 of 1, stored: 1 ✔
[skipped  ] pre…wnload_reference_ref2taxid | 1 of 1, stored: 1 ✔
[32/21d7fd] min…ine:run_common:getVersions | 1 of 1 ✔
[3b/52b06f] min…eline:run_common:getParams | 1 of 1 ✔
[ca/a32121] min…:minimap (CHA-51-MGE-S131) | 23 of 23 ✔
[b9/df85ab] min…entStats (FRA-49-MGE-S125) | 14 of 23
[-        ] min…line:createAbundanceTables | 0 of 1
[-        ] minimap_pipeline:makeReport    -

executor >  local (63)
[79/451307] fastcat (19)                   | 23 of 23 ✔
[skipped  ] pre…s:download_unpack_taxonomy | 1 of 1, stored: 1 ✔
[skipped  ] pre…wnload_reference_ref2taxid | 1 of 1, stored: 1 ✔
[32/21d7fd] min…ine:run_common:getVersions | 1 of 1 ✔
[3b/52b06f] min…eline:run_common:getParams | 1 of 1 ✔
[ca/a32121] min…:minimap (CHA-51-MGE-S131) | 23 of 23 ✔
[b9/df85ab] min…entStats (FRA-49-MGE-S125) | 14 of 23
[-        ] min…line:createAbundanceTables | 0 of 1
[-        ] minimap_pipeline:makeReport    -

executor >  local (64)
[79/451307] fastcat (19)                   | 23 of 23 ✔
[skipped  ] pre…s:download_unpack_taxonomy | 1 of 1, stored: 1 ✔
[skipped  ] pre…wnload_reference_ref2taxid | 1 of 1, stored: 1 ✔
[32/21d7fd] min…ine:run_common:getVersions | 1 of 1 ✔
[3b/52b06f] min…eline:run_common:getParams | 1 of 1 ✔
[ca/a32121] min…:minimap (CHA-51-MGE-S131) | 23 of 23 ✔
[aa/721037] min…entStats (IVY-46-MGE-S123) | 15 of 23
[-        ] min…line:createAbundanceTables | 0 of 1
[-        ] minimap_pipeline:makeReport    -

executor >  local (65)
[79/451307] fastcat (19)                   | 23 of 23 ✔
[skipped  ] pre…s:download_unpack_taxonomy | 1 of 1, stored: 1 ✔
[skipped  ] pre…wnload_reference_ref2taxid | 1 of 1, stored: 1 ✔
[32/21d7fd] min…ine:run_common:getVersions | 1 of 1 ✔
[3b/52b06f] min…eline:run_common:getParams | 1 of 1 ✔
[ca/a32121] min…:minimap (CHA-51-MGE-S131) | 23 of 23 ✔
[85/67c5a5] min…entStats (JOA-62-MGE-S137) | 16 of 23
[-        ] min…line:createAbundanceTables | 0 of 1
[-        ] minimap_pipeline:makeReport    -

executor >  local (65)
[79/451307] fastcat (19)                   | 23 of 23 ✔
[skipped  ] pre…s:download_unpack_taxonomy | 1 of 1, stored: 1 ✔
[skipped  ] pre…wnload_reference_ref2taxid | 1 of 1, stored: 1 ✔
[32/21d7fd] min…ine:run_common:getVersions | 1 of 1 ✔
[3b/52b06f] min…eline:run_common:getParams | 1 of 1 ✔
[ca/a32121] min…:minimap (CHA-51-MGE-S131) | 23 of 23 ✔
[85/67c5a5] min…entStats (JOA-62-MGE-S137) | 16 of 23
[-        ] min…line:createAbundanceTables | 0 of 1
[-        ] minimap_pipeline:makeReport    -

executor >  local (66)
[79/451307] fastcat (19)                   | 23 of 23 ✔
[skipped  ] pre…s:download_unpack_taxonomy | 1 of 1, stored: 1 ✔
[skipped  ] pre…wnload_reference_ref2taxid | 1 of 1, stored: 1 ✔
[32/21d7fd] min…ine:run_common:getVersions | 1 of 1 ✔
[3b/52b06f] min…eline:run_common:getParams | 1 of 1 ✔
[ca/a32121] min…:minimap (CHA-51-MGE-S131) | 23 of 23 ✔
[f8/6c80d9] min…entStats (GOO-44-MGE-S121) | 17 of 23
[-        ] min…line:createAbundanceTables | 0 of 1
[-        ] minimap_pipeline:makeReport    -

executor >  local (67)
[79/451307] fastcat (19)                   | 23 of 23 ✔
[skipped  ] pre…s:download_unpack_taxonomy | 1 of 1, stored: 1 ✔
[skipped  ] pre…wnload_reference_ref2taxid | 1 of 1, stored: 1 ✔
[32/21d7fd] min…ine:run_common:getVersions | 1 of 1 ✔
[3b/52b06f] min…eline:run_common:getParams | 1 of 1 ✔
[ca/a32121] min…:minimap (CHA-51-MGE-S131) | 23 of 23 ✔
[59/06d49b] min…entStats (BUD-50-MGE-S118) | 18 of 23
[-        ] min…line:createAbundanceTables | 0 of 1
[-        ] minimap_pipeline:makeReport    -

executor >  local (67)
[79/451307] fastcat (19)                   | 23 of 23 ✔
[skipped  ] pre…s:download_unpack_taxonomy | 1 of 1, stored: 1 ✔
[skipped  ] pre…wnload_reference_ref2taxid | 1 of 1, stored: 1 ✔
[32/21d7fd] min…ine:run_common:getVersions | 1 of 1 ✔
[3b/52b06f] min…eline:run_common:getParams | 1 of 1 ✔
[ca/a32121] min…:minimap (CHA-51-MGE-S131) | 23 of 23 ✔
[59/06d49b] min…entStats (BUD-50-MGE-S118) | 18 of 23
[-        ] min…line:createAbundanceTables | 0 of 1
[-        ] minimap_pipeline:makeReport    -

executor >  local (68)
[79/451307] fastcat (19)                   | 23 of 23 ✔
[skipped  ] pre…s:download_unpack_taxonomy | 1 of 1, stored: 1 ✔
[skipped  ] pre…wnload_reference_ref2taxid | 1 of 1, stored: 1 ✔
[32/21d7fd] min…ine:run_common:getVersions | 1 of 1 ✔
[3b/52b06f] min…eline:run_common:getParams | 1 of 1 ✔
[ca/a32121] min…:minimap (CHA-51-MGE-S131) | 23 of 23 ✔
[59/06d49b] min…entStats (BUD-50-MGE-S118) | 19 of 23
[-        ] min…line:createAbundanceTables | 0 of 1
[-        ] minimap_pipeline:makeReport    -

executor >  local (68)
[79/451307] fastcat (19)                   | 23 of 23 ✔
[skipped  ] pre…s:download_unpack_taxonomy | 1 of 1, stored: 1 ✔
[skipped  ] pre…wnload_reference_ref2taxid | 1 of 1, stored: 1 ✔
[32/21d7fd] min…ine:run_common:getVersions | 1 of 1 ✔
[3b/52b06f] min…eline:run_common:getParams | 1 of 1 ✔
[ca/a32121] min…:minimap (CHA-51-MGE-S131) | 23 of 23 ✔
[59/06d49b] min…entStats (BUD-50-MGE-S118) | 19 of 23
[-        ] min…line:createAbundanceTables | 0 of 1
[-        ] minimap_pipeline:makeReport    -

executor >  local (69)
[79/451307] fastcat (19)                   | 23 of 23 ✔
[skipped  ] pre…s:download_unpack_taxonomy | 1 of 1, stored: 1 ✔
[skipped  ] pre…wnload_reference_ref2taxid | 1 of 1, stored: 1 ✔
[32/21d7fd] min…ine:run_common:getVersions | 1 of 1 ✔
[3b/52b06f] min…eline:run_common:getParams | 1 of 1 ✔
[ca/a32121] min…:minimap (CHA-51-MGE-S131) | 23 of 23 ✔
[89/05db99] min…entStats (LAM-37-MGE-S120) | 20 of 23
[-        ] min…line:createAbundanceTables | 0 of 1
[-        ] minimap_pipeline:makeReport    -

executor >  local (69)
[79/451307] fastcat (19)                   | 23 of 23 ✔
[skipped  ] pre…s:download_unpack_taxonomy | 1 of 1, stored: 1 ✔
[skipped  ] pre…wnload_reference_ref2taxid | 1 of 1, stored: 1 ✔
[32/21d7fd] min…ine:run_common:getVersions | 1 of 1 ✔
[3b/52b06f] min…eline:run_common:getParams | 1 of 1 ✔
[ca/a32121] min…:minimap (CHA-51-MGE-S131) | 23 of 23 ✔
[89/05db99] min…entStats (LAM-37-MGE-S120) | 20 of 23
[-        ] min…line:createAbundanceTables | 0 of 1
[-        ] minimap_pipeline:makeReport    -

executor >  local (70)
[79/451307] fastcat (19)                   | 23 of 23 ✔
[skipped  ] pre…s:download_unpack_taxonomy | 1 of 1, stored: 1 ✔
[skipped  ] pre…wnload_reference_ref2taxid | 1 of 1, stored: 1 ✔
[32/21d7fd] min…ine:run_common:getVersions | 1 of 1 ✔
[3b/52b06f] min…eline:run_common:getParams | 1 of 1 ✔
[ca/a32121] min…:minimap (CHA-51-MGE-S131) | 23 of 23 ✔
[89/05db99] min…entStats (LAM-37-MGE-S120) | 21 of 23
[-        ] min…line:createAbundanceTables | 0 of 1
[-        ] minimap_pipeline:makeReport    -

executor >  local (71)
[79/451307] fastcat (19)                   | 23 of 23 ✔
[skipped  ] pre…s:download_unpack_taxonomy | 1 of 1, stored: 1 ✔
[skipped  ] pre…wnload_reference_ref2taxid | 1 of 1, stored: 1 ✔
[32/21d7fd] min…ine:run_common:getVersions | 1 of 1 ✔
[3b/52b06f] min…eline:run_common:getParams | 1 of 1 ✔
[ca/a32121] min…:minimap (CHA-51-MGE-S131) | 23 of 23 ✔
[1f/2e435a] min…entStats (KUB-30-MGE-S132) | 22 of 23
[-        ] min…line:createAbundanceTables | 0 of 1
[-        ] minimap_pipeline:makeReport    -

executor >  local (72)
[79/451307] fastcat (19)                   | 23 of 23 ✔
[skipped  ] pre…s:download_unpack_taxonomy | 1 of 1, stored: 1 ✔
[skipped  ] pre…wnload_reference_ref2taxid | 1 of 1, stored: 1 ✔
[32/21d7fd] min…ine:run_common:getVersions | 1 of 1 ✔
[3b/52b06f] min…eline:run_common:getParams | 1 of 1 ✔
[ca/a32121] min…:minimap (CHA-51-MGE-S131) | 23 of 23 ✔
[ab/5ee2b7] min…entStats (CHA-51-MGE-S131) | 23 of 23 ✔
[68/55da06] min…line:createAbundanceTables | 0 of 1
[-        ] minimap_pipeline:makeReport    -

executor >  local (72)
[79/451307] fastcat (19)                   | 23 of 23 ✔
[skipped  ] pre…s:download_unpack_taxonomy | 1 of 1, stored: 1 ✔
[skipped  ] pre…wnload_reference_ref2taxid | 1 of 1, stored: 1 ✔
[32/21d7fd] min…ine:run_common:getVersions | 1 of 1 ✔
[3b/52b06f] min…eline:run_common:getParams | 1 of 1 ✔
[ca/a32121] min…:minimap (CHA-51-MGE-S131) | 23 of 23 ✔
[ab/5ee2b7] min…entStats (CHA-51-MGE-S131) | 23 of 23 ✔
[68/55da06] min…line:createAbundanceTables | 1 of 1 ✔
[-        ] minimap_pipeline:makeReport    -

executor >  local (72)
[79/451307] fastcat (19)                   | 23 of 23 ✔
[skipped  ] pre…s:download_unpack_taxonomy | 1 of 1, stored: 1 ✔
[skipped  ] pre…wnload_reference_ref2taxid | 1 of 1, stored: 1 ✔
[32/21d7fd] min…ine:run_common:getVersions | 1 of 1 ✔
[3b/52b06f] min…eline:run_common:getParams | 1 of 1 ✔
[ca/a32121] min…:minimap (CHA-51-MGE-S131) | 23 of 23 ✔
[ab/5ee2b7] min…entStats (CHA-51-MGE-S131) | 23 of 23 ✔
[68/55da06] min…line:createAbundanceTables | 1 of 1 ✔
[-        ] minimap_pipeline:makeReport    | 0 of 1

executor >  local (73)
[79/451307] fastcat (19)                   | 23 of 23 ✔
[skipped  ] pre…s:download_unpack_taxonomy | 1 of 1, stored: 1 ✔
[skipped  ] pre…wnload_reference_ref2taxid | 1 of 1, stored: 1 ✔
[32/21d7fd] min…ine:run_common:getVersions | 1 of 1 ✔
[3b/52b06f] min…eline:run_common:getParams | 1 of 1 ✔
[ca/a32121] min…:minimap (CHA-51-MGE-S131) | 23 of 23 ✔
[ab/5ee2b7] min…entStats (CHA-51-MGE-S131) | 23 of 23 ✔
[68/55da06] min…line:createAbundanceTables | 1 of 1 ✔
[3e/6cf096] min…ap_pipeline:makeReport (1) | 0 of 1

executor >  local (73)
[79/451307] fastcat (19)                   | 23 of 23 ✔
[skipped  ] pre…s:download_unpack_taxonomy | 1 of 1, stored: 1 ✔
[skipped  ] pre…wnload_reference_ref2taxid | 1 of 1, stored: 1 ✔
[32/21d7fd] min…ine:run_common:getVersions | 1 of 1 ✔
[3b/52b06f] min…eline:run_common:getParams | 1 of 1 ✔
[ca/a32121] min…:minimap (CHA-51-MGE-S131) | 23 of 23 ✔
[ab/5ee2b7] min…entStats (CHA-51-MGE-S131) | 23 of 23 ✔
[68/55da06] min…line:createAbundanceTables | 1 of 1 ✔
[3e/6cf096] min…ap_pipeline:makeReport (1) | 1 of 1 ✔

executor >  local (73)
[79/451307] fastcat (19)                   | 23 of 23 ✔
[skipped  ] pre…s:download_unpack_taxonomy | 1 of 1, stored: 1 ✔
[skipped  ] pre…wnload_reference_ref2taxid | 1 of 1, stored: 1 ✔
[32/21d7fd] min…ine:run_common:getVersions | 1 of 1 ✔
[3b/52b06f] min…eline:run_common:getParams | 1 of 1 ✔
[ca/a32121] min…:minimap (CHA-51-MGE-S131) | 23 of 23 ✔
[ab/5ee2b7] min…entStats (CHA-51-MGE-S131) | 23 of 23 ✔
[68/55da06] min…line:createAbundanceTables | 1 of 1 ✔
[3e/6cf096] min…ap_pipeline:makeReport (1) | 1 of 1 ✔
Completed at: 24-Mar-2025 13:18:38
Duration    : 14m 38s
CPU hours   : 4.0
Succeeded   : 73


